#
# There is insufficient memory for the Java Runtime Environment to continue.
# Native memory allocation (malloc) failed to allocate 2142992 bytes. Error detail: Chunk::new
# Possible reasons:
#   The system is out of physical RAM or swap space
#   This process is running with CompressedOops enabled, and the Java Heap may be blocking the growth of the native heap
# Possible solutions:
#   Reduce memory load on the system
#   Increase physical memory or swap space
#   Check if swap backing store is full
#   Decrease Java heap size (-Xmx/-Xms)
#   Decrease number of Java threads
#   Decrease Java thread stack sizes (-Xss)
#   Set larger code cache with -XX:ReservedCodeCacheSize=
#   JVM is running with Unscaled Compressed Oops mode in which the Java heap is
#     placed in the first 4GB address space. The Java Heap base address is the
#     maximum limit for the native heap growth. Please use -XX:HeapBaseMinAddress
#     to set the Java Heap base and to place the Java Heap above 4GB virtual address.
# This output file may be truncated or incomplete.
#
#  Out of Memory Error (arena.cpp:191), pid=33616, tid=18516
#
# JRE version: OpenJDK Runtime Environment Zulu17.54+21-CA (17.0.13+11) (build 17.0.13+11-LTS)
# Java VM: OpenJDK 64-Bit Server VM Zulu17.54+21-CA (17.0.13+11-LTS, mixed mode, sharing, tiered, compressed oops, compressed class ptrs, g1 gc, windows-amd64)
# No core dump will be written. Minidumps are not enabled by default on client versions of Windows
#

---------------  S U M M A R Y ------------

Command Line: --add-opens=java.base/java.lang=ALL-UNNAMED --add-opens=java.base/java.lang.invoke=ALL-UNNAMED --add-opens=java.base/java.util=ALL-UNNAMED --add-opens=java.prefs/java.util.prefs=ALL-UNNAMED --add-exports=jdk.compiler/com.sun.tools.javac.api=ALL-UNNAMED --add-exports=jdk.compiler/com.sun.tools.javac.util=ALL-UNNAMED --add-opens=java.base/java.util=ALL-UNNAMED --add-opens=java.prefs/java.util.prefs=ALL-UNNAMED --add-opens=java.base/java.nio.charset=ALL-UNNAMED --add-opens=java.base/java.net=ALL-UNNAMED --add-opens=java.base/java.util.concurrent.atomic=ALL-UNNAMED --add-opens=java.xml/javax.xml.namespace=ALL-UNNAMED -XX:MaxMetaspaceSize=384m -XX:+HeapDumpOnOutOfMemoryError -Xms256m -Xmx512m -Dfile.encoding=UTF-8 -Duser.country=CO -Duser.language=es -Duser.variant -javaagent:C:\Users\USER\.gradle\wrapper\dists\gradle-8.14.2-bin\2pb3mgt1p815evrl3weanttgr\gradle-8.14.2\lib\agents\gradle-instrumentation-agent-8.14.2.jar org.gradle.launcher.daemon.bootstrap.GradleDaemon 8.14.2

Host: AMD Ryzen 7 5700G with Radeon Graphics         , 16 cores, 27G,  Windows 11 , 64 bit Build 26100 (10.0.26100.4202)
Time: Wed Jul  2 20:46:30 2025 Hora est. Pacífico, Sudamérica elapsed time: 7.028764 seconds (0d 0h 0m 7s)

---------------  T H R E A D  ---------------

Current thread (0x000002b94d34e780):  JavaThread "C2 CompilerThread0" daemon [_thread_in_native, id=18516, stack(0x000000e6e1e00000,0x000000e6e1f00000)]


Current CompileTask:
C2:   7028 2464       4       jdk.internal.org.objectweb.asm.Frame::execute (2305 bytes)

Stack: [0x000000e6e1e00000,0x000000e6e1f00000]
Native frames: (J=compiled Java code, j=interpreted, Vv=VM code, C=native code)
V  [jvm.dll+0x685369]
V  [jvm.dll+0x83d20a]
V  [jvm.dll+0x83ecce]
V  [jvm.dll+0x83f333]
V  [jvm.dll+0x24c09f]
V  [jvm.dll+0xac9f4]
V  [jvm.dll+0xad03c]
V  [jvm.dll+0x36be77]
V  [jvm.dll+0x335a2a]
V  [jvm.dll+0x334eca]
V  [jvm.dll+0x21acf1]
V  [jvm.dll+0x21a131]
V  [jvm.dll+0x1a5bbd]
V  [jvm.dll+0x229e9e]
V  [jvm.dll+0x22801c]
V  [jvm.dll+0x7f20d7]
V  [jvm.dll+0x7ec49c]
V  [jvm.dll+0x684237]
C  [ucrtbase.dll+0x37b0]
C  [KERNEL32.DLL+0x2e8d7]
C  [ntdll.dll+0x3c34c]


---------------  P R O C E S S  ---------------

Threads class SMR info:
_java_thread_list=0x000002b9690e7660, length=23, elements={
0x000002b92fcbd5b0, 0x000002b94d335330, 0x000002b94d339c20, 0x000002b94d34c0d0,
0x000002b94d34c9b0, 0x000002b94d34d290, 0x000002b94d34db70, 0x000002b94d34e780,
0x000002b94d3535b0, 0x000002b94d353ed0, 0x000002b94d321cc0, 0x000002b94d3226a0,
0x000002b94d755950, 0x000002b96814f180, 0x000002b968f705d0, 0x000002b9690084a0,
0x000002b969085050, 0x000002b9690af8e0, 0x000002b9690b0300, 0x000002b9690afdf0,
0x000002b9690aeec0, 0x000002b9690af3d0, 0x000002b9690adf90
}

Java Threads: ( => current thread )
  0x000002b92fcbd5b0 JavaThread "main" [_thread_blocked, id=33052, stack(0x000000e6e1100000,0x000000e6e1200000)]
  0x000002b94d335330 JavaThread "Reference Handler" daemon [_thread_blocked, id=33116, stack(0x000000e6e1800000,0x000000e6e1900000)]
  0x000002b94d339c20 JavaThread "Finalizer" daemon [_thread_blocked, id=30448, stack(0x000000e6e1900000,0x000000e6e1a00000)]
  0x000002b94d34c0d0 JavaThread "Signal Dispatcher" daemon [_thread_blocked, id=27188, stack(0x000000e6e1a00000,0x000000e6e1b00000)]
  0x000002b94d34c9b0 JavaThread "Attach Listener" daemon [_thread_blocked, id=22912, stack(0x000000e6e1b00000,0x000000e6e1c00000)]
  0x000002b94d34d290 JavaThread "Service Thread" daemon [_thread_blocked, id=32200, stack(0x000000e6e1c00000,0x000000e6e1d00000)]
  0x000002b94d34db70 JavaThread "Monitor Deflation Thread" daemon [_thread_blocked, id=33256, stack(0x000000e6e1d00000,0x000000e6e1e00000)]
=>0x000002b94d34e780 JavaThread "C2 CompilerThread0" daemon [_thread_in_native, id=18516, stack(0x000000e6e1e00000,0x000000e6e1f00000)]
  0x000002b94d3535b0 JavaThread "C1 CompilerThread0" daemon [_thread_blocked, id=32784, stack(0x000000e6e1f00000,0x000000e6e2000000)]
  0x000002b94d353ed0 JavaThread "Sweeper thread" daemon [_thread_blocked, id=32692, stack(0x000000e6e2000000,0x000000e6e2100000)]
  0x000002b94d321cc0 JavaThread "Common-Cleaner" daemon [_thread_blocked, id=26852, stack(0x000000e6e2100000,0x000000e6e2200000)]
  0x000002b94d3226a0 JavaThread "C1 CompilerThread1" daemon [_thread_blocked, id=31876, stack(0x000000e6e2200000,0x000000e6e2300000)]
  0x000002b94d755950 JavaThread "Notification Thread" daemon [_thread_blocked, id=27012, stack(0x000000e6e2600000,0x000000e6e2700000)]
  0x000002b96814f180 JavaThread "Daemon health stats" [_thread_blocked, id=18608, stack(0x000000e6e2900000,0x000000e6e2a00000)]
  0x000002b968f705d0 JavaThread "Incoming local TCP Connector on port 62267" [_thread_in_native, id=30944, stack(0x000000e6e3200000,0x000000e6e3300000)]
  0x000002b9690084a0 JavaThread "Daemon periodic checks" [_thread_blocked, id=32464, stack(0x000000e6e3300000,0x000000e6e3400000)]
  0x000002b969085050 JavaThread "Daemon" [_thread_blocked, id=16456, stack(0x000000e6e3400000,0x000000e6e3500000)]
  0x000002b9690af8e0 JavaThread "Handler for socket connection from /127.0.0.1:62267 to /127.0.0.1:62268" [_thread_in_native, id=24648, stack(0x000000e6e3500000,0x000000e6e3600000)]
  0x000002b9690b0300 JavaThread "Cancel handler" [_thread_blocked, id=33224, stack(0x000000e6e2400000,0x000000e6e2500000)]
  0x000002b9690afdf0 JavaThread "Daemon worker" [_thread_in_vm, id=26692, stack(0x000000e6e2300000,0x000000e6e2400000)]
  0x000002b9690aeec0 JavaThread "Asynchronous log dispatcher for DefaultDaemonConnection: socket connection from /127.0.0.1:62267 to /127.0.0.1:62268" [_thread_blocked, id=32956, stack(0x000000e6e2500000,0x000000e6e2600000)]
  0x000002b9690af3d0 JavaThread "Stdin handler" [_thread_blocked, id=24716, stack(0x000000e6e2800000,0x000000e6e2900000)]
  0x000002b9690adf90 JavaThread "Daemon client event forwarder" [_thread_blocked, id=33720, stack(0x000000e6e2f00000,0x000000e6e3000000)]

Other Threads:
  0x000002b94d331330 VMThread "VM Thread" [stack: 0x000000e6e1700000,0x000000e6e1800000] [id=32188]
  0x000002b92fcbe350 WatcherThread [stack: 0x000000e6e2700000,0x000000e6e2800000] [id=28224]
  0x000002b92fced460 GCTaskThread "GC Thread#0" [stack: 0x000000e6e1200000,0x000000e6e1300000] [id=29368]
  0x000002b967217a60 GCTaskThread "GC Thread#1" [stack: 0x000000e6e2a00000,0x000000e6e2b00000] [id=28736]
  0x000002b9672d4660 GCTaskThread "GC Thread#2" [stack: 0x000000e6e2b00000,0x000000e6e2c00000] [id=23556]
  0x000002b9672d4930 GCTaskThread "GC Thread#3" [stack: 0x000000e6e2c00000,0x000000e6e2d00000] [id=32832]
  0x000002b9672d4c00 GCTaskThread "GC Thread#4" [stack: 0x000000e6e2d00000,0x000000e6e2e00000] [id=31560]
  0x000002b9672d40c0 GCTaskThread "GC Thread#5" [stack: 0x000000e6e2e00000,0x000000e6e2f00000] [id=25132]
  0x000002b9672d4390 GCTaskThread "GC Thread#6" [stack: 0x000000e6e3000000,0x000000e6e3100000] [id=33384]
  0x000002b968f65b30 GCTaskThread "GC Thread#7" [stack: 0x000000e6e3100000,0x000000e6e3200000] [id=33060]
  0x000002b92fcf22d0 ConcurrentGCThread "G1 Main Marker" [stack: 0x000000e6e1300000,0x000000e6e1400000] [id=26972]
  0x000002b92fb6ab40 ConcurrentGCThread "G1 Conc#0" [stack: 0x000000e6e1400000,0x000000e6e1500000] [id=26248]
  0x000002b92fd6e020 ConcurrentGCThread "G1 Refine#0" [stack: 0x000000e6e1500000,0x000000e6e1600000] [id=32632]
  0x000002b92fd6e710 ConcurrentGCThread "G1 Service" [stack: 0x000000e6e1600000,0x000000e6e1700000] [id=21172]

Threads with active compile tasks:
C2 CompilerThread0     7059 2464       4       jdk.internal.org.objectweb.asm.Frame::execute (2305 bytes)

VM state: not at safepoint (normal execution)

VM Mutex/Monitor currently owned by a thread: None

Heap address: 0x00000000e0000000, size: 512 MB, Compressed Oops mode: 32-bit

CDS archive(s) mapped at: [0x000002b94e000000-0x000002b94ebd0000-0x000002b94ebd0000), size 12386304, SharedBaseAddress: 0x000002b94e000000, ArchiveRelocationMode: 1.
Compressed class space mapped at: 0x000002b94f000000-0x000002b963000000, reserved size: 335544320
Narrow klass base: 0x000002b94e000000, Narrow klass shift: 0, Narrow klass range: 0x100000000

GC Precious Log:
 CPUs: 16 total, 16 available
 Memory: 28565M
 Large Page Support: Disabled
 NUMA Support: Disabled
 Compressed Oops: Enabled (32-bit)
 Heap Region Size: 1M
 Heap Min Capacity: 256M
 Heap Initial Capacity: 256M
 Heap Max Capacity: 512M
 Pre-touch: Disabled
 Parallel Workers: 13
 Concurrent Workers: 3
 Concurrent Refinement Workers: 13
 Periodic GC: Disabled

Heap:
 garbage-first heap   total 262144K, used 57742K [0x00000000e0000000, 0x0000000100000000)
  region size 1024K, 49 young (50176K), 9 survivors (9216K)
 Metaspace       used 14814K, committed 15104K, reserved 393216K
  class space    used 2029K, committed 2176K, reserved 327680K

Heap Regions: E=young(eden), S=young(survivor), O=old, HS=humongous(starts), HC=humongous(continues), CS=collection set, F=free, OA=open archive, CA=closed archive, TAMS=top-at-mark-start (previous, next)
|   0|0x00000000e0000000, 0x00000000e0100000, 0x00000000e0100000|100%|HS|  |TAMS 0x00000000e0000000, 0x00000000e0000000| Complete 
|   1|0x00000000e0100000, 0x00000000e0200000, 0x00000000e0200000|100%|HC|  |TAMS 0x00000000e0100000, 0x00000000e0100000| Complete 
|   2|0x00000000e0200000, 0x00000000e0300000, 0x00000000e0300000|100%|HC|  |TAMS 0x00000000e0200000, 0x00000000e0200000| Complete 
|   3|0x00000000e0300000, 0x00000000e0400000, 0x00000000e0400000|100%| O|  |TAMS 0x00000000e0300000, 0x00000000e0300000| Untracked 
|   4|0x00000000e0400000, 0x00000000e0500000, 0x00000000e0500000|100%| O|  |TAMS 0x00000000e0400000, 0x00000000e0400000| Untracked 
|   5|0x00000000e0500000, 0x00000000e0600000, 0x00000000e0600000|100%| O|  |TAMS 0x00000000e0500000, 0x00000000e0500000| Untracked 
|   6|0x00000000e0600000, 0x00000000e0700000, 0x00000000e0700000|100%|HS|  |TAMS 0x00000000e0600000, 0x00000000e0600000| Complete 
|   7|0x00000000e0700000, 0x00000000e0700000, 0x00000000e0800000|  0%| F|  |TAMS 0x00000000e0700000, 0x00000000e0700000| Untracked 
|   8|0x00000000e0800000, 0x00000000e0900000, 0x00000000e0900000|100%| O|  |TAMS 0x00000000e0800000, 0x00000000e0800000| Untracked 
|   9|0x00000000e0900000, 0x00000000e0963a00, 0x00000000e0a00000| 38%| O|  |TAMS 0x00000000e0900000, 0x00000000e0900000| Untracked 
|  10|0x00000000e0a00000, 0x00000000e0a00000, 0x00000000e0b00000|  0%| F|  |TAMS 0x00000000e0a00000, 0x00000000e0a00000| Untracked 
|  11|0x00000000e0b00000, 0x00000000e0b00000, 0x00000000e0c00000|  0%| F|  |TAMS 0x00000000e0b00000, 0x00000000e0b00000| Untracked 
|  12|0x00000000e0c00000, 0x00000000e0c00000, 0x00000000e0d00000|  0%| F|  |TAMS 0x00000000e0c00000, 0x00000000e0c00000| Untracked 
|  13|0x00000000e0d00000, 0x00000000e0d00000, 0x00000000e0e00000|  0%| F|  |TAMS 0x00000000e0d00000, 0x00000000e0d00000| Untracked 
|  14|0x00000000e0e00000, 0x00000000e0e00000, 0x00000000e0f00000|  0%| F|  |TAMS 0x00000000e0e00000, 0x00000000e0e00000| Untracked 
|  15|0x00000000e0f00000, 0x00000000e0f00000, 0x00000000e1000000|  0%| F|  |TAMS 0x00000000e0f00000, 0x00000000e0f00000| Untracked 
|  16|0x00000000e1000000, 0x00000000e1000000, 0x00000000e1100000|  0%| F|  |TAMS 0x00000000e1000000, 0x00000000e1000000| Untracked 
|  17|0x00000000e1100000, 0x00000000e1100000, 0x00000000e1200000|  0%| F|  |TAMS 0x00000000e1100000, 0x00000000e1100000| Untracked 
|  18|0x00000000e1200000, 0x00000000e1200000, 0x00000000e1300000|  0%| F|  |TAMS 0x00000000e1200000, 0x00000000e1200000| Untracked 
|  19|0x00000000e1300000, 0x00000000e1300000, 0x00000000e1400000|  0%| F|  |TAMS 0x00000000e1300000, 0x00000000e1300000| Untracked 
|  20|0x00000000e1400000, 0x00000000e1400000, 0x00000000e1500000|  0%| F|  |TAMS 0x00000000e1400000, 0x00000000e1400000| Untracked 
|  21|0x00000000e1500000, 0x00000000e1500000, 0x00000000e1600000|  0%| F|  |TAMS 0x00000000e1500000, 0x00000000e1500000| Untracked 
|  22|0x00000000e1600000, 0x00000000e1600000, 0x00000000e1700000|  0%| F|  |TAMS 0x00000000e1600000, 0x00000000e1600000| Untracked 
|  23|0x00000000e1700000, 0x00000000e1700000, 0x00000000e1800000|  0%| F|  |TAMS 0x00000000e1700000, 0x00000000e1700000| Untracked 
|  24|0x00000000e1800000, 0x00000000e1800000, 0x00000000e1900000|  0%| F|  |TAMS 0x00000000e1800000, 0x00000000e1800000| Untracked 
|  25|0x00000000e1900000, 0x00000000e1900000, 0x00000000e1a00000|  0%| F|  |TAMS 0x00000000e1900000, 0x00000000e1900000| Untracked 
|  26|0x00000000e1a00000, 0x00000000e1a00000, 0x00000000e1b00000|  0%| F|  |TAMS 0x00000000e1a00000, 0x00000000e1a00000| Untracked 
|  27|0x00000000e1b00000, 0x00000000e1b00000, 0x00000000e1c00000|  0%| F|  |TAMS 0x00000000e1b00000, 0x00000000e1b00000| Untracked 
|  28|0x00000000e1c00000, 0x00000000e1c00000, 0x00000000e1d00000|  0%| F|  |TAMS 0x00000000e1c00000, 0x00000000e1c00000| Untracked 
|  29|0x00000000e1d00000, 0x00000000e1d00000, 0x00000000e1e00000|  0%| F|  |TAMS 0x00000000e1d00000, 0x00000000e1d00000| Untracked 
|  30|0x00000000e1e00000, 0x00000000e1e00000, 0x00000000e1f00000|  0%| F|  |TAMS 0x00000000e1e00000, 0x00000000e1e00000| Untracked 
|  31|0x00000000e1f00000, 0x00000000e1f00000, 0x00000000e2000000|  0%| F|  |TAMS 0x00000000e1f00000, 0x00000000e1f00000| Untracked 
|  32|0x00000000e2000000, 0x00000000e2000000, 0x00000000e2100000|  0%| F|  |TAMS 0x00000000e2000000, 0x00000000e2000000| Untracked 
|  33|0x00000000e2100000, 0x00000000e2100000, 0x00000000e2200000|  0%| F|  |TAMS 0x00000000e2100000, 0x00000000e2100000| Untracked 
|  34|0x00000000e2200000, 0x00000000e2200000, 0x00000000e2300000|  0%| F|  |TAMS 0x00000000e2200000, 0x00000000e2200000| Untracked 
|  35|0x00000000e2300000, 0x00000000e2300000, 0x00000000e2400000|  0%| F|  |TAMS 0x00000000e2300000, 0x00000000e2300000| Untracked 
|  36|0x00000000e2400000, 0x00000000e2400000, 0x00000000e2500000|  0%| F|  |TAMS 0x00000000e2400000, 0x00000000e2400000| Untracked 
|  37|0x00000000e2500000, 0x00000000e2500000, 0x00000000e2600000|  0%| F|  |TAMS 0x00000000e2500000, 0x00000000e2500000| Untracked 
|  38|0x00000000e2600000, 0x00000000e2600000, 0x00000000e2700000|  0%| F|  |TAMS 0x00000000e2600000, 0x00000000e2600000| Untracked 
|  39|0x00000000e2700000, 0x00000000e2700000, 0x00000000e2800000|  0%| F|  |TAMS 0x00000000e2700000, 0x00000000e2700000| Untracked 
|  40|0x00000000e2800000, 0x00000000e2800000, 0x00000000e2900000|  0%| F|  |TAMS 0x00000000e2800000, 0x00000000e2800000| Untracked 
|  41|0x00000000e2900000, 0x00000000e2900000, 0x00000000e2a00000|  0%| F|  |TAMS 0x00000000e2900000, 0x00000000e2900000| Untracked 
|  42|0x00000000e2a00000, 0x00000000e2a00000, 0x00000000e2b00000|  0%| F|  |TAMS 0x00000000e2a00000, 0x00000000e2a00000| Untracked 
|  43|0x00000000e2b00000, 0x00000000e2b00000, 0x00000000e2c00000|  0%| F|  |TAMS 0x00000000e2b00000, 0x00000000e2b00000| Untracked 
|  44|0x00000000e2c00000, 0x00000000e2c00000, 0x00000000e2d00000|  0%| F|  |TAMS 0x00000000e2c00000, 0x00000000e2c00000| Untracked 
|  45|0x00000000e2d00000, 0x00000000e2d00000, 0x00000000e2e00000|  0%| F|  |TAMS 0x00000000e2d00000, 0x00000000e2d00000| Untracked 
|  46|0x00000000e2e00000, 0x00000000e2e00000, 0x00000000e2f00000|  0%| F|  |TAMS 0x00000000e2e00000, 0x00000000e2e00000| Untracked 
|  47|0x00000000e2f00000, 0x00000000e2f00000, 0x00000000e3000000|  0%| F|  |TAMS 0x00000000e2f00000, 0x00000000e2f00000| Untracked 
|  48|0x00000000e3000000, 0x00000000e3000000, 0x00000000e3100000|  0%| F|  |TAMS 0x00000000e3000000, 0x00000000e3000000| Untracked 
|  49|0x00000000e3100000, 0x00000000e3100000, 0x00000000e3200000|  0%| F|  |TAMS 0x00000000e3100000, 0x00000000e3100000| Untracked 
|  50|0x00000000e3200000, 0x00000000e3200000, 0x00000000e3300000|  0%| F|  |TAMS 0x00000000e3200000, 0x00000000e3200000| Untracked 
|  51|0x00000000e3300000, 0x00000000e3300000, 0x00000000e3400000|  0%| F|  |TAMS 0x00000000e3300000, 0x00000000e3300000| Untracked 
|  52|0x00000000e3400000, 0x00000000e3400000, 0x00000000e3500000|  0%| F|  |TAMS 0x00000000e3400000, 0x00000000e3400000| Untracked 
|  53|0x00000000e3500000, 0x00000000e3500000, 0x00000000e3600000|  0%| F|  |TAMS 0x00000000e3500000, 0x00000000e3500000| Untracked 
|  54|0x00000000e3600000, 0x00000000e3600000, 0x00000000e3700000|  0%| F|  |TAMS 0x00000000e3600000, 0x00000000e3600000| Untracked 
|  55|0x00000000e3700000, 0x00000000e3700000, 0x00000000e3800000|  0%| F|  |TAMS 0x00000000e3700000, 0x00000000e3700000| Untracked 
|  56|0x00000000e3800000, 0x00000000e3800000, 0x00000000e3900000|  0%| F|  |TAMS 0x00000000e3800000, 0x00000000e3800000| Untracked 
|  57|0x00000000e3900000, 0x00000000e3900000, 0x00000000e3a00000|  0%| F|  |TAMS 0x00000000e3900000, 0x00000000e3900000| Untracked 
|  58|0x00000000e3a00000, 0x00000000e3a00000, 0x00000000e3b00000|  0%| F|  |TAMS 0x00000000e3a00000, 0x00000000e3a00000| Untracked 
|  59|0x00000000e3b00000, 0x00000000e3b00000, 0x00000000e3c00000|  0%| F|  |TAMS 0x00000000e3b00000, 0x00000000e3b00000| Untracked 
|  60|0x00000000e3c00000, 0x00000000e3c00000, 0x00000000e3d00000|  0%| F|  |TAMS 0x00000000e3c00000, 0x00000000e3c00000| Untracked 
|  61|0x00000000e3d00000, 0x00000000e3d00000, 0x00000000e3e00000|  0%| F|  |TAMS 0x00000000e3d00000, 0x00000000e3d00000| Untracked 
|  62|0x00000000e3e00000, 0x00000000e3e00000, 0x00000000e3f00000|  0%| F|  |TAMS 0x00000000e3e00000, 0x00000000e3e00000| Untracked 
|  63|0x00000000e3f00000, 0x00000000e3f00000, 0x00000000e4000000|  0%| F|  |TAMS 0x00000000e3f00000, 0x00000000e3f00000| Untracked 
|  64|0x00000000e4000000, 0x00000000e4000000, 0x00000000e4100000|  0%| F|  |TAMS 0x00000000e4000000, 0x00000000e4000000| Untracked 
|  65|0x00000000e4100000, 0x00000000e4100000, 0x00000000e4200000|  0%| F|  |TAMS 0x00000000e4100000, 0x00000000e4100000| Untracked 
|  66|0x00000000e4200000, 0x00000000e4200000, 0x00000000e4300000|  0%| F|  |TAMS 0x00000000e4200000, 0x00000000e4200000| Untracked 
|  67|0x00000000e4300000, 0x00000000e4300000, 0x00000000e4400000|  0%| F|  |TAMS 0x00000000e4300000, 0x00000000e4300000| Untracked 
|  68|0x00000000e4400000, 0x00000000e4400000, 0x00000000e4500000|  0%| F|  |TAMS 0x00000000e4400000, 0x00000000e4400000| Untracked 
|  69|0x00000000e4500000, 0x00000000e4500000, 0x00000000e4600000|  0%| F|  |TAMS 0x00000000e4500000, 0x00000000e4500000| Untracked 
|  70|0x00000000e4600000, 0x00000000e4600000, 0x00000000e4700000|  0%| F|  |TAMS 0x00000000e4600000, 0x00000000e4600000| Untracked 
|  71|0x00000000e4700000, 0x00000000e4700000, 0x00000000e4800000|  0%| F|  |TAMS 0x00000000e4700000, 0x00000000e4700000| Untracked 
|  72|0x00000000e4800000, 0x00000000e4800000, 0x00000000e4900000|  0%| F|  |TAMS 0x00000000e4800000, 0x00000000e4800000| Untracked 
|  73|0x00000000e4900000, 0x00000000e4900000, 0x00000000e4a00000|  0%| F|  |TAMS 0x00000000e4900000, 0x00000000e4900000| Untracked 
|  74|0x00000000e4a00000, 0x00000000e4a00000, 0x00000000e4b00000|  0%| F|  |TAMS 0x00000000e4a00000, 0x00000000e4a00000| Untracked 
|  75|0x00000000e4b00000, 0x00000000e4b00000, 0x00000000e4c00000|  0%| F|  |TAMS 0x00000000e4b00000, 0x00000000e4b00000| Untracked 
|  76|0x00000000e4c00000, 0x00000000e4c00000, 0x00000000e4d00000|  0%| F|  |TAMS 0x00000000e4c00000, 0x00000000e4c00000| Untracked 
|  77|0x00000000e4d00000, 0x00000000e4d00000, 0x00000000e4e00000|  0%| F|  |TAMS 0x00000000e4d00000, 0x00000000e4d00000| Untracked 
|  78|0x00000000e4e00000, 0x00000000e4e00000, 0x00000000e4f00000|  0%| F|  |TAMS 0x00000000e4e00000, 0x00000000e4e00000| Untracked 
|  79|0x00000000e4f00000, 0x00000000e4f00000, 0x00000000e5000000|  0%| F|  |TAMS 0x00000000e4f00000, 0x00000000e4f00000| Untracked 
|  80|0x00000000e5000000, 0x00000000e5000000, 0x00000000e5100000|  0%| F|  |TAMS 0x00000000e5000000, 0x00000000e5000000| Untracked 
|  81|0x00000000e5100000, 0x00000000e5100000, 0x00000000e5200000|  0%| F|  |TAMS 0x00000000e5100000, 0x00000000e5100000| Untracked 
|  82|0x00000000e5200000, 0x00000000e5200000, 0x00000000e5300000|  0%| F|  |TAMS 0x00000000e5200000, 0x00000000e5200000| Untracked 
|  83|0x00000000e5300000, 0x00000000e5300000, 0x00000000e5400000|  0%| F|  |TAMS 0x00000000e5300000, 0x00000000e5300000| Untracked 
|  84|0x00000000e5400000, 0x00000000e5400000, 0x00000000e5500000|  0%| F|  |TAMS 0x00000000e5400000, 0x00000000e5400000| Untracked 
|  85|0x00000000e5500000, 0x00000000e5500000, 0x00000000e5600000|  0%| F|  |TAMS 0x00000000e5500000, 0x00000000e5500000| Untracked 
|  86|0x00000000e5600000, 0x00000000e5600000, 0x00000000e5700000|  0%| F|  |TAMS 0x00000000e5600000, 0x00000000e5600000| Untracked 
|  87|0x00000000e5700000, 0x00000000e5700000, 0x00000000e5800000|  0%| F|  |TAMS 0x00000000e5700000, 0x00000000e5700000| Untracked 
|  88|0x00000000e5800000, 0x00000000e5800000, 0x00000000e5900000|  0%| F|  |TAMS 0x00000000e5800000, 0x00000000e5800000| Untracked 
|  89|0x00000000e5900000, 0x00000000e5900000, 0x00000000e5a00000|  0%| F|  |TAMS 0x00000000e5900000, 0x00000000e5900000| Untracked 
|  90|0x00000000e5a00000, 0x00000000e5a00000, 0x00000000e5b00000|  0%| F|  |TAMS 0x00000000e5a00000, 0x00000000e5a00000| Untracked 
|  91|0x00000000e5b00000, 0x00000000e5b00000, 0x00000000e5c00000|  0%| F|  |TAMS 0x00000000e5b00000, 0x00000000e5b00000| Untracked 
|  92|0x00000000e5c00000, 0x00000000e5c00000, 0x00000000e5d00000|  0%| F|  |TAMS 0x00000000e5c00000, 0x00000000e5c00000| Untracked 
|  93|0x00000000e5d00000, 0x00000000e5d00000, 0x00000000e5e00000|  0%| F|  |TAMS 0x00000000e5d00000, 0x00000000e5d00000| Untracked 
|  94|0x00000000e5e00000, 0x00000000e5e00000, 0x00000000e5f00000|  0%| F|  |TAMS 0x00000000e5e00000, 0x00000000e5e00000| Untracked 
|  95|0x00000000e5f00000, 0x00000000e5f00000, 0x00000000e6000000|  0%| F|  |TAMS 0x00000000e5f00000, 0x00000000e5f00000| Untracked 
|  96|0x00000000e6000000, 0x00000000e6000000, 0x00000000e6100000|  0%| F|  |TAMS 0x00000000e6000000, 0x00000000e6000000| Untracked 
|  97|0x00000000e6100000, 0x00000000e6100000, 0x00000000e6200000|  0%| F|  |TAMS 0x00000000e6100000, 0x00000000e6100000| Untracked 
|  98|0x00000000e6200000, 0x00000000e6200000, 0x00000000e6300000|  0%| F|  |TAMS 0x00000000e6200000, 0x00000000e6200000| Untracked 
|  99|0x00000000e6300000, 0x00000000e6300000, 0x00000000e6400000|  0%| F|  |TAMS 0x00000000e6300000, 0x00000000e6300000| Untracked 
| 100|0x00000000e6400000, 0x00000000e6400000, 0x00000000e6500000|  0%| F|  |TAMS 0x00000000e6400000, 0x00000000e6400000| Untracked 
| 101|0x00000000e6500000, 0x00000000e6500000, 0x00000000e6600000|  0%| F|  |TAMS 0x00000000e6500000, 0x00000000e6500000| Untracked 
| 102|0x00000000e6600000, 0x00000000e6600000, 0x00000000e6700000|  0%| F|  |TAMS 0x00000000e6600000, 0x00000000e6600000| Untracked 
| 103|0x00000000e6700000, 0x00000000e6700000, 0x00000000e6800000|  0%| F|  |TAMS 0x00000000e6700000, 0x00000000e6700000| Untracked 
| 104|0x00000000e6800000, 0x00000000e6800000, 0x00000000e6900000|  0%| F|  |TAMS 0x00000000e6800000, 0x00000000e6800000| Untracked 
| 105|0x00000000e6900000, 0x00000000e6900000, 0x00000000e6a00000|  0%| F|  |TAMS 0x00000000e6900000, 0x00000000e6900000| Untracked 
| 106|0x00000000e6a00000, 0x00000000e6a00000, 0x00000000e6b00000|  0%| F|  |TAMS 0x00000000e6a00000, 0x00000000e6a00000| Untracked 
| 107|0x00000000e6b00000, 0x00000000e6b00000, 0x00000000e6c00000|  0%| F|  |TAMS 0x00000000e6b00000, 0x00000000e6b00000| Untracked 
| 108|0x00000000e6c00000, 0x00000000e6c00000, 0x00000000e6d00000|  0%| F|  |TAMS 0x00000000e6c00000, 0x00000000e6c00000| Untracked 
| 109|0x00000000e6d00000, 0x00000000e6d00000, 0x00000000e6e00000|  0%| F|  |TAMS 0x00000000e6d00000, 0x00000000e6d00000| Untracked 
| 110|0x00000000e6e00000, 0x00000000e6e00000, 0x00000000e6f00000|  0%| F|  |TAMS 0x00000000e6e00000, 0x00000000e6e00000| Untracked 
| 111|0x00000000e6f00000, 0x00000000e6f00000, 0x00000000e7000000|  0%| F|  |TAMS 0x00000000e6f00000, 0x00000000e6f00000| Untracked 
| 112|0x00000000e7000000, 0x00000000e7000000, 0x00000000e7100000|  0%| F|  |TAMS 0x00000000e7000000, 0x00000000e7000000| Untracked 
| 113|0x00000000e7100000, 0x00000000e7100000, 0x00000000e7200000|  0%| F|  |TAMS 0x00000000e7100000, 0x00000000e7100000| Untracked 
| 114|0x00000000e7200000, 0x00000000e7200000, 0x00000000e7300000|  0%| F|  |TAMS 0x00000000e7200000, 0x00000000e7200000| Untracked 
| 115|0x00000000e7300000, 0x00000000e7300000, 0x00000000e7400000|  0%| F|  |TAMS 0x00000000e7300000, 0x00000000e7300000| Untracked 
| 116|0x00000000e7400000, 0x00000000e7400000, 0x00000000e7500000|  0%| F|  |TAMS 0x00000000e7400000, 0x00000000e7400000| Untracked 
| 117|0x00000000e7500000, 0x00000000e7500000, 0x00000000e7600000|  0%| F|  |TAMS 0x00000000e7500000, 0x00000000e7500000| Untracked 
| 118|0x00000000e7600000, 0x00000000e7600000, 0x00000000e7700000|  0%| F|  |TAMS 0x00000000e7600000, 0x00000000e7600000| Untracked 
| 119|0x00000000e7700000, 0x00000000e7700000, 0x00000000e7800000|  0%| F|  |TAMS 0x00000000e7700000, 0x00000000e7700000| Untracked 
| 120|0x00000000e7800000, 0x00000000e7800000, 0x00000000e7900000|  0%| F|  |TAMS 0x00000000e7800000, 0x00000000e7800000| Untracked 
| 121|0x00000000e7900000, 0x00000000e7900000, 0x00000000e7a00000|  0%| F|  |TAMS 0x00000000e7900000, 0x00000000e7900000| Untracked 
| 122|0x00000000e7a00000, 0x00000000e7a00000, 0x00000000e7b00000|  0%| F|  |TAMS 0x00000000e7a00000, 0x00000000e7a00000| Untracked 
| 123|0x00000000e7b00000, 0x00000000e7b00000, 0x00000000e7c00000|  0%| F|  |TAMS 0x00000000e7b00000, 0x00000000e7b00000| Untracked 
| 124|0x00000000e7c00000, 0x00000000e7c00000, 0x00000000e7d00000|  0%| F|  |TAMS 0x00000000e7c00000, 0x00000000e7c00000| Untracked 
| 125|0x00000000e7d00000, 0x00000000e7d00000, 0x00000000e7e00000|  0%| F|  |TAMS 0x00000000e7d00000, 0x00000000e7d00000| Untracked 
| 126|0x00000000e7e00000, 0x00000000e7e00000, 0x00000000e7f00000|  0%| F|  |TAMS 0x00000000e7e00000, 0x00000000e7e00000| Untracked 
| 127|0x00000000e7f00000, 0x00000000e7f00000, 0x00000000e8000000|  0%| F|  |TAMS 0x00000000e7f00000, 0x00000000e7f00000| Untracked 
| 128|0x00000000e8000000, 0x00000000e8000000, 0x00000000e8100000|  0%| F|  |TAMS 0x00000000e8000000, 0x00000000e8000000| Untracked 
| 129|0x00000000e8100000, 0x00000000e8100000, 0x00000000e8200000|  0%| F|  |TAMS 0x00000000e8100000, 0x00000000e8100000| Untracked 
| 130|0x00000000e8200000, 0x00000000e8200000, 0x00000000e8300000|  0%| F|  |TAMS 0x00000000e8200000, 0x00000000e8200000| Untracked 
| 131|0x00000000e8300000, 0x00000000e8300000, 0x00000000e8400000|  0%| F|  |TAMS 0x00000000e8300000, 0x00000000e8300000| Untracked 
| 132|0x00000000e8400000, 0x00000000e8400000, 0x00000000e8500000|  0%| F|  |TAMS 0x00000000e8400000, 0x00000000e8400000| Untracked 
| 133|0x00000000e8500000, 0x00000000e8500000, 0x00000000e8600000|  0%| F|  |TAMS 0x00000000e8500000, 0x00000000e8500000| Untracked 
| 134|0x00000000e8600000, 0x00000000e8600000, 0x00000000e8700000|  0%| F|  |TAMS 0x00000000e8600000, 0x00000000e8600000| Untracked 
| 135|0x00000000e8700000, 0x00000000e8700000, 0x00000000e8800000|  0%| F|  |TAMS 0x00000000e8700000, 0x00000000e8700000| Untracked 
| 136|0x00000000e8800000, 0x00000000e8800000, 0x00000000e8900000|  0%| F|  |TAMS 0x00000000e8800000, 0x00000000e8800000| Untracked 
| 137|0x00000000e8900000, 0x00000000e8900000, 0x00000000e8a00000|  0%| F|  |TAMS 0x00000000e8900000, 0x00000000e8900000| Untracked 
| 138|0x00000000e8a00000, 0x00000000e8a00000, 0x00000000e8b00000|  0%| F|  |TAMS 0x00000000e8a00000, 0x00000000e8a00000| Untracked 
| 139|0x00000000e8b00000, 0x00000000e8b00000, 0x00000000e8c00000|  0%| F|  |TAMS 0x00000000e8b00000, 0x00000000e8b00000| Untracked 
| 140|0x00000000e8c00000, 0x00000000e8c00000, 0x00000000e8d00000|  0%| F|  |TAMS 0x00000000e8c00000, 0x00000000e8c00000| Untracked 
| 141|0x00000000e8d00000, 0x00000000e8d00000, 0x00000000e8e00000|  0%| F|  |TAMS 0x00000000e8d00000, 0x00000000e8d00000| Untracked 
| 142|0x00000000e8e00000, 0x00000000e8e00000, 0x00000000e8f00000|  0%| F|  |TAMS 0x00000000e8e00000, 0x00000000e8e00000| Untracked 
| 143|0x00000000e8f00000, 0x00000000e8f00000, 0x00000000e9000000|  0%| F|  |TAMS 0x00000000e8f00000, 0x00000000e8f00000| Untracked 
| 144|0x00000000e9000000, 0x00000000e9000000, 0x00000000e9100000|  0%| F|  |TAMS 0x00000000e9000000, 0x00000000e9000000| Untracked 
| 145|0x00000000e9100000, 0x00000000e9100000, 0x00000000e9200000|  0%| F|  |TAMS 0x00000000e9100000, 0x00000000e9100000| Untracked 
| 146|0x00000000e9200000, 0x00000000e9200000, 0x00000000e9300000|  0%| F|  |TAMS 0x00000000e9200000, 0x00000000e9200000| Untracked 
| 147|0x00000000e9300000, 0x00000000e9300000, 0x00000000e9400000|  0%| F|  |TAMS 0x00000000e9300000, 0x00000000e9300000| Untracked 
| 148|0x00000000e9400000, 0x00000000e9400000, 0x00000000e9500000|  0%| F|  |TAMS 0x00000000e9400000, 0x00000000e9400000| Untracked 
| 149|0x00000000e9500000, 0x00000000e9500000, 0x00000000e9600000|  0%| F|  |TAMS 0x00000000e9500000, 0x00000000e9500000| Untracked 
| 150|0x00000000e9600000, 0x00000000e9600000, 0x00000000e9700000|  0%| F|  |TAMS 0x00000000e9600000, 0x00000000e9600000| Untracked 
| 151|0x00000000e9700000, 0x00000000e9700000, 0x00000000e9800000|  0%| F|  |TAMS 0x00000000e9700000, 0x00000000e9700000| Untracked 
| 152|0x00000000e9800000, 0x00000000e9800000, 0x00000000e9900000|  0%| F|  |TAMS 0x00000000e9800000, 0x00000000e9800000| Untracked 
| 153|0x00000000e9900000, 0x00000000e9900000, 0x00000000e9a00000|  0%| F|  |TAMS 0x00000000e9900000, 0x00000000e9900000| Untracked 
| 154|0x00000000e9a00000, 0x00000000e9a00000, 0x00000000e9b00000|  0%| F|  |TAMS 0x00000000e9a00000, 0x00000000e9a00000| Untracked 
| 155|0x00000000e9b00000, 0x00000000e9b00000, 0x00000000e9c00000|  0%| F|  |TAMS 0x00000000e9b00000, 0x00000000e9b00000| Untracked 
| 156|0x00000000e9c00000, 0x00000000e9c00000, 0x00000000e9d00000|  0%| F|  |TAMS 0x00000000e9c00000, 0x00000000e9c00000| Untracked 
| 157|0x00000000e9d00000, 0x00000000e9d00000, 0x00000000e9e00000|  0%| F|  |TAMS 0x00000000e9d00000, 0x00000000e9d00000| Untracked 
| 158|0x00000000e9e00000, 0x00000000e9e00000, 0x00000000e9f00000|  0%| F|  |TAMS 0x00000000e9e00000, 0x00000000e9e00000| Untracked 
| 159|0x00000000e9f00000, 0x00000000e9f00000, 0x00000000ea000000|  0%| F|  |TAMS 0x00000000e9f00000, 0x00000000e9f00000| Untracked 
| 160|0x00000000ea000000, 0x00000000ea000000, 0x00000000ea100000|  0%| F|  |TAMS 0x00000000ea000000, 0x00000000ea000000| Untracked 
| 161|0x00000000ea100000, 0x00000000ea100000, 0x00000000ea200000|  0%| F|  |TAMS 0x00000000ea100000, 0x00000000ea100000| Untracked 
| 162|0x00000000ea200000, 0x00000000ea200000, 0x00000000ea300000|  0%| F|  |TAMS 0x00000000ea200000, 0x00000000ea200000| Untracked 
| 163|0x00000000ea300000, 0x00000000ea300000, 0x00000000ea400000|  0%| F|  |TAMS 0x00000000ea300000, 0x00000000ea300000| Untracked 
| 164|0x00000000ea400000, 0x00000000ea400000, 0x00000000ea500000|  0%| F|  |TAMS 0x00000000ea400000, 0x00000000ea400000| Untracked 
| 165|0x00000000ea500000, 0x00000000ea500000, 0x00000000ea600000|  0%| F|  |TAMS 0x00000000ea500000, 0x00000000ea500000| Untracked 
| 166|0x00000000ea600000, 0x00000000ea600000, 0x00000000ea700000|  0%| F|  |TAMS 0x00000000ea600000, 0x00000000ea600000| Untracked 
| 167|0x00000000ea700000, 0x00000000ea700000, 0x00000000ea800000|  0%| F|  |TAMS 0x00000000ea700000, 0x00000000ea700000| Untracked 
| 168|0x00000000ea800000, 0x00000000ea800000, 0x00000000ea900000|  0%| F|  |TAMS 0x00000000ea800000, 0x00000000ea800000| Untracked 
| 169|0x00000000ea900000, 0x00000000ea900000, 0x00000000eaa00000|  0%| F|  |TAMS 0x00000000ea900000, 0x00000000ea900000| Untracked 
| 170|0x00000000eaa00000, 0x00000000eaa00000, 0x00000000eab00000|  0%| F|  |TAMS 0x00000000eaa00000, 0x00000000eaa00000| Untracked 
| 171|0x00000000eab00000, 0x00000000eab00000, 0x00000000eac00000|  0%| F|  |TAMS 0x00000000eab00000, 0x00000000eab00000| Untracked 
| 172|0x00000000eac00000, 0x00000000eac00000, 0x00000000ead00000|  0%| F|  |TAMS 0x00000000eac00000, 0x00000000eac00000| Untracked 
| 173|0x00000000ead00000, 0x00000000ead00000, 0x00000000eae00000|  0%| F|  |TAMS 0x00000000ead00000, 0x00000000ead00000| Untracked 
| 174|0x00000000eae00000, 0x00000000eae00000, 0x00000000eaf00000|  0%| F|  |TAMS 0x00000000eae00000, 0x00000000eae00000| Untracked 
| 175|0x00000000eaf00000, 0x00000000eaf00000, 0x00000000eb000000|  0%| F|  |TAMS 0x00000000eaf00000, 0x00000000eaf00000| Untracked 
| 176|0x00000000eb000000, 0x00000000eb000000, 0x00000000eb100000|  0%| F|  |TAMS 0x00000000eb000000, 0x00000000eb000000| Untracked 
| 177|0x00000000eb100000, 0x00000000eb100000, 0x00000000eb200000|  0%| F|  |TAMS 0x00000000eb100000, 0x00000000eb100000| Untracked 
| 178|0x00000000eb200000, 0x00000000eb200000, 0x00000000eb300000|  0%| F|  |TAMS 0x00000000eb200000, 0x00000000eb200000| Untracked 
| 179|0x00000000eb300000, 0x00000000eb300000, 0x00000000eb400000|  0%| F|  |TAMS 0x00000000eb300000, 0x00000000eb300000| Untracked 
| 180|0x00000000eb400000, 0x00000000eb400000, 0x00000000eb500000|  0%| F|  |TAMS 0x00000000eb400000, 0x00000000eb400000| Untracked 
| 181|0x00000000eb500000, 0x00000000eb500000, 0x00000000eb600000|  0%| F|  |TAMS 0x00000000eb500000, 0x00000000eb500000| Untracked 
| 182|0x00000000eb600000, 0x00000000eb700000, 0x00000000eb700000|100%| S|CS|TAMS 0x00000000eb600000, 0x00000000eb600000| Complete 
| 183|0x00000000eb700000, 0x00000000eb800000, 0x00000000eb800000|100%| S|CS|TAMS 0x00000000eb700000, 0x00000000eb700000| Complete 
| 184|0x00000000eb800000, 0x00000000eb900000, 0x00000000eb900000|100%| S|CS|TAMS 0x00000000eb800000, 0x00000000eb800000| Complete 
| 185|0x00000000eb900000, 0x00000000eba00000, 0x00000000eba00000|100%| S|CS|TAMS 0x00000000eb900000, 0x00000000eb900000| Complete 
| 186|0x00000000eba00000, 0x00000000ebb00000, 0x00000000ebb00000|100%| S|CS|TAMS 0x00000000eba00000, 0x00000000eba00000| Complete 
| 187|0x00000000ebb00000, 0x00000000ebc00000, 0x00000000ebc00000|100%| S|CS|TAMS 0x00000000ebb00000, 0x00000000ebb00000| Complete 
| 188|0x00000000ebc00000, 0x00000000ebd00000, 0x00000000ebd00000|100%| S|CS|TAMS 0x00000000ebc00000, 0x00000000ebc00000| Complete 
| 189|0x00000000ebd00000, 0x00000000ebe00000, 0x00000000ebe00000|100%| S|CS|TAMS 0x00000000ebd00000, 0x00000000ebd00000| Complete 
| 190|0x00000000ebe00000, 0x00000000ebf00000, 0x00000000ebf00000|100%| S|CS|TAMS 0x00000000ebe00000, 0x00000000ebe00000| Complete 
| 191|0x00000000ebf00000, 0x00000000ebf00000, 0x00000000ec000000|  0%| F|  |TAMS 0x00000000ebf00000, 0x00000000ebf00000| Untracked 
| 192|0x00000000ec000000, 0x00000000ec000000, 0x00000000ec100000|  0%| F|  |TAMS 0x00000000ec000000, 0x00000000ec000000| Untracked 
| 193|0x00000000ec100000, 0x00000000ec100000, 0x00000000ec200000|  0%| F|  |TAMS 0x00000000ec100000, 0x00000000ec100000| Untracked 
| 194|0x00000000ec200000, 0x00000000ec200000, 0x00000000ec300000|  0%| F|  |TAMS 0x00000000ec200000, 0x00000000ec200000| Untracked 
| 195|0x00000000ec300000, 0x00000000ec300000, 0x00000000ec400000|  0%| F|  |TAMS 0x00000000ec300000, 0x00000000ec300000| Untracked 
| 196|0x00000000ec400000, 0x00000000ec400000, 0x00000000ec500000|  0%| F|  |TAMS 0x00000000ec400000, 0x00000000ec400000| Untracked 
| 197|0x00000000ec500000, 0x00000000ec500000, 0x00000000ec600000|  0%| F|  |TAMS 0x00000000ec500000, 0x00000000ec500000| Untracked 
| 198|0x00000000ec600000, 0x00000000ec600000, 0x00000000ec700000|  0%| F|  |TAMS 0x00000000ec600000, 0x00000000ec600000| Untracked 
| 199|0x00000000ec700000, 0x00000000ec700000, 0x00000000ec800000|  0%| F|  |TAMS 0x00000000ec700000, 0x00000000ec700000| Untracked 
| 200|0x00000000ec800000, 0x00000000ec800000, 0x00000000ec900000|  0%| F|  |TAMS 0x00000000ec800000, 0x00000000ec800000| Untracked 
| 201|0x00000000ec900000, 0x00000000ec900000, 0x00000000eca00000|  0%| F|  |TAMS 0x00000000ec900000, 0x00000000ec900000| Untracked 
| 202|0x00000000eca00000, 0x00000000eca00000, 0x00000000ecb00000|  0%| F|  |TAMS 0x00000000eca00000, 0x00000000eca00000| Untracked 
| 203|0x00000000ecb00000, 0x00000000ecb00000, 0x00000000ecc00000|  0%| F|  |TAMS 0x00000000ecb00000, 0x00000000ecb00000| Untracked 
| 204|0x00000000ecc00000, 0x00000000ecc00000, 0x00000000ecd00000|  0%| F|  |TAMS 0x00000000ecc00000, 0x00000000ecc00000| Untracked 
| 205|0x00000000ecd00000, 0x00000000ecd00000, 0x00000000ece00000|  0%| F|  |TAMS 0x00000000ecd00000, 0x00000000ecd00000| Untracked 
| 206|0x00000000ece00000, 0x00000000ece00000, 0x00000000ecf00000|  0%| F|  |TAMS 0x00000000ece00000, 0x00000000ece00000| Untracked 
| 207|0x00000000ecf00000, 0x00000000ecf00000, 0x00000000ed000000|  0%| F|  |TAMS 0x00000000ecf00000, 0x00000000ecf00000| Untracked 
| 208|0x00000000ed000000, 0x00000000ed000000, 0x00000000ed100000|  0%| F|  |TAMS 0x00000000ed000000, 0x00000000ed000000| Untracked 
| 209|0x00000000ed100000, 0x00000000ed100000, 0x00000000ed200000|  0%| F|  |TAMS 0x00000000ed100000, 0x00000000ed100000| Untracked 
| 210|0x00000000ed200000, 0x00000000ed200000, 0x00000000ed300000|  0%| F|  |TAMS 0x00000000ed200000, 0x00000000ed200000| Untracked 
| 211|0x00000000ed300000, 0x00000000ed300000, 0x00000000ed400000|  0%| F|  |TAMS 0x00000000ed300000, 0x00000000ed300000| Untracked 
| 212|0x00000000ed400000, 0x00000000ed400000, 0x00000000ed500000|  0%| F|  |TAMS 0x00000000ed400000, 0x00000000ed400000| Untracked 
| 213|0x00000000ed500000, 0x00000000ed500000, 0x00000000ed600000|  0%| F|  |TAMS 0x00000000ed500000, 0x00000000ed500000| Untracked 
| 214|0x00000000ed600000, 0x00000000ed600000, 0x00000000ed700000|  0%| F|  |TAMS 0x00000000ed600000, 0x00000000ed600000| Untracked 
| 215|0x00000000ed700000, 0x00000000ed780000, 0x00000000ed800000| 50%| E|  |TAMS 0x00000000ed700000, 0x00000000ed700000| Complete 
| 216|0x00000000ed800000, 0x00000000ed900000, 0x00000000ed900000|100%| E|CS|TAMS 0x00000000ed800000, 0x00000000ed800000| Complete 
| 217|0x00000000ed900000, 0x00000000eda00000, 0x00000000eda00000|100%| E|CS|TAMS 0x00000000ed900000, 0x00000000ed900000| Complete 
| 218|0x00000000eda00000, 0x00000000edb00000, 0x00000000edb00000|100%| E|CS|TAMS 0x00000000eda00000, 0x00000000eda00000| Complete 
| 219|0x00000000edb00000, 0x00000000edc00000, 0x00000000edc00000|100%| E|CS|TAMS 0x00000000edb00000, 0x00000000edb00000| Complete 
| 220|0x00000000edc00000, 0x00000000edd00000, 0x00000000edd00000|100%| E|CS|TAMS 0x00000000edc00000, 0x00000000edc00000| Complete 
| 221|0x00000000edd00000, 0x00000000ede00000, 0x00000000ede00000|100%| E|CS|TAMS 0x00000000edd00000, 0x00000000edd00000| Complete 
| 222|0x00000000ede00000, 0x00000000edf00000, 0x00000000edf00000|100%| E|CS|TAMS 0x00000000ede00000, 0x00000000ede00000| Complete 
| 223|0x00000000edf00000, 0x00000000ee000000, 0x00000000ee000000|100%| E|CS|TAMS 0x00000000edf00000, 0x00000000edf00000| Complete 
| 224|0x00000000ee000000, 0x00000000ee100000, 0x00000000ee100000|100%| E|CS|TAMS 0x00000000ee000000, 0x00000000ee000000| Complete 
| 225|0x00000000ee100000, 0x00000000ee200000, 0x00000000ee200000|100%| E|CS|TAMS 0x00000000ee100000, 0x00000000ee100000| Complete 
| 226|0x00000000ee200000, 0x00000000ee300000, 0x00000000ee300000|100%| E|CS|TAMS 0x00000000ee200000, 0x00000000ee200000| Complete 
| 227|0x00000000ee300000, 0x00000000ee400000, 0x00000000ee400000|100%| E|CS|TAMS 0x00000000ee300000, 0x00000000ee300000| Complete 
| 228|0x00000000ee400000, 0x00000000ee500000, 0x00000000ee500000|100%| E|CS|TAMS 0x00000000ee400000, 0x00000000ee400000| Complete 
| 229|0x00000000ee500000, 0x00000000ee600000, 0x00000000ee600000|100%| E|CS|TAMS 0x00000000ee500000, 0x00000000ee500000| Complete 
| 230|0x00000000ee600000, 0x00000000ee700000, 0x00000000ee700000|100%| E|CS|TAMS 0x00000000ee600000, 0x00000000ee600000| Complete 
| 231|0x00000000ee700000, 0x00000000ee800000, 0x00000000ee800000|100%| E|CS|TAMS 0x00000000ee700000, 0x00000000ee700000| Complete 
| 232|0x00000000ee800000, 0x00000000ee900000, 0x00000000ee900000|100%| E|CS|TAMS 0x00000000ee800000, 0x00000000ee800000| Complete 
| 233|0x00000000ee900000, 0x00000000eea00000, 0x00000000eea00000|100%| E|CS|TAMS 0x00000000ee900000, 0x00000000ee900000| Complete 
| 234|0x00000000eea00000, 0x00000000eeb00000, 0x00000000eeb00000|100%| E|CS|TAMS 0x00000000eea00000, 0x00000000eea00000| Complete 
| 235|0x00000000eeb00000, 0x00000000eec00000, 0x00000000eec00000|100%| E|CS|TAMS 0x00000000eeb00000, 0x00000000eeb00000| Complete 
| 236|0x00000000eec00000, 0x00000000eed00000, 0x00000000eed00000|100%| E|CS|TAMS 0x00000000eec00000, 0x00000000eec00000| Complete 
| 237|0x00000000eed00000, 0x00000000eee00000, 0x00000000eee00000|100%| E|CS|TAMS 0x00000000eed00000, 0x00000000eed00000| Complete 
| 238|0x00000000eee00000, 0x00000000eef00000, 0x00000000eef00000|100%| E|CS|TAMS 0x00000000eee00000, 0x00000000eee00000| Complete 
| 239|0x00000000eef00000, 0x00000000ef000000, 0x00000000ef000000|100%| E|CS|TAMS 0x00000000eef00000, 0x00000000eef00000| Complete 
| 240|0x00000000ef000000, 0x00000000ef100000, 0x00000000ef100000|100%| E|CS|TAMS 0x00000000ef000000, 0x00000000ef000000| Complete 
| 241|0x00000000ef100000, 0x00000000ef200000, 0x00000000ef200000|100%| E|CS|TAMS 0x00000000ef100000, 0x00000000ef100000| Complete 
| 242|0x00000000ef200000, 0x00000000ef300000, 0x00000000ef300000|100%| E|CS|TAMS 0x00000000ef200000, 0x00000000ef200000| Complete 
| 243|0x00000000ef300000, 0x00000000ef400000, 0x00000000ef400000|100%| E|CS|TAMS 0x00000000ef300000, 0x00000000ef300000| Complete 
| 244|0x00000000ef400000, 0x00000000ef500000, 0x00000000ef500000|100%| E|CS|TAMS 0x00000000ef400000, 0x00000000ef400000| Complete 
| 245|0x00000000ef500000, 0x00000000ef600000, 0x00000000ef600000|100%| E|CS|TAMS 0x00000000ef500000, 0x00000000ef500000| Complete 
| 246|0x00000000ef600000, 0x00000000ef700000, 0x00000000ef700000|100%| E|CS|TAMS 0x00000000ef600000, 0x00000000ef600000| Complete 
| 247|0x00000000ef700000, 0x00000000ef800000, 0x00000000ef800000|100%| E|CS|TAMS 0x00000000ef700000, 0x00000000ef700000| Complete 
| 248|0x00000000ef800000, 0x00000000ef900000, 0x00000000ef900000|100%| E|CS|TAMS 0x00000000ef800000, 0x00000000ef800000| Complete 
| 249|0x00000000ef900000, 0x00000000efa00000, 0x00000000efa00000|100%| E|CS|TAMS 0x00000000ef900000, 0x00000000ef900000| Complete 
| 250|0x00000000efa00000, 0x00000000efb00000, 0x00000000efb00000|100%| E|CS|TAMS 0x00000000efa00000, 0x00000000efa00000| Complete 
| 251|0x00000000efb00000, 0x00000000efc00000, 0x00000000efc00000|100%| E|CS|TAMS 0x00000000efb00000, 0x00000000efb00000| Complete 
| 252|0x00000000efc00000, 0x00000000efd00000, 0x00000000efd00000|100%| E|CS|TAMS 0x00000000efc00000, 0x00000000efc00000| Complete 
| 253|0x00000000efd00000, 0x00000000efe00000, 0x00000000efe00000|100%| E|CS|TAMS 0x00000000efd00000, 0x00000000efd00000| Complete 
| 254|0x00000000efe00000, 0x00000000eff00000, 0x00000000eff00000|100%| E|CS|TAMS 0x00000000efe00000, 0x00000000efe00000| Complete 
| 255|0x00000000eff00000, 0x00000000f0000000, 0x00000000f0000000|100%| E|CS|TAMS 0x00000000eff00000, 0x00000000eff00000| Complete 

Card table byte_map: [0x000002b949160000,0x000002b949260000] _byte_map_base: 0x000002b948a60000

Marking Bits (Prev, Next): (CMBitMap*) 0x000002b92fced9a0, (CMBitMap*) 0x000002b92fced9e0
 Prev Bits: [0x000002b949360000, 0x000002b949b60000)
 Next Bits: [0x000002b949b60000, 0x000002b94a360000)

Polling page: 0x000002b92fd70000

Metaspace:

Usage:
  Non-class:     12.54 MB used.
      Class:      1.99 MB used.
       Both:     14.53 MB used.

Virtual space:
  Non-class space:       64.00 MB reserved,      12.69 MB ( 20%) committed,  1 nodes.
      Class space:      320.00 MB reserved,       2.12 MB ( <1%) committed,  1 nodes.
             Both:      384.00 MB reserved,      14.81 MB (  4%) committed. 

Chunk freelists:
   Non-Class:  3.06 MB
       Class:  13.89 MB
        Both:  16.95 MB

MaxMetaspaceSize: 384.00 MB
CompressedClassSpaceSize: 320.00 MB
Initial GC threshold: 21.00 MB
Current GC threshold: 21.00 MB
CDS: on
MetaspaceReclaimPolicy: balanced
 - commit_granule_bytes: 65536.
 - commit_granule_words: 8192.
 - virtual_space_node_default_size: 8388608.
 - enlarge_chunks_in_place: 1.
 - new_chunks_are_fully_committed: 0.
 - uncommit_free_chunks: 1.
 - use_allocation_guard: 0.
 - handle_deallocations: 1.


Internal statistics:

num_allocs_failed_limit: 0.
num_arena_births: 192.
num_arena_deaths: 0.
num_vsnodes_births: 2.
num_vsnodes_deaths: 0.
num_space_committed: 237.
num_space_uncommitted: 0.
num_chunks_returned_to_freelist: 0.
num_chunks_taken_from_freelist: 636.
num_chunk_merges: 0.
num_chunk_splits: 429.
num_chunks_enlarged: 321.
num_inconsistent_stats: 0.

CodeHeap 'non-profiled nmethods': size=119168Kb used=1176Kb max_used=1176Kb free=117992Kb
 bounds [0x000002b940c30000, 0x000002b940ea0000, 0x000002b948090000]
CodeHeap 'profiled nmethods': size=119104Kb used=5220Kb max_used=5220Kb free=113883Kb
 bounds [0x000002b939090000, 0x000002b9395b0000, 0x000002b9404e0000]
CodeHeap 'non-nmethods': size=7488Kb used=1785Kb max_used=2891Kb free=5702Kb
 bounds [0x000002b9404e0000, 0x000002b9407c0000, 0x000002b940c30000]
 total_blobs=3070 nmethods=2542 adapters=439
 compilation: enabled
              stopped_count=0, restarted_count=0
 full_count=0

Compilation events (20 events):
Event: 6.006 Thread 0x000002b94d3226a0 nmethod 2514 0x000002b93958b290 code [0x000002b93958b460, 0x000002b93958b858]
Event: 6.006 Thread 0x000002b94d3226a0 2517       3       org.gradle.util.internal.CollectionUtils::collect (44 bytes)
Event: 6.006 Thread 0x000002b94d3535b0 nmethod 2513 0x000002b93958ba10 code [0x000002b93958bbe0, 0x000002b93958bf68]
Event: 6.006 Thread 0x000002b94d3535b0 2515       3       jdk.proxy1.$Proxy4::<init> (6 bytes)
Event: 6.006 Thread 0x000002b94d3226a0 nmethod 2517 0x000002b93958c110 code [0x000002b93958c300, 0x000002b93958c888]
Event: 6.006 Thread 0x000002b94d3535b0 nmethod 2515 0x000002b93958ca90 code [0x000002b93958cc60, 0x000002b93958cfe8]
Event: 6.006 Thread 0x000002b94d3226a0 2516   !   3       jdk.proxy1.$Proxy4::annotationType (29 bytes)
Event: 6.006 Thread 0x000002b94d3535b0 2518       3       org.gradle.internal.concurrent.CompositeStoppable::toStoppable (37 bytes)
Event: 6.006 Thread 0x000002b94d3226a0 nmethod 2516 0x000002b93958d190 code [0x000002b93958d360, 0x000002b93958d758]
Event: 6.006 Thread 0x000002b94d3535b0 nmethod 2518 0x000002b93958d910 code [0x000002b93958db00, 0x000002b93958e1e8]
Event: 6.006 Thread 0x000002b94d3226a0 2519       3       org.gradle.internal.service.DefaultServiceRegistry::determineAccessScope (30 bytes)
Event: 6.006 Thread 0x000002b94d3535b0 2520       3       org.gradle.internal.service.DefaultServiceRegistry$FactoryMethodService::<init> (17 bytes)
Event: 6.006 Thread 0x000002b94d3535b0 nmethod 2520 0x000002b93958e310 code [0x000002b93958e4c0, 0x000002b93958e678]
Event: 6.007 Thread 0x000002b94d3226a0 nmethod 2519 0x000002b93958e790 code [0x000002b93958e9e0, 0x000002b93958f518]
Event: 6.055 Thread 0x000002b94d3226a0 2521       3       java.util.concurrent.locks.AbstractQueuedSynchronizer::release (19 bytes)
Event: 7.009 Thread 0x000002b94d3226a0 nmethod 2521 0x000002b93958f890 code [0x000002b93958fa80, 0x000002b93958fee8]
Event: 7.009 Thread 0x000002b94d3535b0 2523       3       java.util.concurrent.locks.AbstractQueuedSynchronizer::compareAndSetState (13 bytes)
Event: 7.009 Thread 0x000002b94d3535b0 nmethod 2523 0x000002b939590090 code [0x000002b939590220, 0x000002b939590358]
Event: 7.009 Thread 0x000002b94d3535b0 2524       3       org.gradle.internal.service.DefaultServiceRegistry$OwnServices::collectProvidersForClassHierarchy (129 bytes)
Event: 7.010 Thread 0x000002b94d3535b0 nmethod 2524 0x000002b939590410 code [0x000002b939590740, 0x000002b939591bc8]

GC Heap History (6 events):
Event: 0.200 GC heap before
{Heap before GC invocations=0 (full 0):
 garbage-first heap   total 262144K, used 22528K [0x00000000e0000000, 0x0000000100000000)
  region size 1024K, 23 young (23552K), 0 survivors (0K)
 Metaspace       used 1061K, committed 1216K, reserved 393216K
  class space    used 76K, committed 128K, reserved 327680K
}
Event: 0.201 GC heap after
{Heap after GC invocations=1 (full 0):
 garbage-first heap   total 262144K, used 1925K [0x00000000e0000000, 0x0000000100000000)
  region size 1024K, 2 young (2048K), 2 survivors (2048K)
 Metaspace       used 1061K, committed 1216K, reserved 393216K
  class space    used 76K, committed 128K, reserved 327680K
}
Event: 0.552 GC heap before
{Heap before GC invocations=1 (full 0):
 garbage-first heap   total 262144K, used 41861K [0x00000000e0000000, 0x0000000100000000)
  region size 1024K, 38 young (38912K), 2 survivors (2048K)
 Metaspace       used 4489K, committed 4608K, reserved 393216K
  class space    used 557K, committed 640K, reserved 327680K
}
Event: 0.554 GC heap after
{Heap after GC invocations=2 (full 0):
 garbage-first heap   total 262144K, used 11046K [0x00000000e0000000, 0x0000000100000000)
  region size 1024K, 5 young (5120K), 5 survivors (5120K)
 Metaspace       used 4489K, committed 4608K, reserved 393216K
  class space    used 557K, committed 640K, reserved 327680K
}
Event: 1.071 GC heap before
{Heap before GC invocations=2 (full 0):
 garbage-first heap   total 262144K, used 74534K [0x00000000e0000000, 0x0000000100000000)
  region size 1024K, 65 young (66560K), 5 survivors (5120K)
 Metaspace       used 7507K, committed 7680K, reserved 393216K
  class space    used 988K, committed 1088K, reserved 327680K
}
Event: 1.074 GC heap after
{Heap after GC invocations=3 (full 0):
 garbage-first heap   total 262144K, used 17806K [0x00000000e0000000, 0x0000000100000000)
  region size 1024K, 9 young (9216K), 9 survivors (9216K)
 Metaspace       used 7507K, committed 7680K, reserved 393216K
  class space    used 988K, committed 1088K, reserved 327680K
}

Dll operation events (15 events):
Event: 0.005 Loaded shared library D:\Java SDK\jdk17\bin\java.dll
Event: 0.014 Loaded shared library D:\Java SDK\jdk17\bin\jsvml.dll
Event: 0.043 Loaded shared library D:\Java SDK\jdk17\bin\zip.dll
Event: 0.044 Loaded shared library D:\Java SDK\jdk17\bin\instrument.dll
Event: 0.047 Loaded shared library D:\Java SDK\jdk17\bin\net.dll
Event: 0.048 Loaded shared library D:\Java SDK\jdk17\bin\nio.dll
Event: 0.049 Loaded shared library D:\Java SDK\jdk17\bin\zip.dll
Event: 0.174 Loaded shared library D:\Java SDK\jdk17\bin\jimage.dll
Event: 0.256 Loaded shared library D:\Java SDK\jdk17\bin\verify.dll
Event: 0.336 Loaded shared library C:\Users\USER\.gradle\native\1def1411415f61bf3af743bc5b6707747c0891f09f0c88961ee8f79bc544acac\windows-amd64\native-platform.dll
Event: 0.345 Loaded shared library C:\Users\USER\.gradle\native\0.2.7\x86_64-windows-gnu\gradle-fileevents.dll
Event: 0.971 Loaded shared library D:\Java SDK\jdk17\bin\management.dll
Event: 0.973 Loaded shared library D:\Java SDK\jdk17\bin\management_ext.dll
Event: 1.065 Loaded shared library D:\Java SDK\jdk17\bin\extnet.dll
Event: 1.252 Loaded shared library D:\Java SDK\jdk17\bin\sunmscapi.dll

Deoptimization events (20 events):
Event: 4.863 Thread 0x000002b9690afdf0 Uncommon trap: trap_request=0xffffffc6 fr.pc=0x000002b940d3ff40 relative=0x0000000000001380
Event: 4.863 Thread 0x000002b9690afdf0 Uncommon trap: reason=bimorphic_or_optimized_type_check action=maybe_recompile pc=0x000002b940d3ff40 method=java.util.HashMap.putVal(ILjava/lang/Object;Ljava/lang/Object;ZZ)Ljava/lang/Object; @ 91 c2
Event: 4.863 Thread 0x000002b9690afdf0 DEOPT PACKING pc=0x000002b940d3ff40 sp=0x000000e6e23fbc90
Event: 4.863 Thread 0x000002b9690afdf0 DEOPT UNPACKING pc=0x000002b9405369a3 sp=0x000000e6e23fbc30 mode 2
Event: 4.863 Thread 0x000002b9690afdf0 Uncommon trap: trap_request=0xffffff45 fr.pc=0x000002b940c60f0c relative=0x00000000000003cc
Event: 4.863 Thread 0x000002b9690afdf0 Uncommon trap: reason=unstable_if action=reinterpret pc=0x000002b940c60f0c method=java.util.HashMap.getNode(Ljava/lang/Object;)Ljava/util/HashMap$Node; @ 66 c2
Event: 4.863 Thread 0x000002b9690afdf0 DEOPT PACKING pc=0x000002b940c60f0c sp=0x000000e6e23fbcb0
Event: 4.863 Thread 0x000002b9690afdf0 DEOPT UNPACKING pc=0x000002b9405369a3 sp=0x000000e6e23fbc40 mode 2
Event: 4.863 Thread 0x000002b9690afdf0 Uncommon trap: trap_request=0xffffffc6 fr.pc=0x000002b940d3ff40 relative=0x0000000000001380
Event: 4.863 Thread 0x000002b9690afdf0 Uncommon trap: reason=bimorphic_or_optimized_type_check action=maybe_recompile pc=0x000002b940d3ff40 method=java.util.HashMap.putVal(ILjava/lang/Object;Ljava/lang/Object;ZZ)Ljava/lang/Object; @ 91 c2
Event: 4.863 Thread 0x000002b9690afdf0 DEOPT PACKING pc=0x000002b940d3ff40 sp=0x000000e6e23fbc90
Event: 4.863 Thread 0x000002b9690afdf0 DEOPT UNPACKING pc=0x000002b9405369a3 sp=0x000000e6e23fbc30 mode 2
Event: 4.868 Thread 0x000002b9690afdf0 Uncommon trap: trap_request=0xffffff45 fr.pc=0x000002b940ccb678 relative=0x0000000000000258
Event: 4.868 Thread 0x000002b9690afdf0 Uncommon trap: reason=unstable_if action=reinterpret pc=0x000002b940ccb678 method=java.util.concurrent.ConcurrentHashMap.get(Ljava/lang/Object;)Ljava/lang/Object; @ 76 c2
Event: 4.868 Thread 0x000002b9690afdf0 DEOPT PACKING pc=0x000002b940ccb678 sp=0x000000e6e23fb1a0
Event: 4.868 Thread 0x000002b9690afdf0 DEOPT UNPACKING pc=0x000002b9405369a3 sp=0x000000e6e23fb108 mode 2
Event: 4.869 Thread 0x000002b9690afdf0 Uncommon trap: trap_request=0xffffff45 fr.pc=0x000002b940cfa0b8 relative=0x0000000000000198
Event: 4.869 Thread 0x000002b9690afdf0 Uncommon trap: reason=unstable_if action=reinterpret pc=0x000002b940cfa0b8 method=java.util.WeakHashMap.expungeStaleEntries()V @ 9 c2
Event: 4.869 Thread 0x000002b9690afdf0 DEOPT PACKING pc=0x000002b940cfa0b8 sp=0x000000e6e23fae40
Event: 4.870 Thread 0x000002b9690afdf0 DEOPT UNPACKING pc=0x000002b9405369a3 sp=0x000000e6e23fadd8 mode 2

Classes loaded (20 events):
Event: 4.868 Loading class jdk/internal/vm/annotation/IntrinsicCandidate
Event: 4.868 Loading class jdk/internal/vm/annotation/IntrinsicCandidate done
Event: 4.868 Loading class java/util/stream/MatchOps$MatchKind
Event: 4.869 Loading class java/util/stream/MatchOps$MatchKind done
Event: 4.869 Loading class java/util/stream/MatchOps
Event: 4.869 Loading class java/util/stream/MatchOps done
Event: 4.869 Loading class java/util/stream/MatchOps$MatchOp
Event: 4.869 Loading class java/util/stream/MatchOps$MatchOp done
Event: 4.869 Loading class java/util/stream/MatchOps$BooleanTerminalSink
Event: 4.869 Loading class java/util/stream/MatchOps$BooleanTerminalSink done
Event: 4.869 Loading class java/util/stream/MatchOps$1MatchSink
Event: 4.869 Loading class java/util/stream/MatchOps$1MatchSink done
Event: 4.871 Loading class java/lang/invoke/MethodHandle$1
Event: 4.871 Loading class java/lang/invoke/MethodHandle$1 done
Event: 4.882 Loading class java/lang/TypeNotPresentException
Event: 4.882 Loading class java/lang/TypeNotPresentException done
Event: 5.913 Loading class java/util/ConcurrentModificationException
Event: 5.913 Loading class java/util/ConcurrentModificationException done
Event: 5.927 Loading class sun/reflect/generics/scope/ConstructorScope
Event: 5.927 Loading class sun/reflect/generics/scope/ConstructorScope done

Classes unloaded (0 events):
No events

Classes redefined (0 events):
No events

Internal exceptions (20 events):
Event: 0.984 Thread 0x000002b92fcbd5b0 Exception <a 'java/lang/NoSuchMethodError'{0x00000000ec221220}: 'java.lang.Object java.lang.invoke.DirectMethodHandle$Holder.invokeInterface(java.lang.Object, java.lang.Object)'> (0x00000000ec221220) 
thrown [s\src\hotspot\share\interpreter\linkResolver.cpp, line 759]
Event: 1.066 Thread 0x000002b92fcbd5b0 Exception <a 'java/lang/NoSuchMethodError'{0x00000000ebfc43a0}: 'void java.lang.invoke.DirectMethodHandle$Holder.invokeStatic(java.lang.Object, java.lang.Object, java.lang.Object)'> (0x00000000ebfc43a0) 
thrown [s\src\hotspot\share\interpreter\linkResolver.cpp, line 759]
Event: 1.102 Thread 0x000002b92fcbd5b0 Exception <a 'java/lang/NoSuchMethodError'{0x00000000efd50c20}: 'java.lang.Object java.lang.invoke.DirectMethodHandle$Holder.invokeStaticInit(java.lang.Object, int, int, int, int)'> (0x00000000efd50c20) 
thrown [s\src\hotspot\share\interpreter\linkResolver.cpp, line 759]
Event: 1.141 Thread 0x000002b92fcbd5b0 Exception <a 'java/lang/NoSuchMethodError'{0x00000000efcc8710}: 'java.lang.Object java.lang.invoke.DirectMethodHandle$Holder.invokeStaticInit(java.lang.Object, java.lang.Object, int, int, int, int)'> (0x00000000efcc8710) 
thrown [s\src\hotspot\share\interpreter\linkResolver.cpp, line 759]
Event: 1.206 Thread 0x000002b92fcbd5b0 Exception <a 'java/io/IOException'{0x00000000ef8ab318}> (0x00000000ef8ab318) 
thrown [s\src\hotspot\share\prims\jni.cpp, line 516]
Event: 1.210 Thread 0x000002b92fcbd5b0 Implicit null exception at 0x000002b940c7ea72 to 0x000002b940c7f040
Event: 1.215 Thread 0x000002b92fcbd5b0 Exception <a 'java/lang/NoSuchMethodError'{0x00000000ef7129b8}: 'java.lang.Object java.lang.invoke.DirectMethodHandle$Holder.newInvokeSpecial(java.lang.Object, java.lang.Object, java.lang.Object, java.lang.Object, java.lang.Object)'> (0x00000000ef7129b8) 
thrown [s\src\hotspot\share\interpreter\linkResolver.cpp, line 759]
Event: 2.301 Thread 0x000002b9690af8e0 Exception <a 'java/lang/NoSuchMethodError'{0x00000000ef10d278}: static Lorg/gradle/tooling/internal/provider/serialization/ClassLoaderDetails;.<clinit>()V> (0x00000000ef10d278) 
thrown [s\src\hotspot\share\prims\jni.cpp, line 1112]
Event: 2.302 Thread 0x000002b9690af8e0 Exception <a 'java/lang/NoSuchMethodError'{0x00000000ef126878}: static Lorg/gradle/internal/classloader/ClassLoaderSpec;.<clinit>()V> (0x00000000ef126878) 
thrown [s\src\hotspot\share\prims\jni.cpp, line 1112]
Event: 2.303 Thread 0x000002b9690af8e0 Exception <a 'java/lang/NoSuchMethodError'{0x00000000ef130000}: static Lorg/gradle/tooling/internal/provider/serialization/WellKnownClassLoaderRegistry$KnownClassLoaderSpec;.<clinit>()V> (0x00000000ef130000) 
thrown [s\src\hotspot\share\prims\jni.cpp, line 1112]
Event: 2.304 Thread 0x000002b9690af8e0 Exception <a 'java/lang/NoSuchMethodError'{0x00000000ef146560}: static Lorg/gradle/tooling/internal/provider/serialization/ClientOwnedClassLoaderSpec;.<clinit>()V> (0x00000000ef146560) 
thrown [s\src\hotspot\share\prims\jni.cpp, line 1112]
Event: 4.721 Thread 0x000002b969085050 Exception <a 'java/lang/NoSuchMethodError'{0x00000000ef478890}: 'void java.lang.invoke.DirectMethodHandle$Holder.invokeSpecial(java.lang.Object, java.lang.Object, java.lang.Object)'> (0x00000000ef478890) 
thrown [s\src\hotspot\share\interpreter\linkResolver.cpp, line 759]
Event: 4.782 Thread 0x000002b9690afdf0 Exception <a 'java/lang/NoSuchMethodError'{0x00000000eeca1e90}: 'long java.lang.invoke.DirectMethodHandle$Holder.invokeInterface(java.lang.Object, java.lang.Object)'> (0x00000000eeca1e90) 
thrown [s\src\hotspot\share\interpreter\linkResolver.cpp, line 759]
Event: 4.842 Thread 0x000002b9690afdf0 Exception <a 'java/lang/NoSuchMethodError'{0x00000000ee70bf08}: 'void java.lang.invoke.DirectMethodHandle$Holder.invokeStatic(java.lang.Object, java.lang.Object)'> (0x00000000ee70bf08) 
thrown [s\src\hotspot\share\interpreter\linkResolver.cpp, line 759]
Event: 4.871 Thread 0x000002b9690afdf0 Exception <a 'java/lang/NoSuchMethodError'{0x00000000ee549ef8}: 'int java.lang.invoke.DirectMethodHandle$Holder.invokeVirtual(java.lang.Object, java.lang.Object, java.lang.Object)'> (0x00000000ee549ef8) 
thrown [s\src\hotspot\share\interpreter\linkResolver.cpp, line 759]
Event: 5.899 Thread 0x000002b9690afdf0 Exception <a 'java/lang/NoSuchMethodError'{0x00000000ee3f5d90}: 'java.lang.Object java.lang.invoke.DirectMethodHandle$Holder.newInvokeSpecial(java.lang.Object, java.lang.Object, java.lang.Object, java.lang.Object, java.lang.Object, java.lang.Object)'> (0x00000000ee3f5d90) 
thrown [s\src\hotspot\share\interpreter\linkResolver.cpp, line 759]
Event: 5.940 Thread 0x000002b9690afdf0 Exception <a 'java/lang/NoSuchMethodError'{0x00000000edf00a50}: 'void java.lang.invoke.DelegatingMethodHandle$Holder.reinvoke_L(java.lang.Object, java.lang.Object, java.lang.Object, java.lang.Object, java.lang.Object, java.lang.Object, java.lang.Object, java.lang.Object, java.lang.Object, java.lang.Object)'> (0x00000000edf00a50) 
thrown [s\src\hotspot\share\interpreter\linkResolver.cpp, line 759]
Event: 5.940 Thread 0x000002b9690afdf0 Exception <a 'java/lang/NoSuchMethodError'{0x00000000edf09000}: 'java.lang.Object java.lang.invoke.DirectMethodHandle$Holder.invokeSpecial(java.lang.Object, java.lang.Object, java.lang.Object, java.lang.Object, java.lang.Object, java.lang.Object, java.lang.Object, java.lang.Object, java.lang.Object, java.lang.Object)'> (0x00000000edf09000) 
thrown [s\src\hotspot\share\interpreter\linkResolver.cpp, line 759]
Event: 5.940 Thread 0x000002b9690afdf0 Exception <a 'java/lang/NoSuchMethodError'{0x00000000edf0d8d0}: 'java.lang.Object java.lang.invoke.Invokers$Holder.invoker(java.lang.Object, java.lang.Object, java.lang.Object, java.lang.Object, java.lang.Object, java.lang.Object, java.lang.Object, java.lang.Object, java.lang.Object, java.lang.Object)'> (0x00000000edf0d8d0) 
thrown [s\src\hotspot\share\interpreter\linkResolver.cpp, line 759]
Event: 5.941 Thread 0x000002b9690afdf0 Exception <a 'java/lang/NoSuchMethodError'{0x00000000edf134d8}: 'java.lang.Object java.lang.invoke.DirectMethodHandle$Holder.invokeSpecial(java.lang.Object, java.lang.Object, java.lang.Object, java.lang.Object, java.lang.Object, java.lang.Object, java.lang.Object, java.lang.Object, java.lang.Object, java.lang.Object, java.lang.Object)'> (0x00000000edf134d8) 
thrown [s\src\hotspot\share\interpreter\linkResolver.cpp, line 759]

VM Operations (20 events):
Event: 1.064 Executing VM operation: HandshakeAllThreads
Event: 1.064 Executing VM operation: HandshakeAllThreads done
Event: 1.070 Executing VM operation: G1CollectForAllocation
Event: 1.074 Executing VM operation: G1CollectForAllocation done
Event: 1.095 Executing VM operation: HandshakeAllThreads
Event: 1.095 Executing VM operation: HandshakeAllThreads done
Event: 1.106 Executing VM operation: HandshakeAllThreads
Event: 1.106 Executing VM operation: HandshakeAllThreads done
Event: 1.132 Executing VM operation: HandshakeAllThreads
Event: 1.132 Executing VM operation: HandshakeAllThreads done
Event: 1.221 Executing VM operation: HandshakeAllThreads
Event: 1.221 Executing VM operation: HandshakeAllThreads done
Event: 2.220 Executing VM operation: Cleanup
Event: 2.287 Executing VM operation: Cleanup done
Event: 3.288 Executing VM operation: Cleanup
Event: 3.288 Executing VM operation: Cleanup done
Event: 5.289 Executing VM operation: Cleanup
Event: 5.897 Executing VM operation: Cleanup done
Event: 6.897 Executing VM operation: Cleanup
Event: 7.008 Executing VM operation: Cleanup done

Memory protections (0 events):
No events

Nmethod flushes (0 events):
No events

Events (20 events):
Event: 0.053 Thread 0x000002b92fcbd5b0 Thread added: 0x000002b94d755950
Event: 0.172 Thread 0x000002b94d5c05b0 Thread added: 0x000002b94d80f8b0
Event: 0.179 Thread 0x000002b94d602500 Thread added: 0x000002b967216de0
Event: 0.404 Thread 0x000002b94d5c05b0 Thread added: 0x000002b967eef370
Event: 0.797 Thread 0x000002b967216de0 Thread exited: 0x000002b967216de0
Event: 0.992 Thread 0x000002b92fcbd5b0 Thread added: 0x000002b96814f180
Event: 1.149 Thread 0x000002b92fcbd5b0 Thread added: 0x000002b968f705d0
Event: 1.219 Thread 0x000002b92fcbd5b0 Thread added: 0x000002b9690084a0
Event: 1.266 Thread 0x000002b968f705d0 Thread added: 0x000002b969085050
Event: 1.268 Thread 0x000002b969085050 Thread added: 0x000002b9690af8e0
Event: 2.288 Thread 0x000002b967eef370 Thread exited: 0x000002b967eef370
Event: 2.288 Thread 0x000002b94d80f8b0 Thread exited: 0x000002b94d80f8b0
Event: 2.293 Thread 0x000002b94d606d00 Thread exited: 0x000002b94d606d00
Event: 2.293 Thread 0x000002b94d602500 Thread exited: 0x000002b94d602500
Event: 2.314 Thread 0x000002b969085050 Thread added: 0x000002b9690b0300
Event: 2.993 Thread 0x000002b94d5c05b0 Thread exited: 0x000002b94d5c05b0
Event: 4.722 Thread 0x000002b969085050 Thread added: 0x000002b9690afdf0
Event: 4.727 Thread 0x000002b9690afdf0 Thread added: 0x000002b9690aeec0
Event: 4.730 Thread 0x000002b9690afdf0 Thread added: 0x000002b9690af3d0
Event: 4.732 Thread 0x000002b9690afdf0 Thread added: 0x000002b9690adf90


Dynamic libraries:
0x00007ff616430000 - 0x00007ff61643e000 	D:\Java SDK\jdk17\bin\java.exe
0x00007ffb792e0000 - 0x00007ffb79545000 	C:\WINDOWS\SYSTEM32\ntdll.dll
0x00007ffb77570000 - 0x00007ffb77639000 	C:\WINDOWS\System32\KERNEL32.DLL
0x00007ffb76860000 - 0x00007ffb76c48000 	C:\WINDOWS\System32\KERNELBASE.dll
0x00007ffb76d10000 - 0x00007ffb76e5b000 	C:\WINDOWS\System32\ucrtbase.dll
0x00007ffb244d0000 - 0x00007ffb244e9000 	D:\Java SDK\jdk17\bin\jli.dll
0x00007ffb195b0000 - 0x00007ffb195cb000 	D:\Java SDK\jdk17\bin\VCRUNTIME140.dll
0x00007ffb78790000 - 0x00007ffb7895a000 	C:\WINDOWS\System32\USER32.dll
0x00007ffb65a90000 - 0x00007ffb65d2a000 	C:\WINDOWS\WinSxS\amd64_microsoft.windows.common-controls_6595b64144ccf1df_6.0.26100.4202_none_3e0698d4e335f517\COMCTL32.dll
0x00007ffb76ce0000 - 0x00007ffb76d07000 	C:\WINDOWS\System32\win32u.dll
0x00007ffb771b0000 - 0x00007ffb77259000 	C:\WINDOWS\System32\msvcrt.dll
0x00007ffb77ad0000 - 0x00007ffb77afb000 	C:\WINDOWS\System32\GDI32.dll
0x00007ffb76720000 - 0x00007ffb76857000 	C:\WINDOWS\System32\gdi32full.dll
0x00007ffb76430000 - 0x00007ffb764d3000 	C:\WINDOWS\System32\msvcp_win.dll
0x00007ffb77170000 - 0x00007ffb771a0000 	C:\WINDOWS\System32\IMM32.DLL
0x00007ffb4a620000 - 0x00007ffb4a62c000 	D:\Java SDK\jdk17\bin\vcruntime140_1.dll
0x00007ffacbea0000 - 0x00007ffacbf2d000 	D:\Java SDK\jdk17\bin\msvcp140.dll
0x00007ffac56a0000 - 0x00007ffac6314000 	D:\Java SDK\jdk17\bin\server\jvm.dll
0x00007ffb77640000 - 0x00007ffb776f3000 	C:\WINDOWS\System32\ADVAPI32.dll
0x00007ffb78960000 - 0x00007ffb78a06000 	C:\WINDOWS\System32\sechost.dll
0x00007ffb78670000 - 0x00007ffb78785000 	C:\WINDOWS\System32\RPCRT4.dll
0x00007ffb78ad0000 - 0x00007ffb78b44000 	C:\WINDOWS\System32\WS2_32.dll
0x00007ffb76280000 - 0x00007ffb762de000 	C:\WINDOWS\SYSTEM32\POWRPROF.dll
0x00007ffb6ee90000 - 0x00007ffb6eec5000 	C:\WINDOWS\SYSTEM32\WINMM.dll
0x00007ffb6fe50000 - 0x00007ffb6fe5b000 	C:\WINDOWS\SYSTEM32\VERSION.dll
0x00007ffb76260000 - 0x00007ffb76274000 	C:\WINDOWS\SYSTEM32\UMPDC.dll
0x00007ffb751b0000 - 0x00007ffb751cb000 	C:\WINDOWS\SYSTEM32\kernel.appcore.dll
0x00007ffb476d0000 - 0x00007ffb476da000 	D:\Java SDK\jdk17\bin\jimage.dll
0x00007ffb6add0000 - 0x00007ffb6b011000 	C:\WINDOWS\SYSTEM32\DBGHELP.DLL
0x00007ffb77c00000 - 0x00007ffb77f85000 	C:\WINDOWS\System32\combase.dll
0x00007ffb77f90000 - 0x00007ffb78071000 	C:\WINDOWS\System32\OLEAUT32.dll
0x00007ffb59a00000 - 0x00007ffb59a39000 	C:\WINDOWS\SYSTEM32\dbgcore.DLL
0x00007ffb76fe0000 - 0x00007ffb77079000 	C:\WINDOWS\System32\bcryptPrimitives.dll
0x00007ffb466b0000 - 0x00007ffb466be000 	D:\Java SDK\jdk17\bin\instrument.dll
0x00007ffacbe70000 - 0x00007ffacbe95000 	D:\Java SDK\jdk17\bin\java.dll
0x00007ffac55c0000 - 0x00007ffac5697000 	D:\Java SDK\jdk17\bin\jsvml.dll
0x00007ffb78b50000 - 0x00007ffb79292000 	C:\WINDOWS\System32\SHELL32.dll
0x00007ffb765a0000 - 0x00007ffb76714000 	C:\WINDOWS\System32\wintypes.dll
0x00007ffb74070000 - 0x00007ffb748c8000 	C:\WINDOWS\SYSTEM32\windows.storage.dll
0x00007ffb77b00000 - 0x00007ffb77bf1000 	C:\WINDOWS\System32\SHCORE.dll
0x00007ffb77500000 - 0x00007ffb7756a000 	C:\WINDOWS\System32\shlwapi.dll
0x00007ffb76340000 - 0x00007ffb7636f000 	C:\WINDOWS\SYSTEM32\profapi.dll
0x00007ffb09ce0000 - 0x00007ffb09cf8000 	D:\Java SDK\jdk17\bin\zip.dll
0x00007ffb032a0000 - 0x00007ffb032b9000 	D:\Java SDK\jdk17\bin\net.dll
0x00007ffb6fbb0000 - 0x00007ffb6fcce000 	C:\WINDOWS\SYSTEM32\WINHTTP.dll
0x00007ffb75700000 - 0x00007ffb7576a000 	C:\WINDOWS\system32\mswsock.dll
0x00007ffaf3f10000 - 0x00007ffaf3f26000 	D:\Java SDK\jdk17\bin\nio.dll
0x00007ffb54370000 - 0x00007ffb54380000 	D:\Java SDK\jdk17\bin\verify.dll
0x00007ffacbf30000 - 0x00007ffacbf57000 	C:\Users\USER\.gradle\native\1def1411415f61bf3af743bc5b6707747c0891f09f0c88961ee8f79bc544acac\windows-amd64\native-platform.dll
0x00007ffac5540000 - 0x00007ffac55b8000 	C:\Users\USER\.gradle\native\0.2.7\x86_64-windows-gnu\gradle-fileevents.dll
0x00007ffb248a0000 - 0x00007ffb248a9000 	D:\Java SDK\jdk17\bin\management.dll
0x00007ffb24890000 - 0x00007ffb2489b000 	D:\Java SDK\jdk17\bin\management_ext.dll
0x00007ffb78ac0000 - 0x00007ffb78ac8000 	C:\WINDOWS\System32\PSAPI.DLL
0x00007ffb74bc0000 - 0x00007ffb74bf3000 	C:\WINDOWS\SYSTEM32\IPHLPAPI.DLL
0x00007ffb77090000 - 0x00007ffb7709a000 	C:\WINDOWS\System32\NSI.dll
0x00007ffb6fe60000 - 0x00007ffb6fe7f000 	C:\WINDOWS\SYSTEM32\dhcpcsvc6.DLL
0x00007ffb6fb80000 - 0x00007ffb6fba5000 	C:\WINDOWS\SYSTEM32\dhcpcsvc.DLL
0x00007ffb74c00000 - 0x00007ffb74d27000 	C:\WINDOWS\SYSTEM32\DNSAPI.dll
0x00007ffb23d60000 - 0x00007ffb23d69000 	D:\Java SDK\jdk17\bin\extnet.dll
0x00007ffb75ae0000 - 0x00007ffb75afb000 	C:\WINDOWS\SYSTEM32\CRYPTSP.dll
0x00007ffb75110000 - 0x00007ffb7514a000 	C:\WINDOWS\system32\rsaenh.dll
0x00007ffb757a0000 - 0x00007ffb757cb000 	C:\WINDOWS\SYSTEM32\USERENV.dll
0x00007ffb76310000 - 0x00007ffb76336000 	C:\WINDOWS\SYSTEM32\bcrypt.dll
0x00007ffb75940000 - 0x00007ffb7594c000 	C:\WINDOWS\SYSTEM32\CRYPTBASE.dll
0x00007ffb23980000 - 0x00007ffb2398e000 	D:\Java SDK\jdk17\bin\sunmscapi.dll
0x00007ffb76e60000 - 0x00007ffb76fd7000 	C:\WINDOWS\System32\CRYPT32.dll
0x00007ffb75c30000 - 0x00007ffb75c60000 	C:\WINDOWS\SYSTEM32\ncrypt.dll
0x00007ffb75be0000 - 0x00007ffb75c1f000 	C:\WINDOWS\SYSTEM32\NTASN1.dll
0x00007ffb1c8f0000 - 0x00007ffb1c8f8000 	C:\WINDOWS\system32\wshunix.dll

dbghelp: loaded successfully - version: 4.0.5 - missing functions: none
symbol engine: initialized successfully - sym options: 0x614 - pdb path: .;D:\Java SDK\jdk17\bin;C:\WINDOWS\SYSTEM32;C:\WINDOWS\WinSxS\amd64_microsoft.windows.common-controls_6595b64144ccf1df_6.0.26100.4202_none_3e0698d4e335f517;D:\Java SDK\jdk17\bin\server;C:\Users\USER\.gradle\native\1def1411415f61bf3af743bc5b6707747c0891f09f0c88961ee8f79bc544acac\windows-amd64;C:\Users\USER\.gradle\native\0.2.7\x86_64-windows-gnu

VM Arguments:
jvm_args: --add-opens=java.base/java.lang=ALL-UNNAMED --add-opens=java.base/java.lang.invoke=ALL-UNNAMED --add-opens=java.base/java.util=ALL-UNNAMED --add-opens=java.prefs/java.util.prefs=ALL-UNNAMED --add-exports=jdk.compiler/com.sun.tools.javac.api=ALL-UNNAMED --add-exports=jdk.compiler/com.sun.tools.javac.util=ALL-UNNAMED --add-opens=java.base/java.util=ALL-UNNAMED --add-opens=java.prefs/java.util.prefs=ALL-UNNAMED --add-opens=java.base/java.nio.charset=ALL-UNNAMED --add-opens=java.base/java.net=ALL-UNNAMED --add-opens=java.base/java.util.concurrent.atomic=ALL-UNNAMED --add-opens=java.xml/javax.xml.namespace=ALL-UNNAMED -XX:MaxMetaspaceSize=384m -XX:+HeapDumpOnOutOfMemoryError -Xms256m -Xmx512m -Dfile.encoding=UTF-8 -Duser.country=CO -Duser.language=es -Duser.variant -javaagent:C:\Users\USER\.gradle\wrapper\dists\gradle-8.14.2-bin\2pb3mgt1p815evrl3weanttgr\gradle-8.14.2\lib\agents\gradle-instrumentation-agent-8.14.2.jar 
java_command: org.gradle.launcher.daemon.bootstrap.GradleDaemon 8.14.2
java_class_path (initial): C:\Users\USER\.gradle\wrapper\dists\gradle-8.14.2-bin\2pb3mgt1p815evrl3weanttgr\gradle-8.14.2\lib\gradle-daemon-main-8.14.2.jar
Launcher Type: SUN_STANDARD

[Global flags]
     intx CICompilerCount                          = 12                                        {product} {ergonomic}
   size_t CompressedClassSpaceSize                 = 335544320                                 {product} {ergonomic}
     uint ConcGCThreads                            = 3                                         {product} {ergonomic}
     uint G1ConcRefinementThreads                  = 13                                        {product} {ergonomic}
   size_t G1HeapRegionSize                         = 1048576                                   {product} {ergonomic}
    uintx GCDrainStackTargetSize                   = 64                                        {product} {ergonomic}
     bool HeapDumpOnOutOfMemoryError               = true                                   {manageable} {command line}
   size_t InitialHeapSize                          = 268435456                                 {product} {command line}
   size_t MarkStackSize                            = 4194304                                   {product} {ergonomic}
   size_t MaxHeapSize                              = 536870912                                 {product} {command line}
   size_t MaxMetaspaceSize                         = 402653184                                 {product} {command line}
   size_t MaxNewSize                               = 321912832                                 {product} {ergonomic}
   size_t MinHeapDeltaBytes                        = 1048576                                   {product} {ergonomic}
   size_t MinHeapSize                              = 268435456                                 {product} {command line}
    uintx NonNMethodCodeHeapSize                   = 7602480                                {pd product} {ergonomic}
    uintx NonProfiledCodeHeapSize                  = 122027880                              {pd product} {ergonomic}
    uintx ProfiledCodeHeapSize                     = 122027880                              {pd product} {ergonomic}
    uintx ReservedCodeCacheSize                    = 251658240                              {pd product} {ergonomic}
     bool SegmentedCodeCache                       = true                                      {product} {ergonomic}
   size_t SoftMaxHeapSize                          = 536870912                              {manageable} {ergonomic}
     bool UseCompressedClassPointers               = true                           {product lp64_product} {ergonomic}
     bool UseCompressedOops                        = true                           {product lp64_product} {ergonomic}
     bool UseG1GC                                  = true                                      {product} {ergonomic}
     bool UseLargePagesIndividualAllocation        = false                                  {pd product} {ergonomic}

Logging:
Log output configuration:
 #0: stdout all=warning uptime,level,tags
 #1: stderr all=off uptime,level,tags

Environment Variables:
JAVA_HOME=D:\Java SDK\jdk17
PATH=C:\WINDOWS\system32;C:\WINDOWS;C:\WINDOWS\System32\Wbem;C:\WINDOWS\System32\WindowsPowerShell\v1.0\;C:\WINDOWS\System32\OpenSSH\;D:\Git\cmd;D:\Java SDK\jdk17\bin;D:\flutter\bin;D:\Windows Kits\10\Windows Performance Toolkit\;C:\Program Files\Docker\Docker\resources\bin;D:\Program Files\nodejs\;C:\Users\USER\AppData\Local\Microsoft\WindowsApps;C:\Users\USER\AppData\Local\GitHubDesktop\bin;D:\Program Files\Microsoft VS Code\bin;D:\Program Files\JetBrains\IntelliJ IDEA Community Edition 2024.3.1.1\bin;;C:\Users\USER\AppData\Roaming\npm
USERNAME=USER
OS=Windows_NT
PROCESSOR_IDENTIFIER=AMD64 Family 25 Model 80 Stepping 0, AuthenticAMD
TMP=C:\Users\USER\AppData\Local\Temp
TEMP=C:\Users\USER\AppData\Local\Temp



Periodic native trim disabled


---------------  S Y S T E M  ---------------

OS:
 Windows 11 , 64 bit Build 26100 (10.0.26100.4202)
OS uptime: 0 days 13:49 hours
Hyper-V role detected

CPU: total 16 (initial active 16) (16 cores per cpu, 2 threads per core) family 25 model 80 stepping 0 microcode 0xa50000c, cx8, cmov, fxsr, ht, mmx, 3dnowpref, sse, sse2, sse3, ssse3, sse4a, sse4.1, sse4.2, popcnt, lzcnt, tsc, tscinvbit, avx, avx2, aes, erms, clmul, bmi1, bmi2, adx, sha, fma, vzeroupper, clflush, clflushopt, hv
Processor Information for all 16 processors :
  Max Mhz: 3801, Current Mhz: 3801, Mhz Limit: 3801

Memory: 4k page, system-wide physical 28565M (8421M free)
TotalPageFile size 32661M (AvailPageFile size 6M)
current process WorkingSet (physical memory assigned to process): 178M, peak: 178M
current process commit charge ("private bytes"): 412M, peak: 413M

vm_info: OpenJDK 64-Bit Server VM (17.0.13+11-LTS) for windows-amd64 JRE (17.0.13+11-LTS) (Zulu17.54+21-CA), built on Oct  1 2024 15:07:38 by "zulu_re" with MS VC++ 16.10 / 16.11 (VS2019)

END.
