#
# There is insufficient memory for the Java Runtime Environment to continue.
# Native memory allocation (malloc) failed to allocate 1948176 bytes. Error detail: Chunk::new
# Possible reasons:
#   The system is out of physical RAM or swap space
#   This process is running with CompressedOops enabled, and the Java Heap may be blocking the growth of the native heap
# Possible solutions:
#   Reduce memory load on the system
#   Increase physical memory or swap space
#   Check if swap backing store is full
#   Decrease Java heap size (-Xmx/-Xms)
#   Decrease number of Java threads
#   Decrease Java thread stack sizes (-Xss)
#   Set larger code cache with -XX:ReservedCodeCacheSize=
#   JVM is running with Unscaled Compressed Oops mode in which the Java heap is
#     placed in the first 4GB address space. The Java Heap base address is the
#     maximum limit for the native heap growth. Please use -XX:HeapBaseMinAddress
#     to set the Java Heap base and to place the Java Heap above 4GB virtual address.
# This output file may be truncated or incomplete.
#
#  Out of Memory Error (arena.cpp:191), pid=25152, tid=19756
#
# JRE version: OpenJDK Runtime Environment Zulu17.54+21-CA (17.0.13+11) (build 17.0.13+11-LTS)
# Java VM: OpenJDK 64-Bit Server VM Zulu17.54+21-CA (17.0.13+11-LTS, mixed mode, sharing, tiered, compressed oops, compressed class ptrs, g1 gc, windows-amd64)
# No core dump will be written. Minidumps are not enabled by default on client versions of Windows
#

---------------  S U M M A R Y ------------

Command Line: --add-opens=java.base/java.lang=ALL-UNNAMED --add-opens=java.base/java.lang.invoke=ALL-UNNAMED --add-opens=java.base/java.util=ALL-UNNAMED --add-opens=java.prefs/java.util.prefs=ALL-UNNAMED --add-exports=jdk.compiler/com.sun.tools.javac.api=ALL-UNNAMED --add-exports=jdk.compiler/com.sun.tools.javac.util=ALL-UNNAMED --add-opens=java.base/java.util=ALL-UNNAMED --add-opens=java.prefs/java.util.prefs=ALL-UNNAMED --add-opens=java.base/java.nio.charset=ALL-UNNAMED --add-opens=java.base/java.net=ALL-UNNAMED --add-opens=java.base/java.util.concurrent.atomic=ALL-UNNAMED --add-opens=java.xml/javax.xml.namespace=ALL-UNNAMED -XX:MaxMetaspaceSize=384m -XX:+HeapDumpOnOutOfMemoryError -Xms256m -Xmx512m -Dfile.encoding=UTF-8 -Duser.country=CO -Duser.language=es -Duser.variant -javaagent:C:\Users\USER\.gradle\wrapper\dists\gradle-8.14.2-bin\2pb3mgt1p815evrl3weanttgr\gradle-8.14.2\lib\agents\gradle-instrumentation-agent-8.14.2.jar org.gradle.launcher.daemon.bootstrap.GradleDaemon 8.14.2

Host: AMD Ryzen 7 5700G with Radeon Graphics         , 16 cores, 27G,  Windows 11 , 64 bit Build 26100 (10.0.26100.4202)
Time: Wed Jul  2 23:45:14 2025 Hora est. Pacífico, Sudamérica elapsed time: 13.636598 seconds (0d 0h 0m 13s)

---------------  T H R E A D  ---------------

Current thread (0x000001ce61c7f100):  JavaThread "C2 CompilerThread1" daemon [_thread_in_native, id=19756, stack(0x0000000101c00000,0x0000000101d00000)]


Current CompileTask:
C2:  13636 2402       4       jdk.internal.org.objectweb.asm.Frame::execute (2305 bytes)

Stack: [0x0000000101c00000,0x0000000101d00000]
Native frames: (J=compiled Java code, j=interpreted, Vv=VM code, C=native code)
V  [jvm.dll+0x685369]
V  [jvm.dll+0x83d20a]
V  [jvm.dll+0x83ecce]
V  [jvm.dll+0x83f333]
V  [jvm.dll+0x24c09f]
V  [jvm.dll+0xac9f4]
V  [jvm.dll+0xad03c]
V  [jvm.dll+0x36be22]
V  [jvm.dll+0x335a2a]
V  [jvm.dll+0x334eca]
V  [jvm.dll+0x21acf1]
V  [jvm.dll+0x21a131]
V  [jvm.dll+0x1a5bbd]
V  [jvm.dll+0x229e9e]
V  [jvm.dll+0x22801c]
V  [jvm.dll+0x7f20d7]
V  [jvm.dll+0x7ec49c]
V  [jvm.dll+0x684237]
C  [ucrtbase.dll+0x37b0]
C  [KERNEL32.DLL+0x2e8d7]
C  [ntdll.dll+0x3c34c]


---------------  P R O C E S S  ---------------

Threads class SMR info:
_java_thread_list=0x000001ce62e55030, length=28, elements={
0x000001ce2be07f20, 0x000001ce47512430, 0x000001ce47514f20, 0x000001ce475256d0,
0x000001ce47527fc0, 0x000001ce475288a0, 0x000001ce47529180, 0x000001ce47529d90,
0x000001ce47690090, 0x000001ce476909b0, 0x000001ce474ffe30, 0x000001ce477ebc60,
0x000001ce62149f30, 0x000001ce62138a30, 0x000001ce624d4e40, 0x000001ce61c7f100,
0x000001ce62409300, 0x000001ce6268f6f0, 0x000001ce6230ac10, 0x000001ce61a48960,
0x000001ce627702b0, 0x000001ce6276da30, 0x000001ce6276df40, 0x000001ce6276e450,
0x000001ce6276e960, 0x000001ce6276f890, 0x000001ce6276fda0, 0x000001ce627707c0
}

Java Threads: ( => current thread )
  0x000001ce2be07f20 JavaThread "main" [_thread_blocked, id=27336, stack(0x0000000100600000,0x0000000100700000)]
  0x000001ce47512430 JavaThread "Reference Handler" daemon [_thread_blocked, id=21516, stack(0x0000000100d00000,0x0000000100e00000)]
  0x000001ce47514f20 JavaThread "Finalizer" daemon [_thread_blocked, id=20792, stack(0x0000000100e00000,0x0000000100f00000)]
  0x000001ce475256d0 JavaThread "Signal Dispatcher" daemon [_thread_blocked, id=28420, stack(0x0000000100f00000,0x0000000101000000)]
  0x000001ce47527fc0 JavaThread "Attach Listener" daemon [_thread_blocked, id=23528, stack(0x0000000101000000,0x0000000101100000)]
  0x000001ce475288a0 JavaThread "Service Thread" daemon [_thread_blocked, id=33532, stack(0x0000000101100000,0x0000000101200000)]
  0x000001ce47529180 JavaThread "Monitor Deflation Thread" daemon [_thread_blocked, id=12152, stack(0x0000000101200000,0x0000000101300000)]
  0x000001ce47529d90 JavaThread "C2 CompilerThread0" daemon [_thread_blocked, id=32172, stack(0x0000000101300000,0x0000000101400000)]
  0x000001ce47690090 JavaThread "C1 CompilerThread0" daemon [_thread_blocked, id=25892, stack(0x0000000101400000,0x0000000101500000)]
  0x000001ce476909b0 JavaThread "Sweeper thread" daemon [_thread_blocked, id=22612, stack(0x0000000101500000,0x0000000101600000)]
  0x000001ce474ffe30 JavaThread "Common-Cleaner" daemon [_thread_blocked, id=25972, stack(0x0000000101600000,0x0000000101700000)]
  0x000001ce477ebc60 JavaThread "Notification Thread" daemon [_thread_blocked, id=28124, stack(0x0000000101a00000,0x0000000101b00000)]
  0x000001ce62149f30 JavaThread "C1 CompilerThread1" daemon [_thread_blocked, id=33696, stack(0x0000000101700000,0x0000000101800000)]
  0x000001ce62138a30 JavaThread "C1 CompilerThread2" daemon [_thread_blocked, id=32444, stack(0x0000000101800000,0x0000000101900000)]
  0x000001ce624d4e40 JavaThread "C1 CompilerThread3" daemon [_thread_blocked, id=22320, stack(0x0000000101900000,0x0000000101a00000)]
=>0x000001ce61c7f100 JavaThread "C2 CompilerThread1" daemon [_thread_in_native, id=19756, stack(0x0000000101c00000,0x0000000101d00000)]
  0x000001ce62409300 JavaThread "Daemon health stats" [_thread_blocked, id=30152, stack(0x0000000101d00000,0x0000000101e00000)]
  0x000001ce6268f6f0 JavaThread "Incoming local TCP Connector on port 49740" [_thread_in_native, id=32056, stack(0x0000000101e00000,0x0000000101f00000)]
  0x000001ce6230ac10 JavaThread "Daemon periodic checks" [_thread_blocked, id=22912, stack(0x0000000102400000,0x0000000102500000)]
  0x000001ce61a48960 JavaThread "Daemon" [_thread_blocked, id=29804, stack(0x0000000102c00000,0x0000000102d00000)]
  0x000001ce627702b0 JavaThread "Handler for socket connection from /127.0.0.1:49740 to /127.0.0.1:49741" [_thread_in_native, id=32976, stack(0x0000000102d00000,0x0000000102e00000)]
  0x000001ce6276da30 JavaThread "Cancel handler" [_thread_blocked, id=32620, stack(0x0000000102e00000,0x0000000102f00000)]
  0x000001ce6276df40 JavaThread "Daemon worker" [_thread_blocked, id=30528, stack(0x0000000102f00000,0x0000000103000000)]
  0x000001ce6276e450 JavaThread "Asynchronous log dispatcher for DefaultDaemonConnection: socket connection from /127.0.0.1:49740 to /127.0.0.1:49741" [_thread_blocked, id=14048, stack(0x0000000103000000,0x0000000103100000)]
  0x000001ce6276e960 JavaThread "Stdin handler" [_thread_blocked, id=24600, stack(0x0000000103100000,0x0000000103200000)]
  0x000001ce6276f890 JavaThread "Daemon client event forwarder" [_thread_blocked, id=32028, stack(0x0000000103200000,0x0000000103300000)]
  0x000001ce6276fda0 JavaThread "Cache worker for journal cache (C:\Users\USER\.gradle\caches\journal-1)" [_thread_blocked, id=31696, stack(0x0000000103300000,0x0000000103400000)]
  0x000001ce627707c0 JavaThread "File lock request listener" [_thread_in_native, id=30144, stack(0x0000000103400000,0x0000000103500000)]

Other Threads:
  0x000001ce4750f340 VMThread "VM Thread" [stack: 0x0000000100c00000,0x0000000100d00000] [id=21136]
  0x000001ce4793ec60 WatcherThread [stack: 0x0000000101b00000,0x0000000101c00000] [id=15864]
  0x000001ce2be39dd0 GCTaskThread "GC Thread#0" [stack: 0x0000000100700000,0x0000000100800000] [id=15288]
  0x000001ce611ff540 GCTaskThread "GC Thread#1" [stack: 0x0000000101f00000,0x0000000102000000] [id=33396]
  0x000001ce47a2f860 GCTaskThread "GC Thread#2" [stack: 0x0000000102000000,0x0000000102100000] [id=20612]
  0x000001ce612694a0 GCTaskThread "GC Thread#3" [stack: 0x0000000102100000,0x0000000102200000] [id=33408]
  0x000001ce612683c0 GCTaskThread "GC Thread#4" [stack: 0x0000000102200000,0x0000000102300000] [id=28648]
  0x000001ce61267b50 GCTaskThread "GC Thread#5" [stack: 0x0000000102300000,0x0000000102400000] [id=23960]
  0x000001ce61268690 GCTaskThread "GC Thread#6" [stack: 0x0000000102500000,0x0000000102600000] [id=31712]
  0x000001ce61268c30 GCTaskThread "GC Thread#7" [stack: 0x0000000102600000,0x0000000102700000] [id=32316]
  0x000001ce612680f0 GCTaskThread "GC Thread#8" [stack: 0x0000000102700000,0x0000000102800000] [id=23736]
  0x000001ce61267880 GCTaskThread "GC Thread#9" [stack: 0x0000000102800000,0x0000000102900000] [id=16524]
  0x000001ce4783ba10 GCTaskThread "GC Thread#10" [stack: 0x0000000102900000,0x0000000102a00000] [id=28436]
  0x000001ce4783ef80 GCTaskThread "GC Thread#11" [stack: 0x0000000102a00000,0x0000000102b00000] [id=32884]
  0x000001ce2be3ec40 ConcurrentGCThread "G1 Main Marker" [stack: 0x0000000100800000,0x0000000100900000] [id=30312]
  0x000001ce2be410f0 ConcurrentGCThread "G1 Conc#0" [stack: 0x0000000100900000,0x0000000100a00000] [id=33156]
  0x000001ce2bebe3e0 ConcurrentGCThread "G1 Refine#0" [stack: 0x0000000100a00000,0x0000000100b00000] [id=17696]
  0x000001ce61529480 ConcurrentGCThread "G1 Refine#1" [stack: 0x0000000102b00000,0x0000000102c00000] [id=30224]
  0x000001ce2bebebd0 ConcurrentGCThread "G1 Service" [stack: 0x0000000100b00000,0x0000000100c00000] [id=29860]

Threads with active compile tasks:
C2 CompilerThread1    13665 2402       4       jdk.internal.org.objectweb.asm.Frame::execute (2305 bytes)

VM state: not at safepoint (normal execution)

VM Mutex/Monitor currently owned by a thread: None

Heap address: 0x00000000e0000000, size: 512 MB, Compressed Oops mode: 32-bit

CDS archive(s) mapped at: [0x000001ce48000000-0x000001ce48bd0000-0x000001ce48bd0000), size 12386304, SharedBaseAddress: 0x000001ce48000000, ArchiveRelocationMode: 1.
Compressed class space mapped at: 0x000001ce49000000-0x000001ce5d000000, reserved size: 335544320
Narrow klass base: 0x000001ce48000000, Narrow klass shift: 0, Narrow klass range: 0x100000000

GC Precious Log:
 CPUs: 16 total, 16 available
 Memory: 28565M
 Large Page Support: Disabled
 NUMA Support: Disabled
 Compressed Oops: Enabled (32-bit)
 Heap Region Size: 1M
 Heap Min Capacity: 256M
 Heap Initial Capacity: 256M
 Heap Max Capacity: 512M
 Pre-touch: Disabled
 Parallel Workers: 13
 Concurrent Workers: 3
 Concurrent Refinement Workers: 13
 Periodic GC: Disabled

Heap:
 garbage-first heap   total 262144K, used 51596K [0x00000000e0000000, 0x0000000100000000)
  region size 1024K, 43 young (44032K), 10 survivors (10240K)
 Metaspace       used 14606K, committed 14848K, reserved 393216K
  class space    used 2002K, committed 2112K, reserved 327680K

Heap Regions: E=young(eden), S=young(survivor), O=old, HS=humongous(starts), HC=humongous(continues), CS=collection set, F=free, OA=open archive, CA=closed archive, TAMS=top-at-mark-start (previous, next)
|   0|0x00000000e0000000, 0x00000000e0100000, 0x00000000e0100000|100%|HS|  |TAMS 0x00000000e0000000, 0x00000000e0000000| Complete 
|   1|0x00000000e0100000, 0x00000000e0200000, 0x00000000e0200000|100%|HC|  |TAMS 0x00000000e0100000, 0x00000000e0100000| Complete 
|   2|0x00000000e0200000, 0x00000000e0300000, 0x00000000e0300000|100%|HC|  |TAMS 0x00000000e0200000, 0x00000000e0200000| Complete 
|   3|0x00000000e0300000, 0x00000000e0400000, 0x00000000e0400000|100%| O|  |TAMS 0x00000000e0300000, 0x00000000e0300000| Untracked 
|   4|0x00000000e0400000, 0x00000000e0500000, 0x00000000e0500000|100%| O|  |TAMS 0x00000000e0400000, 0x00000000e0400000| Untracked 
|   5|0x00000000e0500000, 0x00000000e0600000, 0x00000000e0600000|100%| O|  |TAMS 0x00000000e0500000, 0x00000000e0500000| Untracked 
|   6|0x00000000e0600000, 0x00000000e0700000, 0x00000000e0700000|100%|HS|  |TAMS 0x00000000e0600000, 0x00000000e0600000| Complete 
|   7|0x00000000e0700000, 0x00000000e0700000, 0x00000000e0800000|  0%| F|  |TAMS 0x00000000e0700000, 0x00000000e0700000| Untracked 
|   8|0x00000000e0800000, 0x00000000e0900000, 0x00000000e0900000|100%| O|  |TAMS 0x00000000e0800000, 0x00000000e0800000| Untracked 
|   9|0x00000000e0900000, 0x00000000e0963200, 0x00000000e0a00000| 38%| O|  |TAMS 0x00000000e0900000, 0x00000000e0900000| Untracked 
|  10|0x00000000e0a00000, 0x00000000e0a00000, 0x00000000e0b00000|  0%| F|  |TAMS 0x00000000e0a00000, 0x00000000e0a00000| Untracked 
|  11|0x00000000e0b00000, 0x00000000e0b00000, 0x00000000e0c00000|  0%| F|  |TAMS 0x00000000e0b00000, 0x00000000e0b00000| Untracked 
|  12|0x00000000e0c00000, 0x00000000e0c00000, 0x00000000e0d00000|  0%| F|  |TAMS 0x00000000e0c00000, 0x00000000e0c00000| Untracked 
|  13|0x00000000e0d00000, 0x00000000e0d00000, 0x00000000e0e00000|  0%| F|  |TAMS 0x00000000e0d00000, 0x00000000e0d00000| Untracked 
|  14|0x00000000e0e00000, 0x00000000e0e00000, 0x00000000e0f00000|  0%| F|  |TAMS 0x00000000e0e00000, 0x00000000e0e00000| Untracked 
|  15|0x00000000e0f00000, 0x00000000e0f00000, 0x00000000e1000000|  0%| F|  |TAMS 0x00000000e0f00000, 0x00000000e0f00000| Untracked 
|  16|0x00000000e1000000, 0x00000000e1000000, 0x00000000e1100000|  0%| F|  |TAMS 0x00000000e1000000, 0x00000000e1000000| Untracked 
|  17|0x00000000e1100000, 0x00000000e1100000, 0x00000000e1200000|  0%| F|  |TAMS 0x00000000e1100000, 0x00000000e1100000| Untracked 
|  18|0x00000000e1200000, 0x00000000e1200000, 0x00000000e1300000|  0%| F|  |TAMS 0x00000000e1200000, 0x00000000e1200000| Untracked 
|  19|0x00000000e1300000, 0x00000000e1300000, 0x00000000e1400000|  0%| F|  |TAMS 0x00000000e1300000, 0x00000000e1300000| Untracked 
|  20|0x00000000e1400000, 0x00000000e1400000, 0x00000000e1500000|  0%| F|  |TAMS 0x00000000e1400000, 0x00000000e1400000| Untracked 
|  21|0x00000000e1500000, 0x00000000e1500000, 0x00000000e1600000|  0%| F|  |TAMS 0x00000000e1500000, 0x00000000e1500000| Untracked 
|  22|0x00000000e1600000, 0x00000000e1600000, 0x00000000e1700000|  0%| F|  |TAMS 0x00000000e1600000, 0x00000000e1600000| Untracked 
|  23|0x00000000e1700000, 0x00000000e1700000, 0x00000000e1800000|  0%| F|  |TAMS 0x00000000e1700000, 0x00000000e1700000| Untracked 
|  24|0x00000000e1800000, 0x00000000e1800000, 0x00000000e1900000|  0%| F|  |TAMS 0x00000000e1800000, 0x00000000e1800000| Untracked 
|  25|0x00000000e1900000, 0x00000000e1900000, 0x00000000e1a00000|  0%| F|  |TAMS 0x00000000e1900000, 0x00000000e1900000| Untracked 
|  26|0x00000000e1a00000, 0x00000000e1a00000, 0x00000000e1b00000|  0%| F|  |TAMS 0x00000000e1a00000, 0x00000000e1a00000| Untracked 
|  27|0x00000000e1b00000, 0x00000000e1b00000, 0x00000000e1c00000|  0%| F|  |TAMS 0x00000000e1b00000, 0x00000000e1b00000| Untracked 
|  28|0x00000000e1c00000, 0x00000000e1c00000, 0x00000000e1d00000|  0%| F|  |TAMS 0x00000000e1c00000, 0x00000000e1c00000| Untracked 
|  29|0x00000000e1d00000, 0x00000000e1d00000, 0x00000000e1e00000|  0%| F|  |TAMS 0x00000000e1d00000, 0x00000000e1d00000| Untracked 
|  30|0x00000000e1e00000, 0x00000000e1e00000, 0x00000000e1f00000|  0%| F|  |TAMS 0x00000000e1e00000, 0x00000000e1e00000| Untracked 
|  31|0x00000000e1f00000, 0x00000000e1f00000, 0x00000000e2000000|  0%| F|  |TAMS 0x00000000e1f00000, 0x00000000e1f00000| Untracked 
|  32|0x00000000e2000000, 0x00000000e2000000, 0x00000000e2100000|  0%| F|  |TAMS 0x00000000e2000000, 0x00000000e2000000| Untracked 
|  33|0x00000000e2100000, 0x00000000e2100000, 0x00000000e2200000|  0%| F|  |TAMS 0x00000000e2100000, 0x00000000e2100000| Untracked 
|  34|0x00000000e2200000, 0x00000000e2200000, 0x00000000e2300000|  0%| F|  |TAMS 0x00000000e2200000, 0x00000000e2200000| Untracked 
|  35|0x00000000e2300000, 0x00000000e2300000, 0x00000000e2400000|  0%| F|  |TAMS 0x00000000e2300000, 0x00000000e2300000| Untracked 
|  36|0x00000000e2400000, 0x00000000e2400000, 0x00000000e2500000|  0%| F|  |TAMS 0x00000000e2400000, 0x00000000e2400000| Untracked 
|  37|0x00000000e2500000, 0x00000000e2500000, 0x00000000e2600000|  0%| F|  |TAMS 0x00000000e2500000, 0x00000000e2500000| Untracked 
|  38|0x00000000e2600000, 0x00000000e2600000, 0x00000000e2700000|  0%| F|  |TAMS 0x00000000e2600000, 0x00000000e2600000| Untracked 
|  39|0x00000000e2700000, 0x00000000e2700000, 0x00000000e2800000|  0%| F|  |TAMS 0x00000000e2700000, 0x00000000e2700000| Untracked 
|  40|0x00000000e2800000, 0x00000000e2800000, 0x00000000e2900000|  0%| F|  |TAMS 0x00000000e2800000, 0x00000000e2800000| Untracked 
|  41|0x00000000e2900000, 0x00000000e2900000, 0x00000000e2a00000|  0%| F|  |TAMS 0x00000000e2900000, 0x00000000e2900000| Untracked 
|  42|0x00000000e2a00000, 0x00000000e2a00000, 0x00000000e2b00000|  0%| F|  |TAMS 0x00000000e2a00000, 0x00000000e2a00000| Untracked 
|  43|0x00000000e2b00000, 0x00000000e2b00000, 0x00000000e2c00000|  0%| F|  |TAMS 0x00000000e2b00000, 0x00000000e2b00000| Untracked 
|  44|0x00000000e2c00000, 0x00000000e2c00000, 0x00000000e2d00000|  0%| F|  |TAMS 0x00000000e2c00000, 0x00000000e2c00000| Untracked 
|  45|0x00000000e2d00000, 0x00000000e2d00000, 0x00000000e2e00000|  0%| F|  |TAMS 0x00000000e2d00000, 0x00000000e2d00000| Untracked 
|  46|0x00000000e2e00000, 0x00000000e2e00000, 0x00000000e2f00000|  0%| F|  |TAMS 0x00000000e2e00000, 0x00000000e2e00000| Untracked 
|  47|0x00000000e2f00000, 0x00000000e2f00000, 0x00000000e3000000|  0%| F|  |TAMS 0x00000000e2f00000, 0x00000000e2f00000| Untracked 
|  48|0x00000000e3000000, 0x00000000e3000000, 0x00000000e3100000|  0%| F|  |TAMS 0x00000000e3000000, 0x00000000e3000000| Untracked 
|  49|0x00000000e3100000, 0x00000000e3100000, 0x00000000e3200000|  0%| F|  |TAMS 0x00000000e3100000, 0x00000000e3100000| Untracked 
|  50|0x00000000e3200000, 0x00000000e3200000, 0x00000000e3300000|  0%| F|  |TAMS 0x00000000e3200000, 0x00000000e3200000| Untracked 
|  51|0x00000000e3300000, 0x00000000e3300000, 0x00000000e3400000|  0%| F|  |TAMS 0x00000000e3300000, 0x00000000e3300000| Untracked 
|  52|0x00000000e3400000, 0x00000000e3400000, 0x00000000e3500000|  0%| F|  |TAMS 0x00000000e3400000, 0x00000000e3400000| Untracked 
|  53|0x00000000e3500000, 0x00000000e3500000, 0x00000000e3600000|  0%| F|  |TAMS 0x00000000e3500000, 0x00000000e3500000| Untracked 
|  54|0x00000000e3600000, 0x00000000e3600000, 0x00000000e3700000|  0%| F|  |TAMS 0x00000000e3600000, 0x00000000e3600000| Untracked 
|  55|0x00000000e3700000, 0x00000000e3700000, 0x00000000e3800000|  0%| F|  |TAMS 0x00000000e3700000, 0x00000000e3700000| Untracked 
|  56|0x00000000e3800000, 0x00000000e3800000, 0x00000000e3900000|  0%| F|  |TAMS 0x00000000e3800000, 0x00000000e3800000| Untracked 
|  57|0x00000000e3900000, 0x00000000e3900000, 0x00000000e3a00000|  0%| F|  |TAMS 0x00000000e3900000, 0x00000000e3900000| Untracked 
|  58|0x00000000e3a00000, 0x00000000e3a00000, 0x00000000e3b00000|  0%| F|  |TAMS 0x00000000e3a00000, 0x00000000e3a00000| Untracked 
|  59|0x00000000e3b00000, 0x00000000e3b00000, 0x00000000e3c00000|  0%| F|  |TAMS 0x00000000e3b00000, 0x00000000e3b00000| Untracked 
|  60|0x00000000e3c00000, 0x00000000e3c00000, 0x00000000e3d00000|  0%| F|  |TAMS 0x00000000e3c00000, 0x00000000e3c00000| Untracked 
|  61|0x00000000e3d00000, 0x00000000e3d00000, 0x00000000e3e00000|  0%| F|  |TAMS 0x00000000e3d00000, 0x00000000e3d00000| Untracked 
|  62|0x00000000e3e00000, 0x00000000e3e00000, 0x00000000e3f00000|  0%| F|  |TAMS 0x00000000e3e00000, 0x00000000e3e00000| Untracked 
|  63|0x00000000e3f00000, 0x00000000e3f00000, 0x00000000e4000000|  0%| F|  |TAMS 0x00000000e3f00000, 0x00000000e3f00000| Untracked 
|  64|0x00000000e4000000, 0x00000000e4000000, 0x00000000e4100000|  0%| F|  |TAMS 0x00000000e4000000, 0x00000000e4000000| Untracked 
|  65|0x00000000e4100000, 0x00000000e4100000, 0x00000000e4200000|  0%| F|  |TAMS 0x00000000e4100000, 0x00000000e4100000| Untracked 
|  66|0x00000000e4200000, 0x00000000e4200000, 0x00000000e4300000|  0%| F|  |TAMS 0x00000000e4200000, 0x00000000e4200000| Untracked 
|  67|0x00000000e4300000, 0x00000000e4300000, 0x00000000e4400000|  0%| F|  |TAMS 0x00000000e4300000, 0x00000000e4300000| Untracked 
|  68|0x00000000e4400000, 0x00000000e4400000, 0x00000000e4500000|  0%| F|  |TAMS 0x00000000e4400000, 0x00000000e4400000| Untracked 
|  69|0x00000000e4500000, 0x00000000e4500000, 0x00000000e4600000|  0%| F|  |TAMS 0x00000000e4500000, 0x00000000e4500000| Untracked 
|  70|0x00000000e4600000, 0x00000000e4600000, 0x00000000e4700000|  0%| F|  |TAMS 0x00000000e4600000, 0x00000000e4600000| Untracked 
|  71|0x00000000e4700000, 0x00000000e4700000, 0x00000000e4800000|  0%| F|  |TAMS 0x00000000e4700000, 0x00000000e4700000| Untracked 
|  72|0x00000000e4800000, 0x00000000e4800000, 0x00000000e4900000|  0%| F|  |TAMS 0x00000000e4800000, 0x00000000e4800000| Untracked 
|  73|0x00000000e4900000, 0x00000000e4900000, 0x00000000e4a00000|  0%| F|  |TAMS 0x00000000e4900000, 0x00000000e4900000| Untracked 
|  74|0x00000000e4a00000, 0x00000000e4a00000, 0x00000000e4b00000|  0%| F|  |TAMS 0x00000000e4a00000, 0x00000000e4a00000| Untracked 
|  75|0x00000000e4b00000, 0x00000000e4b00000, 0x00000000e4c00000|  0%| F|  |TAMS 0x00000000e4b00000, 0x00000000e4b00000| Untracked 
|  76|0x00000000e4c00000, 0x00000000e4c00000, 0x00000000e4d00000|  0%| F|  |TAMS 0x00000000e4c00000, 0x00000000e4c00000| Untracked 
|  77|0x00000000e4d00000, 0x00000000e4d00000, 0x00000000e4e00000|  0%| F|  |TAMS 0x00000000e4d00000, 0x00000000e4d00000| Untracked 
|  78|0x00000000e4e00000, 0x00000000e4e00000, 0x00000000e4f00000|  0%| F|  |TAMS 0x00000000e4e00000, 0x00000000e4e00000| Untracked 
|  79|0x00000000e4f00000, 0x00000000e4f00000, 0x00000000e5000000|  0%| F|  |TAMS 0x00000000e4f00000, 0x00000000e4f00000| Untracked 
|  80|0x00000000e5000000, 0x00000000e5000000, 0x00000000e5100000|  0%| F|  |TAMS 0x00000000e5000000, 0x00000000e5000000| Untracked 
|  81|0x00000000e5100000, 0x00000000e5100000, 0x00000000e5200000|  0%| F|  |TAMS 0x00000000e5100000, 0x00000000e5100000| Untracked 
|  82|0x00000000e5200000, 0x00000000e5200000, 0x00000000e5300000|  0%| F|  |TAMS 0x00000000e5200000, 0x00000000e5200000| Untracked 
|  83|0x00000000e5300000, 0x00000000e5300000, 0x00000000e5400000|  0%| F|  |TAMS 0x00000000e5300000, 0x00000000e5300000| Untracked 
|  84|0x00000000e5400000, 0x00000000e5400000, 0x00000000e5500000|  0%| F|  |TAMS 0x00000000e5400000, 0x00000000e5400000| Untracked 
|  85|0x00000000e5500000, 0x00000000e5500000, 0x00000000e5600000|  0%| F|  |TAMS 0x00000000e5500000, 0x00000000e5500000| Untracked 
|  86|0x00000000e5600000, 0x00000000e5600000, 0x00000000e5700000|  0%| F|  |TAMS 0x00000000e5600000, 0x00000000e5600000| Untracked 
|  87|0x00000000e5700000, 0x00000000e5700000, 0x00000000e5800000|  0%| F|  |TAMS 0x00000000e5700000, 0x00000000e5700000| Untracked 
|  88|0x00000000e5800000, 0x00000000e5800000, 0x00000000e5900000|  0%| F|  |TAMS 0x00000000e5800000, 0x00000000e5800000| Untracked 
|  89|0x00000000e5900000, 0x00000000e5900000, 0x00000000e5a00000|  0%| F|  |TAMS 0x00000000e5900000, 0x00000000e5900000| Untracked 
|  90|0x00000000e5a00000, 0x00000000e5a00000, 0x00000000e5b00000|  0%| F|  |TAMS 0x00000000e5a00000, 0x00000000e5a00000| Untracked 
|  91|0x00000000e5b00000, 0x00000000e5b00000, 0x00000000e5c00000|  0%| F|  |TAMS 0x00000000e5b00000, 0x00000000e5b00000| Untracked 
|  92|0x00000000e5c00000, 0x00000000e5c00000, 0x00000000e5d00000|  0%| F|  |TAMS 0x00000000e5c00000, 0x00000000e5c00000| Untracked 
|  93|0x00000000e5d00000, 0x00000000e5d00000, 0x00000000e5e00000|  0%| F|  |TAMS 0x00000000e5d00000, 0x00000000e5d00000| Untracked 
|  94|0x00000000e5e00000, 0x00000000e5e00000, 0x00000000e5f00000|  0%| F|  |TAMS 0x00000000e5e00000, 0x00000000e5e00000| Untracked 
|  95|0x00000000e5f00000, 0x00000000e5f00000, 0x00000000e6000000|  0%| F|  |TAMS 0x00000000e5f00000, 0x00000000e5f00000| Untracked 
|  96|0x00000000e6000000, 0x00000000e6000000, 0x00000000e6100000|  0%| F|  |TAMS 0x00000000e6000000, 0x00000000e6000000| Untracked 
|  97|0x00000000e6100000, 0x00000000e6100000, 0x00000000e6200000|  0%| F|  |TAMS 0x00000000e6100000, 0x00000000e6100000| Untracked 
|  98|0x00000000e6200000, 0x00000000e6200000, 0x00000000e6300000|  0%| F|  |TAMS 0x00000000e6200000, 0x00000000e6200000| Untracked 
|  99|0x00000000e6300000, 0x00000000e6300000, 0x00000000e6400000|  0%| F|  |TAMS 0x00000000e6300000, 0x00000000e6300000| Untracked 
| 100|0x00000000e6400000, 0x00000000e6400000, 0x00000000e6500000|  0%| F|  |TAMS 0x00000000e6400000, 0x00000000e6400000| Untracked 
| 101|0x00000000e6500000, 0x00000000e6500000, 0x00000000e6600000|  0%| F|  |TAMS 0x00000000e6500000, 0x00000000e6500000| Untracked 
| 102|0x00000000e6600000, 0x00000000e6600000, 0x00000000e6700000|  0%| F|  |TAMS 0x00000000e6600000, 0x00000000e6600000| Untracked 
| 103|0x00000000e6700000, 0x00000000e6700000, 0x00000000e6800000|  0%| F|  |TAMS 0x00000000e6700000, 0x00000000e6700000| Untracked 
| 104|0x00000000e6800000, 0x00000000e6800000, 0x00000000e6900000|  0%| F|  |TAMS 0x00000000e6800000, 0x00000000e6800000| Untracked 
| 105|0x00000000e6900000, 0x00000000e6900000, 0x00000000e6a00000|  0%| F|  |TAMS 0x00000000e6900000, 0x00000000e6900000| Untracked 
| 106|0x00000000e6a00000, 0x00000000e6a00000, 0x00000000e6b00000|  0%| F|  |TAMS 0x00000000e6a00000, 0x00000000e6a00000| Untracked 
| 107|0x00000000e6b00000, 0x00000000e6b00000, 0x00000000e6c00000|  0%| F|  |TAMS 0x00000000e6b00000, 0x00000000e6b00000| Untracked 
| 108|0x00000000e6c00000, 0x00000000e6c00000, 0x00000000e6d00000|  0%| F|  |TAMS 0x00000000e6c00000, 0x00000000e6c00000| Untracked 
| 109|0x00000000e6d00000, 0x00000000e6d00000, 0x00000000e6e00000|  0%| F|  |TAMS 0x00000000e6d00000, 0x00000000e6d00000| Untracked 
| 110|0x00000000e6e00000, 0x00000000e6e00000, 0x00000000e6f00000|  0%| F|  |TAMS 0x00000000e6e00000, 0x00000000e6e00000| Untracked 
| 111|0x00000000e6f00000, 0x00000000e6f00000, 0x00000000e7000000|  0%| F|  |TAMS 0x00000000e6f00000, 0x00000000e6f00000| Untracked 
| 112|0x00000000e7000000, 0x00000000e7000000, 0x00000000e7100000|  0%| F|  |TAMS 0x00000000e7000000, 0x00000000e7000000| Untracked 
| 113|0x00000000e7100000, 0x00000000e7100000, 0x00000000e7200000|  0%| F|  |TAMS 0x00000000e7100000, 0x00000000e7100000| Untracked 
| 114|0x00000000e7200000, 0x00000000e7200000, 0x00000000e7300000|  0%| F|  |TAMS 0x00000000e7200000, 0x00000000e7200000| Untracked 
| 115|0x00000000e7300000, 0x00000000e7300000, 0x00000000e7400000|  0%| F|  |TAMS 0x00000000e7300000, 0x00000000e7300000| Untracked 
| 116|0x00000000e7400000, 0x00000000e7400000, 0x00000000e7500000|  0%| F|  |TAMS 0x00000000e7400000, 0x00000000e7400000| Untracked 
| 117|0x00000000e7500000, 0x00000000e7500000, 0x00000000e7600000|  0%| F|  |TAMS 0x00000000e7500000, 0x00000000e7500000| Untracked 
| 118|0x00000000e7600000, 0x00000000e7600000, 0x00000000e7700000|  0%| F|  |TAMS 0x00000000e7600000, 0x00000000e7600000| Untracked 
| 119|0x00000000e7700000, 0x00000000e7700000, 0x00000000e7800000|  0%| F|  |TAMS 0x00000000e7700000, 0x00000000e7700000| Untracked 
| 120|0x00000000e7800000, 0x00000000e7800000, 0x00000000e7900000|  0%| F|  |TAMS 0x00000000e7800000, 0x00000000e7800000| Untracked 
| 121|0x00000000e7900000, 0x00000000e7900000, 0x00000000e7a00000|  0%| F|  |TAMS 0x00000000e7900000, 0x00000000e7900000| Untracked 
| 122|0x00000000e7a00000, 0x00000000e7a00000, 0x00000000e7b00000|  0%| F|  |TAMS 0x00000000e7a00000, 0x00000000e7a00000| Untracked 
| 123|0x00000000e7b00000, 0x00000000e7b00000, 0x00000000e7c00000|  0%| F|  |TAMS 0x00000000e7b00000, 0x00000000e7b00000| Untracked 
| 124|0x00000000e7c00000, 0x00000000e7c00000, 0x00000000e7d00000|  0%| F|  |TAMS 0x00000000e7c00000, 0x00000000e7c00000| Untracked 
| 125|0x00000000e7d00000, 0x00000000e7d00000, 0x00000000e7e00000|  0%| F|  |TAMS 0x00000000e7d00000, 0x00000000e7d00000| Untracked 
| 126|0x00000000e7e00000, 0x00000000e7e00000, 0x00000000e7f00000|  0%| F|  |TAMS 0x00000000e7e00000, 0x00000000e7e00000| Untracked 
| 127|0x00000000e7f00000, 0x00000000e7f00000, 0x00000000e8000000|  0%| F|  |TAMS 0x00000000e7f00000, 0x00000000e7f00000| Untracked 
| 128|0x00000000e8000000, 0x00000000e8000000, 0x00000000e8100000|  0%| F|  |TAMS 0x00000000e8000000, 0x00000000e8000000| Untracked 
| 129|0x00000000e8100000, 0x00000000e8100000, 0x00000000e8200000|  0%| F|  |TAMS 0x00000000e8100000, 0x00000000e8100000| Untracked 
| 130|0x00000000e8200000, 0x00000000e8200000, 0x00000000e8300000|  0%| F|  |TAMS 0x00000000e8200000, 0x00000000e8200000| Untracked 
| 131|0x00000000e8300000, 0x00000000e8300000, 0x00000000e8400000|  0%| F|  |TAMS 0x00000000e8300000, 0x00000000e8300000| Untracked 
| 132|0x00000000e8400000, 0x00000000e8400000, 0x00000000e8500000|  0%| F|  |TAMS 0x00000000e8400000, 0x00000000e8400000| Untracked 
| 133|0x00000000e8500000, 0x00000000e8500000, 0x00000000e8600000|  0%| F|  |TAMS 0x00000000e8500000, 0x00000000e8500000| Untracked 
| 134|0x00000000e8600000, 0x00000000e8600000, 0x00000000e8700000|  0%| F|  |TAMS 0x00000000e8600000, 0x00000000e8600000| Untracked 
| 135|0x00000000e8700000, 0x00000000e8700000, 0x00000000e8800000|  0%| F|  |TAMS 0x00000000e8700000, 0x00000000e8700000| Untracked 
| 136|0x00000000e8800000, 0x00000000e8800000, 0x00000000e8900000|  0%| F|  |TAMS 0x00000000e8800000, 0x00000000e8800000| Untracked 
| 137|0x00000000e8900000, 0x00000000e8900000, 0x00000000e8a00000|  0%| F|  |TAMS 0x00000000e8900000, 0x00000000e8900000| Untracked 
| 138|0x00000000e8a00000, 0x00000000e8a00000, 0x00000000e8b00000|  0%| F|  |TAMS 0x00000000e8a00000, 0x00000000e8a00000| Untracked 
| 139|0x00000000e8b00000, 0x00000000e8b00000, 0x00000000e8c00000|  0%| F|  |TAMS 0x00000000e8b00000, 0x00000000e8b00000| Untracked 
| 140|0x00000000e8c00000, 0x00000000e8c00000, 0x00000000e8d00000|  0%| F|  |TAMS 0x00000000e8c00000, 0x00000000e8c00000| Untracked 
| 141|0x00000000e8d00000, 0x00000000e8d00000, 0x00000000e8e00000|  0%| F|  |TAMS 0x00000000e8d00000, 0x00000000e8d00000| Untracked 
| 142|0x00000000e8e00000, 0x00000000e8e00000, 0x00000000e8f00000|  0%| F|  |TAMS 0x00000000e8e00000, 0x00000000e8e00000| Untracked 
| 143|0x00000000e8f00000, 0x00000000e8f00000, 0x00000000e9000000|  0%| F|  |TAMS 0x00000000e8f00000, 0x00000000e8f00000| Untracked 
| 144|0x00000000e9000000, 0x00000000e9000000, 0x00000000e9100000|  0%| F|  |TAMS 0x00000000e9000000, 0x00000000e9000000| Untracked 
| 145|0x00000000e9100000, 0x00000000e9100000, 0x00000000e9200000|  0%| F|  |TAMS 0x00000000e9100000, 0x00000000e9100000| Untracked 
| 146|0x00000000e9200000, 0x00000000e9200000, 0x00000000e9300000|  0%| F|  |TAMS 0x00000000e9200000, 0x00000000e9200000| Untracked 
| 147|0x00000000e9300000, 0x00000000e9300000, 0x00000000e9400000|  0%| F|  |TAMS 0x00000000e9300000, 0x00000000e9300000| Untracked 
| 148|0x00000000e9400000, 0x00000000e9400000, 0x00000000e9500000|  0%| F|  |TAMS 0x00000000e9400000, 0x00000000e9400000| Untracked 
| 149|0x00000000e9500000, 0x00000000e9500000, 0x00000000e9600000|  0%| F|  |TAMS 0x00000000e9500000, 0x00000000e9500000| Untracked 
| 150|0x00000000e9600000, 0x00000000e9600000, 0x00000000e9700000|  0%| F|  |TAMS 0x00000000e9600000, 0x00000000e9600000| Untracked 
| 151|0x00000000e9700000, 0x00000000e9700000, 0x00000000e9800000|  0%| F|  |TAMS 0x00000000e9700000, 0x00000000e9700000| Untracked 
| 152|0x00000000e9800000, 0x00000000e9800000, 0x00000000e9900000|  0%| F|  |TAMS 0x00000000e9800000, 0x00000000e9800000| Untracked 
| 153|0x00000000e9900000, 0x00000000e9900000, 0x00000000e9a00000|  0%| F|  |TAMS 0x00000000e9900000, 0x00000000e9900000| Untracked 
| 154|0x00000000e9a00000, 0x00000000e9a00000, 0x00000000e9b00000|  0%| F|  |TAMS 0x00000000e9a00000, 0x00000000e9a00000| Untracked 
| 155|0x00000000e9b00000, 0x00000000e9b00000, 0x00000000e9c00000|  0%| F|  |TAMS 0x00000000e9b00000, 0x00000000e9b00000| Untracked 
| 156|0x00000000e9c00000, 0x00000000e9c00000, 0x00000000e9d00000|  0%| F|  |TAMS 0x00000000e9c00000, 0x00000000e9c00000| Untracked 
| 157|0x00000000e9d00000, 0x00000000e9d00000, 0x00000000e9e00000|  0%| F|  |TAMS 0x00000000e9d00000, 0x00000000e9d00000| Untracked 
| 158|0x00000000e9e00000, 0x00000000e9e00000, 0x00000000e9f00000|  0%| F|  |TAMS 0x00000000e9e00000, 0x00000000e9e00000| Untracked 
| 159|0x00000000e9f00000, 0x00000000e9f00000, 0x00000000ea000000|  0%| F|  |TAMS 0x00000000e9f00000, 0x00000000e9f00000| Untracked 
| 160|0x00000000ea000000, 0x00000000ea000000, 0x00000000ea100000|  0%| F|  |TAMS 0x00000000ea000000, 0x00000000ea000000| Untracked 
| 161|0x00000000ea100000, 0x00000000ea100000, 0x00000000ea200000|  0%| F|  |TAMS 0x00000000ea100000, 0x00000000ea100000| Untracked 
| 162|0x00000000ea200000, 0x00000000ea200000, 0x00000000ea300000|  0%| F|  |TAMS 0x00000000ea200000, 0x00000000ea200000| Untracked 
| 163|0x00000000ea300000, 0x00000000ea300000, 0x00000000ea400000|  0%| F|  |TAMS 0x00000000ea300000, 0x00000000ea300000| Untracked 
| 164|0x00000000ea400000, 0x00000000ea400000, 0x00000000ea500000|  0%| F|  |TAMS 0x00000000ea400000, 0x00000000ea400000| Untracked 
| 165|0x00000000ea500000, 0x00000000ea500000, 0x00000000ea600000|  0%| F|  |TAMS 0x00000000ea500000, 0x00000000ea500000| Untracked 
| 166|0x00000000ea600000, 0x00000000ea600000, 0x00000000ea700000|  0%| F|  |TAMS 0x00000000ea600000, 0x00000000ea600000| Untracked 
| 167|0x00000000ea700000, 0x00000000ea700000, 0x00000000ea800000|  0%| F|  |TAMS 0x00000000ea700000, 0x00000000ea700000| Untracked 
| 168|0x00000000ea800000, 0x00000000ea800000, 0x00000000ea900000|  0%| F|  |TAMS 0x00000000ea800000, 0x00000000ea800000| Untracked 
| 169|0x00000000ea900000, 0x00000000ea900000, 0x00000000eaa00000|  0%| F|  |TAMS 0x00000000ea900000, 0x00000000ea900000| Untracked 
| 170|0x00000000eaa00000, 0x00000000eaa00000, 0x00000000eab00000|  0%| F|  |TAMS 0x00000000eaa00000, 0x00000000eaa00000| Untracked 
| 171|0x00000000eab00000, 0x00000000eab00000, 0x00000000eac00000|  0%| F|  |TAMS 0x00000000eab00000, 0x00000000eab00000| Untracked 
| 172|0x00000000eac00000, 0x00000000eac00000, 0x00000000ead00000|  0%| F|  |TAMS 0x00000000eac00000, 0x00000000eac00000| Untracked 
| 173|0x00000000ead00000, 0x00000000eae00000, 0x00000000eae00000|100%| S|CS|TAMS 0x00000000ead00000, 0x00000000ead00000| Complete 
| 174|0x00000000eae00000, 0x00000000eaf00000, 0x00000000eaf00000|100%| S|CS|TAMS 0x00000000eae00000, 0x00000000eae00000| Complete 
| 175|0x00000000eaf00000, 0x00000000eb000000, 0x00000000eb000000|100%| S|CS|TAMS 0x00000000eaf00000, 0x00000000eaf00000| Complete 
| 176|0x00000000eb000000, 0x00000000eb100000, 0x00000000eb100000|100%| S|CS|TAMS 0x00000000eb000000, 0x00000000eb000000| Complete 
| 177|0x00000000eb100000, 0x00000000eb200000, 0x00000000eb200000|100%| S|CS|TAMS 0x00000000eb100000, 0x00000000eb100000| Complete 
| 178|0x00000000eb200000, 0x00000000eb300000, 0x00000000eb300000|100%| S|CS|TAMS 0x00000000eb200000, 0x00000000eb200000| Complete 
| 179|0x00000000eb300000, 0x00000000eb400000, 0x00000000eb400000|100%| S|CS|TAMS 0x00000000eb300000, 0x00000000eb300000| Complete 
| 180|0x00000000eb400000, 0x00000000eb500000, 0x00000000eb500000|100%| S|CS|TAMS 0x00000000eb400000, 0x00000000eb400000| Complete 
| 181|0x00000000eb500000, 0x00000000eb600000, 0x00000000eb600000|100%| S|CS|TAMS 0x00000000eb500000, 0x00000000eb500000| Complete 
| 182|0x00000000eb600000, 0x00000000eb700000, 0x00000000eb700000|100%| S|CS|TAMS 0x00000000eb600000, 0x00000000eb600000| Complete 
| 183|0x00000000eb700000, 0x00000000eb700000, 0x00000000eb800000|  0%| F|  |TAMS 0x00000000eb700000, 0x00000000eb700000| Untracked 
| 184|0x00000000eb800000, 0x00000000eb800000, 0x00000000eb900000|  0%| F|  |TAMS 0x00000000eb800000, 0x00000000eb800000| Untracked 
| 185|0x00000000eb900000, 0x00000000eb900000, 0x00000000eba00000|  0%| F|  |TAMS 0x00000000eb900000, 0x00000000eb900000| Untracked 
| 186|0x00000000eba00000, 0x00000000eba00000, 0x00000000ebb00000|  0%| F|  |TAMS 0x00000000eba00000, 0x00000000eba00000| Untracked 
| 187|0x00000000ebb00000, 0x00000000ebb00000, 0x00000000ebc00000|  0%| F|  |TAMS 0x00000000ebb00000, 0x00000000ebb00000| Untracked 
| 188|0x00000000ebc00000, 0x00000000ebc00000, 0x00000000ebd00000|  0%| F|  |TAMS 0x00000000ebc00000, 0x00000000ebc00000| Untracked 
| 189|0x00000000ebd00000, 0x00000000ebd00000, 0x00000000ebe00000|  0%| F|  |TAMS 0x00000000ebd00000, 0x00000000ebd00000| Untracked 
| 190|0x00000000ebe00000, 0x00000000ebe00000, 0x00000000ebf00000|  0%| F|  |TAMS 0x00000000ebe00000, 0x00000000ebe00000| Untracked 
| 191|0x00000000ebf00000, 0x00000000ebf00000, 0x00000000ec000000|  0%| F|  |TAMS 0x00000000ebf00000, 0x00000000ebf00000| Untracked 
| 192|0x00000000ec000000, 0x00000000ec000000, 0x00000000ec100000|  0%| F|  |TAMS 0x00000000ec000000, 0x00000000ec000000| Untracked 
| 193|0x00000000ec100000, 0x00000000ec100000, 0x00000000ec200000|  0%| F|  |TAMS 0x00000000ec100000, 0x00000000ec100000| Untracked 
| 194|0x00000000ec200000, 0x00000000ec200000, 0x00000000ec300000|  0%| F|  |TAMS 0x00000000ec200000, 0x00000000ec200000| Untracked 
| 195|0x00000000ec300000, 0x00000000ec300000, 0x00000000ec400000|  0%| F|  |TAMS 0x00000000ec300000, 0x00000000ec300000| Untracked 
| 196|0x00000000ec400000, 0x00000000ec400000, 0x00000000ec500000|  0%| F|  |TAMS 0x00000000ec400000, 0x00000000ec400000| Untracked 
| 197|0x00000000ec500000, 0x00000000ec500000, 0x00000000ec600000|  0%| F|  |TAMS 0x00000000ec500000, 0x00000000ec500000| Untracked 
| 198|0x00000000ec600000, 0x00000000ec600000, 0x00000000ec700000|  0%| F|  |TAMS 0x00000000ec600000, 0x00000000ec600000| Untracked 
| 199|0x00000000ec700000, 0x00000000ec700000, 0x00000000ec800000|  0%| F|  |TAMS 0x00000000ec700000, 0x00000000ec700000| Untracked 
| 200|0x00000000ec800000, 0x00000000ec800000, 0x00000000ec900000|  0%| F|  |TAMS 0x00000000ec800000, 0x00000000ec800000| Untracked 
| 201|0x00000000ec900000, 0x00000000ec900000, 0x00000000eca00000|  0%| F|  |TAMS 0x00000000ec900000, 0x00000000ec900000| Untracked 
| 202|0x00000000eca00000, 0x00000000eca00000, 0x00000000ecb00000|  0%| F|  |TAMS 0x00000000eca00000, 0x00000000eca00000| Untracked 
| 203|0x00000000ecb00000, 0x00000000ecb00000, 0x00000000ecc00000|  0%| F|  |TAMS 0x00000000ecb00000, 0x00000000ecb00000| Untracked 
| 204|0x00000000ecc00000, 0x00000000ecc00000, 0x00000000ecd00000|  0%| F|  |TAMS 0x00000000ecc00000, 0x00000000ecc00000| Untracked 
| 205|0x00000000ecd00000, 0x00000000ecd00000, 0x00000000ece00000|  0%| F|  |TAMS 0x00000000ecd00000, 0x00000000ecd00000| Untracked 
| 206|0x00000000ece00000, 0x00000000ece00000, 0x00000000ecf00000|  0%| F|  |TAMS 0x00000000ece00000, 0x00000000ece00000| Untracked 
| 207|0x00000000ecf00000, 0x00000000ecf00000, 0x00000000ed000000|  0%| F|  |TAMS 0x00000000ecf00000, 0x00000000ecf00000| Untracked 
| 208|0x00000000ed000000, 0x00000000ed000000, 0x00000000ed100000|  0%| F|  |TAMS 0x00000000ed000000, 0x00000000ed000000| Untracked 
| 209|0x00000000ed100000, 0x00000000ed100000, 0x00000000ed200000|  0%| F|  |TAMS 0x00000000ed100000, 0x00000000ed100000| Untracked 
| 210|0x00000000ed200000, 0x00000000ed200000, 0x00000000ed300000|  0%| F|  |TAMS 0x00000000ed200000, 0x00000000ed200000| Untracked 
| 211|0x00000000ed300000, 0x00000000ed300000, 0x00000000ed400000|  0%| F|  |TAMS 0x00000000ed300000, 0x00000000ed300000| Untracked 
| 212|0x00000000ed400000, 0x00000000ed400000, 0x00000000ed500000|  0%| F|  |TAMS 0x00000000ed400000, 0x00000000ed400000| Untracked 
| 213|0x00000000ed500000, 0x00000000ed500000, 0x00000000ed600000|  0%| F|  |TAMS 0x00000000ed500000, 0x00000000ed500000| Untracked 
| 214|0x00000000ed600000, 0x00000000ed600000, 0x00000000ed700000|  0%| F|  |TAMS 0x00000000ed600000, 0x00000000ed600000| Untracked 
| 215|0x00000000ed700000, 0x00000000ed700000, 0x00000000ed800000|  0%| F|  |TAMS 0x00000000ed700000, 0x00000000ed700000| Untracked 
| 216|0x00000000ed800000, 0x00000000ed800000, 0x00000000ed900000|  0%| F|  |TAMS 0x00000000ed800000, 0x00000000ed800000| Untracked 
| 217|0x00000000ed900000, 0x00000000ed900000, 0x00000000eda00000|  0%| F|  |TAMS 0x00000000ed900000, 0x00000000ed900000| Untracked 
| 218|0x00000000eda00000, 0x00000000eda00000, 0x00000000edb00000|  0%| F|  |TAMS 0x00000000eda00000, 0x00000000eda00000| Untracked 
| 219|0x00000000edb00000, 0x00000000edb00000, 0x00000000edc00000|  0%| F|  |TAMS 0x00000000edb00000, 0x00000000edb00000| Untracked 
| 220|0x00000000edc00000, 0x00000000edc00000, 0x00000000edd00000|  0%| F|  |TAMS 0x00000000edc00000, 0x00000000edc00000| Untracked 
| 221|0x00000000edd00000, 0x00000000edd00000, 0x00000000ede00000|  0%| F|  |TAMS 0x00000000edd00000, 0x00000000edd00000| Untracked 
| 222|0x00000000ede00000, 0x00000000ede00000, 0x00000000edf00000|  0%| F|  |TAMS 0x00000000ede00000, 0x00000000ede00000| Untracked 
| 223|0x00000000edf00000, 0x00000000edf80000, 0x00000000ee000000| 50%| E|  |TAMS 0x00000000edf00000, 0x00000000edf00000| Complete 
| 224|0x00000000ee000000, 0x00000000ee100000, 0x00000000ee100000|100%| E|CS|TAMS 0x00000000ee000000, 0x00000000ee000000| Complete 
| 225|0x00000000ee100000, 0x00000000ee200000, 0x00000000ee200000|100%| E|CS|TAMS 0x00000000ee100000, 0x00000000ee100000| Complete 
| 226|0x00000000ee200000, 0x00000000ee300000, 0x00000000ee300000|100%| E|CS|TAMS 0x00000000ee200000, 0x00000000ee200000| Complete 
| 227|0x00000000ee300000, 0x00000000ee400000, 0x00000000ee400000|100%| E|CS|TAMS 0x00000000ee300000, 0x00000000ee300000| Complete 
| 228|0x00000000ee400000, 0x00000000ee500000, 0x00000000ee500000|100%| E|CS|TAMS 0x00000000ee400000, 0x00000000ee400000| Complete 
| 229|0x00000000ee500000, 0x00000000ee600000, 0x00000000ee600000|100%| E|CS|TAMS 0x00000000ee500000, 0x00000000ee500000| Complete 
| 230|0x00000000ee600000, 0x00000000ee700000, 0x00000000ee700000|100%| E|CS|TAMS 0x00000000ee600000, 0x00000000ee600000| Complete 
| 231|0x00000000ee700000, 0x00000000ee800000, 0x00000000ee800000|100%| E|CS|TAMS 0x00000000ee700000, 0x00000000ee700000| Complete 
| 232|0x00000000ee800000, 0x00000000ee900000, 0x00000000ee900000|100%| E|CS|TAMS 0x00000000ee800000, 0x00000000ee800000| Complete 
| 233|0x00000000ee900000, 0x00000000eea00000, 0x00000000eea00000|100%| E|CS|TAMS 0x00000000ee900000, 0x00000000ee900000| Complete 
| 234|0x00000000eea00000, 0x00000000eeb00000, 0x00000000eeb00000|100%| E|CS|TAMS 0x00000000eea00000, 0x00000000eea00000| Complete 
| 235|0x00000000eeb00000, 0x00000000eec00000, 0x00000000eec00000|100%| E|CS|TAMS 0x00000000eeb00000, 0x00000000eeb00000| Complete 
| 236|0x00000000eec00000, 0x00000000eed00000, 0x00000000eed00000|100%| E|CS|TAMS 0x00000000eec00000, 0x00000000eec00000| Complete 
| 237|0x00000000eed00000, 0x00000000eee00000, 0x00000000eee00000|100%| E|CS|TAMS 0x00000000eed00000, 0x00000000eed00000| Complete 
| 238|0x00000000eee00000, 0x00000000eef00000, 0x00000000eef00000|100%| E|CS|TAMS 0x00000000eee00000, 0x00000000eee00000| Complete 
| 239|0x00000000eef00000, 0x00000000ef000000, 0x00000000ef000000|100%| E|CS|TAMS 0x00000000eef00000, 0x00000000eef00000| Complete 
| 240|0x00000000ef000000, 0x00000000ef100000, 0x00000000ef100000|100%| E|CS|TAMS 0x00000000ef000000, 0x00000000ef000000| Complete 
| 241|0x00000000ef100000, 0x00000000ef200000, 0x00000000ef200000|100%| E|CS|TAMS 0x00000000ef100000, 0x00000000ef100000| Complete 
| 242|0x00000000ef200000, 0x00000000ef300000, 0x00000000ef300000|100%| E|CS|TAMS 0x00000000ef200000, 0x00000000ef200000| Complete 
| 243|0x00000000ef300000, 0x00000000ef400000, 0x00000000ef400000|100%| E|CS|TAMS 0x00000000ef300000, 0x00000000ef300000| Complete 
| 244|0x00000000ef400000, 0x00000000ef500000, 0x00000000ef500000|100%| E|CS|TAMS 0x00000000ef400000, 0x00000000ef400000| Complete 
| 245|0x00000000ef500000, 0x00000000ef600000, 0x00000000ef600000|100%| E|CS|TAMS 0x00000000ef500000, 0x00000000ef500000| Complete 
| 246|0x00000000ef600000, 0x00000000ef700000, 0x00000000ef700000|100%| E|CS|TAMS 0x00000000ef600000, 0x00000000ef600000| Complete 
| 247|0x00000000ef700000, 0x00000000ef800000, 0x00000000ef800000|100%| E|CS|TAMS 0x00000000ef700000, 0x00000000ef700000| Complete 
| 248|0x00000000ef800000, 0x00000000ef900000, 0x00000000ef900000|100%| E|CS|TAMS 0x00000000ef800000, 0x00000000ef800000| Complete 
| 249|0x00000000ef900000, 0x00000000efa00000, 0x00000000efa00000|100%| E|CS|TAMS 0x00000000ef900000, 0x00000000ef900000| Complete 
| 250|0x00000000efa00000, 0x00000000efb00000, 0x00000000efb00000|100%| E|CS|TAMS 0x00000000efa00000, 0x00000000efa00000| Complete 
| 251|0x00000000efb00000, 0x00000000efc00000, 0x00000000efc00000|100%| E|CS|TAMS 0x00000000efb00000, 0x00000000efb00000| Complete 
| 252|0x00000000efc00000, 0x00000000efd00000, 0x00000000efd00000|100%| E|CS|TAMS 0x00000000efc00000, 0x00000000efc00000| Complete 
| 253|0x00000000efd00000, 0x00000000efe00000, 0x00000000efe00000|100%| E|CS|TAMS 0x00000000efd00000, 0x00000000efd00000| Complete 
| 254|0x00000000efe00000, 0x00000000eff00000, 0x00000000eff00000|100%| E|CS|TAMS 0x00000000efe00000, 0x00000000efe00000| Complete 
| 255|0x00000000eff00000, 0x00000000f0000000, 0x00000000f0000000|100%| E|CS|TAMS 0x00000000eff00000, 0x00000000eff00000| Complete 

Card table byte_map: [0x000001ce43370000,0x000001ce43470000] _byte_map_base: 0x000001ce42c70000

Marking Bits (Prev, Next): (CMBitMap*) 0x000001ce2be3a310, (CMBitMap*) 0x000001ce2be3a350
 Prev Bits: [0x000001ce43570000, 0x000001ce43d70000)
 Next Bits: [0x000001ce43d70000, 0x000001ce44570000)

Polling page: 0x000001ce29c80000

Metaspace:

Usage:
  Non-class:     12.31 MB used.
      Class:      1.96 MB used.
       Both:     14.26 MB used.

Virtual space:
  Non-class space:       64.00 MB reserved,      12.44 MB ( 19%) committed,  1 nodes.
      Class space:      320.00 MB reserved,       2.06 MB ( <1%) committed,  1 nodes.
             Both:      384.00 MB reserved,      14.50 MB (  4%) committed. 

Chunk freelists:
   Non-Class:  3.06 MB
       Class:  13.89 MB
        Both:  16.95 MB

MaxMetaspaceSize: 384.00 MB
CompressedClassSpaceSize: 320.00 MB
Initial GC threshold: 21.00 MB
Current GC threshold: 21.00 MB
CDS: on
MetaspaceReclaimPolicy: balanced
 - commit_granule_bytes: 65536.
 - commit_granule_words: 8192.
 - virtual_space_node_default_size: 8388608.
 - enlarge_chunks_in_place: 1.
 - new_chunks_are_fully_committed: 0.
 - uncommit_free_chunks: 1.
 - use_allocation_guard: 0.
 - handle_deallocations: 1.


Internal statistics:

num_allocs_failed_limit: 0.
num_arena_births: 170.
num_arena_deaths: 0.
num_vsnodes_births: 2.
num_vsnodes_deaths: 0.
num_space_committed: 232.
num_space_uncommitted: 0.
num_chunks_returned_to_freelist: 0.
num_chunks_taken_from_freelist: 615.
num_chunk_merges: 0.
num_chunk_splits: 415.
num_chunks_enlarged: 318.
num_inconsistent_stats: 0.

CodeHeap 'non-profiled nmethods': size=119168Kb used=1169Kb max_used=1169Kb free=117998Kb
 bounds [0x000001ce3b590000, 0x000001ce3b800000, 0x000001ce429f0000]
CodeHeap 'profiled nmethods': size=119104Kb used=5190Kb max_used=5190Kb free=113913Kb
 bounds [0x000001ce339f0000, 0x000001ce33f10000, 0x000001ce3ae40000]
CodeHeap 'non-nmethods': size=7488Kb used=2914Kb max_used=2927Kb free=4573Kb
 bounds [0x000001ce3ae40000, 0x000001ce3b120000, 0x000001ce3b590000]
 total_blobs=3037 nmethods=2507 adapters=439
 compilation: enabled
              stopped_count=0, restarted_count=0
 full_count=0

Compilation events (20 events):
Event: 12.586 Thread 0x000001ce62138a30 2474       3       java.lang.Class::privateGetDeclaredConstructors (79 bytes)
Event: 12.586 Thread 0x000001ce62138a30 nmethod 2474 0x000001ce33eec590 code [0x000001ce33eec780, 0x000001ce33eecca8]
Event: 12.592 Thread 0x000001ce62138a30 2475   !   3       jdk.internal.reflect.GeneratedConstructorAccessor2::newInstance (53 bytes)
Event: 12.592 Thread 0x000001ce47529d90 2476       4       java.lang.Class::getName (18 bytes)
Event: 12.592 Thread 0x000001ce62138a30 nmethod 2475 0x000001ce33eece90 code [0x000001ce33eed0c0, 0x000001ce33eed968]
Event: 12.592 Thread 0x000001ce47529d90 nmethod 2476 0x000001ce3b6b2590 code [0x000001ce3b6b2720, 0x000001ce3b6b27c8]
Event: 12.598 Thread 0x000001ce62138a30 2477   !   3       jdk.internal.reflect.GeneratedConstructorAccessor1::newInstance (53 bytes)
Event: 12.598 Thread 0x000001ce62149f30 2478   !   3       jdk.proxy1.$Proxy4::value (29 bytes)
Event: 12.598 Thread 0x000001ce62149f30 nmethod 2478 0x000001ce33eedd90 code [0x000001ce33eedf60, 0x000001ce33eee358]
Event: 12.598 Thread 0x000001ce62138a30 nmethod 2477 0x000001ce33eee510 code [0x000001ce33eee740, 0x000001ce33eeefe8]
Event: 12.815 Thread 0x000001ce62138a30 2479       1       java.util.concurrent.atomic.AtomicInteger::get (5 bytes)
Event: 12.815 Thread 0x000001ce62138a30 nmethod 2479 0x000001ce3b6b2890 code [0x000001ce3b6b2a20, 0x000001ce3b6b2af8]
Event: 12.986 Thread 0x000001ce624d4e40 2481       3       jdk.internal.misc.Unsafe::putReferenceOpaque (9 bytes)
Event: 12.986 Thread 0x000001ce624d4e40 nmethod 2481 0x000001ce33eef410 code [0x000001ce33eef5a0, 0x000001ce33eef6f8]
Event: 12.998 Thread 0x000001ce624d4e40 2482       3       java.util.concurrent.locks.LockSupport::setBlocker (12 bytes)
Event: 12.998 Thread 0x000001ce624d4e40 nmethod 2482 0x000001ce33eef790 code [0x000001ce33eef940, 0x000001ce33eefb48]
Event: 13.213 Thread 0x000001ce624d4e40 2483       3       java.util.concurrent.locks.AbstractQueuedSynchronizer$ConditionObject::canReacquire (38 bytes)
Event: 13.290 Thread 0x000001ce62149f30 2484       3       java.util.concurrent.locks.AbstractQueuedSynchronizer::compareAndSetState (13 bytes)
Event: 13.290 Thread 0x000001ce62138a30 2485       3       java.util.concurrent.locks.AbstractQueuedSynchronizer::release (19 bytes)
Event: 13.331 Thread 0x000001ce47690090 2486       3       java.util.concurrent.locks.ReentrantLock$Sync::tryRelease (51 bytes)

GC Heap History (6 events):
Event: 2.980 GC heap before
{Heap before GC invocations=0 (full 0):
 garbage-first heap   total 262144K, used 23552K [0x00000000e0000000, 0x0000000100000000)
  region size 1024K, 23 young (23552K), 0 survivors (0K)
 Metaspace       used 893K, committed 1024K, reserved 393216K
  class space    used 66K, committed 128K, reserved 327680K
}
Event: 2.981 GC heap after
{Heap after GC invocations=1 (full 0):
 garbage-first heap   total 262144K, used 1647K [0x00000000e0000000, 0x0000000100000000)
  region size 1024K, 2 young (2048K), 2 survivors (2048K)
 Metaspace       used 893K, committed 1024K, reserved 393216K
  class space    used 66K, committed 128K, reserved 327680K
}
Event: 6.392 GC heap before
{Heap before GC invocations=1 (full 0):
 garbage-first heap   total 262144K, used 41583K [0x00000000e0000000, 0x0000000100000000)
  region size 1024K, 39 young (39936K), 2 survivors (2048K)
 Metaspace       used 4504K, committed 4672K, reserved 393216K
  class space    used 558K, committed 640K, reserved 327680K
}
Event: 6.394 GC heap after
{Heap after GC invocations=2 (full 0):
 garbage-first heap   total 262144K, used 10715K [0x00000000e0000000, 0x0000000100000000)
  region size 1024K, 5 young (5120K), 5 survivors (5120K)
 Metaspace       used 4504K, committed 4672K, reserved 393216K
  class space    used 558K, committed 640K, reserved 327680K
}
Event: 12.281 GC heap before
{Heap before GC invocations=2 (full 0):
 garbage-first heap   total 262144K, used 82395K [0x00000000e0000000, 0x0000000100000000)
  region size 1024K, 73 young (74752K), 5 survivors (5120K)
 Metaspace       used 9608K, committed 9792K, reserved 393216K
  class space    used 1265K, committed 1344K, reserved 327680K
}
Event: 12.284 GC heap after
{Heap after GC invocations=3 (full 0):
 garbage-first heap   total 262144K, used 18828K [0x00000000e0000000, 0x0000000100000000)
  region size 1024K, 10 young (10240K), 10 survivors (10240K)
 Metaspace       used 9608K, committed 9792K, reserved 393216K
  class space    used 1265K, committed 1344K, reserved 327680K
}

Dll operation events (15 events):
Event: 0.029 Loaded shared library D:\Java SDK\jdk17\bin\java.dll
Event: 0.038 Loaded shared library D:\Java SDK\jdk17\bin\jsvml.dll
Event: 0.069 Loaded shared library D:\Java SDK\jdk17\bin\zip.dll
Event: 0.070 Loaded shared library D:\Java SDK\jdk17\bin\instrument.dll
Event: 0.073 Loaded shared library D:\Java SDK\jdk17\bin\net.dll
Event: 0.074 Loaded shared library D:\Java SDK\jdk17\bin\nio.dll
Event: 0.098 Loaded shared library D:\Java SDK\jdk17\bin\zip.dll
Event: 2.971 Loaded shared library D:\Java SDK\jdk17\bin\jimage.dll
Event: 5.838 Loaded shared library D:\Java SDK\jdk17\bin\verify.dll
Event: 5.926 Loaded shared library C:\Users\USER\.gradle\native\1def1411415f61bf3af743bc5b6707747c0891f09f0c88961ee8f79bc544acac\windows-amd64\native-platform.dll
Event: 5.965 Loaded shared library C:\Users\USER\.gradle\native\0.2.7\x86_64-windows-gnu\gradle-fileevents.dll
Event: 12.061 Loaded shared library D:\Java SDK\jdk17\bin\management.dll
Event: 12.062 Loaded shared library D:\Java SDK\jdk17\bin\management_ext.dll
Event: 12.158 Loaded shared library D:\Java SDK\jdk17\bin\extnet.dll
Event: 12.273 Loaded shared library D:\Java SDK\jdk17\bin\sunmscapi.dll

Deoptimization events (20 events):
Event: 12.314 Thread 0x000001ce627702b0 Uncommon trap: trap_request=0xffffff45 fr.pc=0x000001ce3b5b2d4c relative=0x00000000000001ac
Event: 12.314 Thread 0x000001ce627702b0 Uncommon trap: reason=unstable_if action=reinterpret pc=0x000001ce3b5b2d4c method=java.util.regex.Matcher.reset()Ljava/util/regex/Matcher; @ 47 c2
Event: 12.314 Thread 0x000001ce627702b0 DEOPT PACKING pc=0x000001ce3b5b2d4c sp=0x0000000102dfdd70
Event: 12.314 Thread 0x000001ce627702b0 DEOPT UNPACKING pc=0x000001ce3ae969a3 sp=0x0000000102dfdd00 mode 2
Event: 12.445 Thread 0x000001ce6276df40 Uncommon trap: trap_request=0xffffff45 fr.pc=0x000001ce3b686954 relative=0x0000000000000bd4
Event: 12.445 Thread 0x000001ce6276df40 Uncommon trap: reason=unstable_if action=reinterpret pc=0x000001ce3b686954 method=java.util.HashMap.getNode(Ljava/lang/Object;)Ljava/util/HashMap$Node; @ 66 c2
Event: 12.445 Thread 0x000001ce6276df40 DEOPT PACKING pc=0x000001ce3b686954 sp=0x0000000102ffbdd0
Event: 12.445 Thread 0x000001ce6276df40 DEOPT UNPACKING pc=0x000001ce3ae969a3 sp=0x0000000102ffbd20 mode 2
Event: 12.445 Thread 0x000001ce6276df40 Uncommon trap: trap_request=0xffffff45 fr.pc=0x000001ce3b5c00ac relative=0x00000000000004ec
Event: 12.445 Thread 0x000001ce6276df40 Uncommon trap: reason=unstable_if action=reinterpret pc=0x000001ce3b5c00ac method=java.util.HashMap.getNode(Ljava/lang/Object;)Ljava/util/HashMap$Node; @ 66 c2
Event: 12.445 Thread 0x000001ce6276df40 DEOPT PACKING pc=0x000001ce3b5c00ac sp=0x0000000102ffbd90
Event: 12.445 Thread 0x000001ce6276df40 DEOPT UNPACKING pc=0x000001ce3ae969a3 sp=0x0000000102ffbd20 mode 2
Event: 12.450 Thread 0x000001ce6276df40 Uncommon trap: trap_request=0xffffff45 fr.pc=0x000001ce3b651768 relative=0x0000000000000248
Event: 12.450 Thread 0x000001ce6276df40 Uncommon trap: reason=unstable_if action=reinterpret pc=0x000001ce3b651768 method=java.util.concurrent.ConcurrentHashMap.get(Ljava/lang/Object;)Ljava/lang/Object; @ 76 c2
Event: 12.450 Thread 0x000001ce6276df40 DEOPT PACKING pc=0x000001ce3b651768 sp=0x0000000102ffb280
Event: 12.450 Thread 0x000001ce6276df40 DEOPT UNPACKING pc=0x000001ce3ae969a3 sp=0x0000000102ffb1e8 mode 2
Event: 12.452 Thread 0x000001ce6276df40 Uncommon trap: trap_request=0xffffff45 fr.pc=0x000001ce3b676b38 relative=0x0000000000000198
Event: 12.452 Thread 0x000001ce6276df40 Uncommon trap: reason=unstable_if action=reinterpret pc=0x000001ce3b676b38 method=java.util.WeakHashMap.expungeStaleEntries()V @ 9 c2
Event: 12.452 Thread 0x000001ce6276df40 DEOPT PACKING pc=0x000001ce3b676b38 sp=0x0000000102ffaf20
Event: 12.452 Thread 0x000001ce6276df40 DEOPT UNPACKING pc=0x000001ce3ae969a3 sp=0x0000000102ffaeb8 mode 2

Classes loaded (20 events):
Event: 12.451 Loading class java/util/stream/MatchOps$MatchKind
Event: 12.451 Loading class java/util/stream/MatchOps$MatchKind done
Event: 12.451 Loading class java/util/stream/MatchOps
Event: 12.451 Loading class java/util/stream/MatchOps done
Event: 12.451 Loading class java/util/stream/MatchOps$MatchOp
Event: 12.451 Loading class java/util/stream/MatchOps$MatchOp done
Event: 12.451 Loading class java/util/stream/MatchOps$BooleanTerminalSink
Event: 12.451 Loading class java/util/stream/MatchOps$BooleanTerminalSink done
Event: 12.451 Loading class java/util/stream/MatchOps$1MatchSink
Event: 12.451 Loading class java/util/stream/MatchOps$1MatchSink done
Event: 12.463 Loading class java/lang/TypeNotPresentException
Event: 12.463 Loading class java/lang/TypeNotPresentException done
Event: 12.475 Loading class java/lang/invoke/MethodHandle$1
Event: 12.475 Loading class java/lang/invoke/MethodHandle$1 done
Event: 12.487 Loading class java/util/ConcurrentModificationException
Event: 12.487 Loading class java/util/ConcurrentModificationException done
Event: 12.499 Loading class sun/reflect/generics/scope/ConstructorScope
Event: 12.499 Loading class sun/reflect/generics/scope/ConstructorScope done
Event: 13.086 Loading class java/lang/management/MemoryType
Event: 13.086 Loading class java/lang/management/MemoryType done

Classes unloaded (0 events):
No events

Classes redefined (0 events):
No events

Internal exceptions (20 events):
Event: 5.994 Thread 0x000001ce2be07f20 Exception <a 'java/lang/NoSuchMethodError'{0x00000000ef283140}: 'java.lang.Object java.lang.invoke.DirectMethodHandle$Holder.invokeVirtual(java.lang.Object, java.lang.Object, java.lang.Object)'> (0x00000000ef283140) 
thrown [s\src\hotspot\share\interpreter\linkResolver.cpp, line 759]
Event: 6.013 Thread 0x000001ce2be07f20 Exception <a 'java/lang/NoSuchMethodError'{0x00000000ef194000}: 'int java.lang.invoke.DirectMethodHandle$Holder.invokeStatic(java.lang.Object)'> (0x00000000ef194000) 
thrown [s\src\hotspot\share\interpreter\linkResolver.cpp, line 759]
Event: 6.013 Thread 0x000001ce2be07f20 Exception <a 'java/lang/NoSuchMethodError'{0x00000000ef1974b0}: 'int java.lang.invoke.DirectMethodHandle$Holder.invokeStaticInit(java.lang.Object)'> (0x00000000ef1974b0) 
thrown [s\src\hotspot\share\interpreter\linkResolver.cpp, line 759]
Event: 12.060 Thread 0x000001ce2be07f20 Exception <a 'java/lang/NoSuchMethodError'{0x00000000ec38efc0}: 'java.lang.Object java.lang.invoke.DirectMethodHandle$Holder.invokeStaticInit(java.lang.Object)'> (0x00000000ec38efc0) 
thrown [s\src\hotspot\share\interpreter\linkResolver.cpp, line 759]
Event: 12.073 Thread 0x000001ce2be07f20 Exception <a 'java/lang/NoSuchMethodError'{0x00000000ec218390}: 'java.lang.Object java.lang.invoke.DirectMethodHandle$Holder.invokeInterface(java.lang.Object, java.lang.Object)'> (0x00000000ec218390) 
thrown [s\src\hotspot\share\interpreter\linkResolver.cpp, line 759]
Event: 12.159 Thread 0x000001ce2be07f20 Exception <a 'java/lang/NoSuchMethodError'{0x00000000ebfc4070}: 'void java.lang.invoke.DirectMethodHandle$Holder.invokeStatic(java.lang.Object, java.lang.Object, java.lang.Object)'> (0x00000000ebfc4070) 
thrown [s\src\hotspot\share\interpreter\linkResolver.cpp, line 759]
Event: 12.190 Thread 0x000001ce2be07f20 Exception <a 'java/lang/NoSuchMethodError'{0x00000000ebc50ba0}: 'java.lang.Object java.lang.invoke.DirectMethodHandle$Holder.invokeStaticInit(java.lang.Object, int, int, int, int)'> (0x00000000ebc50ba0) 
thrown [s\src\hotspot\share\interpreter\linkResolver.cpp, line 759]
Event: 12.225 Thread 0x000001ce2be07f20 Exception <a 'java/lang/NoSuchMethodError'{0x00000000ebb484a0}: 'java.lang.Object java.lang.invoke.DirectMethodHandle$Holder.invokeStaticInit(java.lang.Object, java.lang.Object, int, int, int, int)'> (0x00000000ebb484a0) 
thrown [s\src\hotspot\share\interpreter\linkResolver.cpp, line 759]
Event: 12.260 Thread 0x000001ce2be07f20 Exception <a 'java/io/IOException'{0x00000000eb8340a8}> (0x00000000eb8340a8) 
thrown [s\src\hotspot\share\prims\jni.cpp, line 516]
Event: 12.263 Thread 0x000001ce2be07f20 Implicit null exception at 0x000001ce3b5e1ef2 to 0x000001ce3b5e24c0
Event: 12.266 Thread 0x000001ce2be07f20 Exception <a 'java/lang/NoSuchMethodError'{0x00000000eb89ba68}: 'java.lang.Object java.lang.invoke.DirectMethodHandle$Holder.newInvokeSpecial(java.lang.Object, java.lang.Object, java.lang.Object, java.lang.Object, java.lang.Object)'> (0x00000000eb89ba68) 
thrown [s\src\hotspot\share\interpreter\linkResolver.cpp, line 759]
Event: 12.341 Thread 0x000001ce61a48960 Exception <a 'java/lang/NoSuchMethodError'{0x00000000efed9d50}: 'void java.lang.invoke.DirectMethodHandle$Holder.invokeSpecial(java.lang.Object, java.lang.Object, java.lang.Object)'> (0x00000000efed9d50) 
thrown [s\src\hotspot\share\interpreter\linkResolver.cpp, line 759]
Event: 12.382 Thread 0x000001ce6276df40 Exception <a 'java/lang/NoSuchMethodError'{0x00000000ef62b048}: 'long java.lang.invoke.DirectMethodHandle$Holder.invokeInterface(java.lang.Object, java.lang.Object)'> (0x00000000ef62b048) 
thrown [s\src\hotspot\share\interpreter\linkResolver.cpp, line 759]
Event: 12.428 Thread 0x000001ce6276df40 Exception <a 'java/lang/NoSuchMethodError'{0x00000000ef2f07e8}: 'void java.lang.invoke.DirectMethodHandle$Holder.invokeStatic(java.lang.Object, java.lang.Object)'> (0x00000000ef2f07e8) 
thrown [s\src\hotspot\share\interpreter\linkResolver.cpp, line 759]
Event: 12.453 Thread 0x000001ce6276df40 Exception <a 'java/lang/NoSuchMethodError'{0x00000000eef2ffc8}: 'int java.lang.invoke.DirectMethodHandle$Holder.invokeVirtual(java.lang.Object, java.lang.Object, java.lang.Object)'> (0x00000000eef2ffc8) 
thrown [s\src\hotspot\share\interpreter\linkResolver.cpp, line 759]
Event: 12.477 Thread 0x000001ce6276df40 Exception <a 'java/lang/NoSuchMethodError'{0x00000000eedd9810}: 'java.lang.Object java.lang.invoke.DirectMethodHandle$Holder.newInvokeSpecial(java.lang.Object, java.lang.Object, java.lang.Object, java.lang.Object, java.lang.Object, java.lang.Object)'> (0x00000000eedd9810) 
thrown [s\src\hotspot\share\interpreter\linkResolver.cpp, line 759]
Event: 12.511 Thread 0x000001ce6276df40 Exception <a 'java/lang/NoSuchMethodError'{0x00000000ee963830}: 'void java.lang.invoke.DelegatingMethodHandle$Holder.reinvoke_L(java.lang.Object, java.lang.Object, java.lang.Object, java.lang.Object, java.lang.Object, java.lang.Object, java.lang.Object, java.lang.Object, java.lang.Object, java.lang.Object)'> (0x00000000ee963830) 
thrown [s\src\hotspot\share\interpreter\linkResolver.cpp, line 759]
Event: 12.512 Thread 0x000001ce6276df40 Exception <a 'java/lang/NoSuchMethodError'{0x00000000ee96bde0}: 'java.lang.Object java.lang.invoke.DirectMethodHandle$Holder.invokeSpecial(java.lang.Object, java.lang.Object, java.lang.Object, java.lang.Object, java.lang.Object, java.lang.Object, java.lang.Object, java.lang.Object, java.lang.Object, java.lang.Object)'> (0x00000000ee96bde0) 
thrown [s\src\hotspot\share\interpreter\linkResolver.cpp, line 759]
Event: 12.512 Thread 0x000001ce6276df40 Exception <a 'java/lang/NoSuchMethodError'{0x00000000ee9706b0}: 'java.lang.Object java.lang.invoke.Invokers$Holder.invoker(java.lang.Object, java.lang.Object, java.lang.Object, java.lang.Object, java.lang.Object, java.lang.Object, java.lang.Object, java.lang.Object, java.lang.Object, java.lang.Object)'> (0x00000000ee9706b0) 
thrown [s\src\hotspot\share\interpreter\linkResolver.cpp, line 759]
Event: 12.512 Thread 0x000001ce6276df40 Exception <a 'java/lang/NoSuchMethodError'{0x00000000ee9762b8}: 'java.lang.Object java.lang.invoke.DirectMethodHandle$Holder.invokeSpecial(java.lang.Object, java.lang.Object, java.lang.Object, java.lang.Object, java.lang.Object, java.lang.Object, java.lang.Object, java.lang.Object, java.lang.Object, java.lang.Object, java.lang.Object)'> (0x00000000ee9762b8) 
thrown [s\src\hotspot\share\interpreter\linkResolver.cpp, line 759]

VM Operations (20 events):
Event: 12.040 Executing VM operation: HandshakeAllThreads
Event: 12.040 Executing VM operation: HandshakeAllThreads done
Event: 12.040 Executing VM operation: HandshakeAllThreads
Event: 12.040 Executing VM operation: HandshakeAllThreads done
Event: 12.072 Executing VM operation: HandshakeAllThreads
Event: 12.072 Executing VM operation: HandshakeAllThreads done
Event: 12.096 Executing VM operation: HandshakeAllThreads
Event: 12.096 Executing VM operation: HandshakeAllThreads done
Event: 12.157 Executing VM operation: HandshakeAllThreads
Event: 12.157 Executing VM operation: HandshakeAllThreads done
Event: 12.183 Executing VM operation: HandshakeAllThreads
Event: 12.183 Executing VM operation: HandshakeAllThreads done
Event: 12.194 Executing VM operation: HandshakeAllThreads
Event: 12.194 Executing VM operation: HandshakeAllThreads done
Event: 12.220 Executing VM operation: HandshakeAllThreads
Event: 12.220 Executing VM operation: HandshakeAllThreads done
Event: 12.275 Executing VM operation: HandshakeAllThreads
Event: 12.275 Executing VM operation: HandshakeAllThreads done
Event: 12.280 Executing VM operation: G1CollectForAllocation
Event: 12.285 Executing VM operation: G1CollectForAllocation done

Memory protections (0 events):
No events

Nmethod flushes (0 events):
No events

Events (20 events):
Event: 6.375 Thread 0x000001ce61bc4eb0 Thread exited: 0x000001ce61bc4eb0
Event: 7.377 Thread 0x000001ce477d2d40 Thread exited: 0x000001ce477d2d40
Event: 7.393 Thread 0x000001ce477a7ad0 Thread exited: 0x000001ce477a7ad0
Event: 7.393 Thread 0x000001ce477aa620 Thread exited: 0x000001ce477aa620
Event: 10.202 Thread 0x000001ce47529d90 Thread added: 0x000001ce477a7ad0
Event: 11.780 Thread 0x000001ce477a7ad0 Thread exited: 0x000001ce477a7ad0
Event: 11.988 Thread 0x000001ce47690090 Thread added: 0x000001ce62149f30
Event: 12.030 Thread 0x000001ce47690090 Thread added: 0x000001ce62138a30
Event: 12.031 Thread 0x000001ce62138a30 Thread added: 0x000001ce624d4e40
Event: 12.046 Thread 0x000001ce47529d90 Thread added: 0x000001ce61c7f100
Event: 12.083 Thread 0x000001ce2be07f20 Thread added: 0x000001ce62409300
Event: 12.233 Thread 0x000001ce2be07f20 Thread added: 0x000001ce6268f6f0
Event: 12.268 Thread 0x000001ce2be07f20 Thread added: 0x000001ce6230ac10
Event: 12.299 Thread 0x000001ce6268f6f0 Thread added: 0x000001ce61a48960
Event: 12.301 Thread 0x000001ce61a48960 Thread added: 0x000001ce627702b0
Event: 12.326 Thread 0x000001ce61a48960 Thread added: 0x000001ce6276da30
Event: 12.341 Thread 0x000001ce61a48960 Thread added: 0x000001ce6276df40
Event: 12.346 Thread 0x000001ce6276df40 Thread added: 0x000001ce6276e450
Event: 12.348 Thread 0x000001ce6276df40 Thread added: 0x000001ce6276e960
Event: 12.349 Thread 0x000001ce6276df40 Thread added: 0x000001ce6276f890


Dynamic libraries:
0x00007ff616430000 - 0x00007ff61643e000 	D:\Java SDK\jdk17\bin\java.exe
0x00007ffb792e0000 - 0x00007ffb79545000 	C:\WINDOWS\SYSTEM32\ntdll.dll
0x00007ffb77570000 - 0x00007ffb77639000 	C:\WINDOWS\System32\KERNEL32.DLL
0x00007ffb76860000 - 0x00007ffb76c48000 	C:\WINDOWS\System32\KERNELBASE.dll
0x00007ffb76d10000 - 0x00007ffb76e5b000 	C:\WINDOWS\System32\ucrtbase.dll
0x00007ffb244d0000 - 0x00007ffb244e9000 	D:\Java SDK\jdk17\bin\jli.dll
0x00007ffb195b0000 - 0x00007ffb195cb000 	D:\Java SDK\jdk17\bin\VCRUNTIME140.dll
0x00007ffb78790000 - 0x00007ffb7895a000 	C:\WINDOWS\System32\USER32.dll
0x00007ffb65a90000 - 0x00007ffb65d2a000 	C:\WINDOWS\WinSxS\amd64_microsoft.windows.common-controls_6595b64144ccf1df_6.0.26100.4202_none_3e0698d4e335f517\COMCTL32.dll
0x00007ffb76ce0000 - 0x00007ffb76d07000 	C:\WINDOWS\System32\win32u.dll
0x00007ffb771b0000 - 0x00007ffb77259000 	C:\WINDOWS\System32\msvcrt.dll
0x00007ffb77ad0000 - 0x00007ffb77afb000 	C:\WINDOWS\System32\GDI32.dll
0x00007ffb76720000 - 0x00007ffb76857000 	C:\WINDOWS\System32\gdi32full.dll
0x00007ffb76430000 - 0x00007ffb764d3000 	C:\WINDOWS\System32\msvcp_win.dll
0x00007ffb77170000 - 0x00007ffb771a0000 	C:\WINDOWS\System32\IMM32.DLL
0x00007ffb4a620000 - 0x00007ffb4a62c000 	D:\Java SDK\jdk17\bin\vcruntime140_1.dll
0x00007ffacbea0000 - 0x00007ffacbf2d000 	D:\Java SDK\jdk17\bin\msvcp140.dll
0x00007ffac56a0000 - 0x00007ffac6314000 	D:\Java SDK\jdk17\bin\server\jvm.dll
0x00007ffb77640000 - 0x00007ffb776f3000 	C:\WINDOWS\System32\ADVAPI32.dll
0x00007ffb78960000 - 0x00007ffb78a06000 	C:\WINDOWS\System32\sechost.dll
0x00007ffb78670000 - 0x00007ffb78785000 	C:\WINDOWS\System32\RPCRT4.dll
0x00007ffb78ad0000 - 0x00007ffb78b44000 	C:\WINDOWS\System32\WS2_32.dll
0x00007ffb76280000 - 0x00007ffb762de000 	C:\WINDOWS\SYSTEM32\POWRPROF.dll
0x00007ffb6ee90000 - 0x00007ffb6eec5000 	C:\WINDOWS\SYSTEM32\WINMM.dll
0x00007ffb6fe50000 - 0x00007ffb6fe5b000 	C:\WINDOWS\SYSTEM32\VERSION.dll
0x00007ffb76260000 - 0x00007ffb76274000 	C:\WINDOWS\SYSTEM32\UMPDC.dll
0x00007ffb751b0000 - 0x00007ffb751cb000 	C:\WINDOWS\SYSTEM32\kernel.appcore.dll
0x00007ffb476d0000 - 0x00007ffb476da000 	D:\Java SDK\jdk17\bin\jimage.dll
0x00007ffb6add0000 - 0x00007ffb6b011000 	C:\WINDOWS\SYSTEM32\DBGHELP.DLL
0x00007ffb77c00000 - 0x00007ffb77f85000 	C:\WINDOWS\System32\combase.dll
0x00007ffb77f90000 - 0x00007ffb78071000 	C:\WINDOWS\System32\OLEAUT32.dll
0x00007ffb59a00000 - 0x00007ffb59a39000 	C:\WINDOWS\SYSTEM32\dbgcore.DLL
0x00007ffb76fe0000 - 0x00007ffb77079000 	C:\WINDOWS\System32\bcryptPrimitives.dll
0x00007ffb466b0000 - 0x00007ffb466be000 	D:\Java SDK\jdk17\bin\instrument.dll
0x00007ffacbe70000 - 0x00007ffacbe95000 	D:\Java SDK\jdk17\bin\java.dll
0x00007ffac55c0000 - 0x00007ffac5697000 	D:\Java SDK\jdk17\bin\jsvml.dll
0x00007ffb78b50000 - 0x00007ffb79292000 	C:\WINDOWS\System32\SHELL32.dll
0x00007ffb765a0000 - 0x00007ffb76714000 	C:\WINDOWS\System32\wintypes.dll
0x00007ffb74070000 - 0x00007ffb748c8000 	C:\WINDOWS\SYSTEM32\windows.storage.dll
0x00007ffb77b00000 - 0x00007ffb77bf1000 	C:\WINDOWS\System32\SHCORE.dll
0x00007ffb77500000 - 0x00007ffb7756a000 	C:\WINDOWS\System32\shlwapi.dll
0x00007ffb76340000 - 0x00007ffb7636f000 	C:\WINDOWS\SYSTEM32\profapi.dll
0x00007ffb09ce0000 - 0x00007ffb09cf8000 	D:\Java SDK\jdk17\bin\zip.dll
0x00007ffb032a0000 - 0x00007ffb032b9000 	D:\Java SDK\jdk17\bin\net.dll
0x00007ffb6fbb0000 - 0x00007ffb6fcce000 	C:\WINDOWS\SYSTEM32\WINHTTP.dll
0x00007ffb75700000 - 0x00007ffb7576a000 	C:\WINDOWS\system32\mswsock.dll
0x00007ffaf3f10000 - 0x00007ffaf3f26000 	D:\Java SDK\jdk17\bin\nio.dll
0x00007ffb54370000 - 0x00007ffb54380000 	D:\Java SDK\jdk17\bin\verify.dll
0x00007ffacbf30000 - 0x00007ffacbf57000 	C:\Users\USER\.gradle\native\1def1411415f61bf3af743bc5b6707747c0891f09f0c88961ee8f79bc544acac\windows-amd64\native-platform.dll
0x00007ffac5540000 - 0x00007ffac55b8000 	C:\Users\USER\.gradle\native\0.2.7\x86_64-windows-gnu\gradle-fileevents.dll
0x00007ffb248a0000 - 0x00007ffb248a9000 	D:\Java SDK\jdk17\bin\management.dll
0x00007ffb24890000 - 0x00007ffb2489b000 	D:\Java SDK\jdk17\bin\management_ext.dll
0x00007ffb78ac0000 - 0x00007ffb78ac8000 	C:\WINDOWS\System32\PSAPI.DLL
0x00007ffb74bc0000 - 0x00007ffb74bf3000 	C:\WINDOWS\SYSTEM32\IPHLPAPI.DLL
0x00007ffb77090000 - 0x00007ffb7709a000 	C:\WINDOWS\System32\NSI.dll
0x00007ffb6fe60000 - 0x00007ffb6fe7f000 	C:\WINDOWS\SYSTEM32\dhcpcsvc6.DLL
0x00007ffb6fb80000 - 0x00007ffb6fba5000 	C:\WINDOWS\SYSTEM32\dhcpcsvc.DLL
0x00007ffb74c00000 - 0x00007ffb74d27000 	C:\WINDOWS\SYSTEM32\DNSAPI.dll
0x00007ffb23d60000 - 0x00007ffb23d69000 	D:\Java SDK\jdk17\bin\extnet.dll
0x00007ffb75ae0000 - 0x00007ffb75afb000 	C:\WINDOWS\SYSTEM32\CRYPTSP.dll
0x00007ffb75110000 - 0x00007ffb7514a000 	C:\WINDOWS\system32\rsaenh.dll
0x00007ffb757a0000 - 0x00007ffb757cb000 	C:\WINDOWS\SYSTEM32\USERENV.dll
0x00007ffb76310000 - 0x00007ffb76336000 	C:\WINDOWS\SYSTEM32\bcrypt.dll
0x00007ffb75940000 - 0x00007ffb7594c000 	C:\WINDOWS\SYSTEM32\CRYPTBASE.dll
0x00007ffb23980000 - 0x00007ffb2398e000 	D:\Java SDK\jdk17\bin\sunmscapi.dll
0x00007ffb76e60000 - 0x00007ffb76fd7000 	C:\WINDOWS\System32\CRYPT32.dll
0x00007ffb75c30000 - 0x00007ffb75c60000 	C:\WINDOWS\SYSTEM32\ncrypt.dll
0x00007ffb75be0000 - 0x00007ffb75c1f000 	C:\WINDOWS\SYSTEM32\NTASN1.dll
0x00007ffb1c8f0000 - 0x00007ffb1c8f8000 	C:\WINDOWS\system32\wshunix.dll

dbghelp: loaded successfully - version: 4.0.5 - missing functions: none
symbol engine: initialized successfully - sym options: 0x614 - pdb path: .;D:\Java SDK\jdk17\bin;C:\WINDOWS\SYSTEM32;C:\WINDOWS\WinSxS\amd64_microsoft.windows.common-controls_6595b64144ccf1df_6.0.26100.4202_none_3e0698d4e335f517;D:\Java SDK\jdk17\bin\server;C:\Users\USER\.gradle\native\1def1411415f61bf3af743bc5b6707747c0891f09f0c88961ee8f79bc544acac\windows-amd64;C:\Users\USER\.gradle\native\0.2.7\x86_64-windows-gnu

VM Arguments:
jvm_args: --add-opens=java.base/java.lang=ALL-UNNAMED --add-opens=java.base/java.lang.invoke=ALL-UNNAMED --add-opens=java.base/java.util=ALL-UNNAMED --add-opens=java.prefs/java.util.prefs=ALL-UNNAMED --add-exports=jdk.compiler/com.sun.tools.javac.api=ALL-UNNAMED --add-exports=jdk.compiler/com.sun.tools.javac.util=ALL-UNNAMED --add-opens=java.base/java.util=ALL-UNNAMED --add-opens=java.prefs/java.util.prefs=ALL-UNNAMED --add-opens=java.base/java.nio.charset=ALL-UNNAMED --add-opens=java.base/java.net=ALL-UNNAMED --add-opens=java.base/java.util.concurrent.atomic=ALL-UNNAMED --add-opens=java.xml/javax.xml.namespace=ALL-UNNAMED -XX:MaxMetaspaceSize=384m -XX:+HeapDumpOnOutOfMemoryError -Xms256m -Xmx512m -Dfile.encoding=UTF-8 -Duser.country=CO -Duser.language=es -Duser.variant -javaagent:C:\Users\USER\.gradle\wrapper\dists\gradle-8.14.2-bin\2pb3mgt1p815evrl3weanttgr\gradle-8.14.2\lib\agents\gradle-instrumentation-agent-8.14.2.jar 
java_command: org.gradle.launcher.daemon.bootstrap.GradleDaemon 8.14.2
java_class_path (initial): C:\Users\USER\.gradle\wrapper\dists\gradle-8.14.2-bin\2pb3mgt1p815evrl3weanttgr\gradle-8.14.2\lib\gradle-daemon-main-8.14.2.jar
Launcher Type: SUN_STANDARD

[Global flags]
     intx CICompilerCount                          = 12                                        {product} {ergonomic}
   size_t CompressedClassSpaceSize                 = 335544320                                 {product} {ergonomic}
     uint ConcGCThreads                            = 3                                         {product} {ergonomic}
     uint G1ConcRefinementThreads                  = 13                                        {product} {ergonomic}
   size_t G1HeapRegionSize                         = 1048576                                   {product} {ergonomic}
    uintx GCDrainStackTargetSize                   = 64                                        {product} {ergonomic}
     bool HeapDumpOnOutOfMemoryError               = true                                   {manageable} {command line}
   size_t InitialHeapSize                          = 268435456                                 {product} {command line}
   size_t MarkStackSize                            = 4194304                                   {product} {ergonomic}
   size_t MaxHeapSize                              = 536870912                                 {product} {command line}
   size_t MaxMetaspaceSize                         = 402653184                                 {product} {command line}
   size_t MaxNewSize                               = 321912832                                 {product} {ergonomic}
   size_t MinHeapDeltaBytes                        = 1048576                                   {product} {ergonomic}
   size_t MinHeapSize                              = 268435456                                 {product} {command line}
    uintx NonNMethodCodeHeapSize                   = 7602480                                {pd product} {ergonomic}
    uintx NonProfiledCodeHeapSize                  = 122027880                              {pd product} {ergonomic}
    uintx ProfiledCodeHeapSize                     = 122027880                              {pd product} {ergonomic}
    uintx ReservedCodeCacheSize                    = 251658240                              {pd product} {ergonomic}
     bool SegmentedCodeCache                       = true                                      {product} {ergonomic}
   size_t SoftMaxHeapSize                          = 536870912                              {manageable} {ergonomic}
     bool UseCompressedClassPointers               = true                           {product lp64_product} {ergonomic}
     bool UseCompressedOops                        = true                           {product lp64_product} {ergonomic}
     bool UseG1GC                                  = true                                      {product} {ergonomic}
     bool UseLargePagesIndividualAllocation        = false                                  {pd product} {ergonomic}

Logging:
Log output configuration:
 #0: stdout all=warning uptime,level,tags
 #1: stderr all=off uptime,level,tags

Environment Variables:
JAVA_HOME=D:\Java SDK\jdk17
PATH=C:\WINDOWS\system32;C:\WINDOWS;C:\WINDOWS\System32\Wbem;C:\WINDOWS\System32\WindowsPowerShell\v1.0\;C:\WINDOWS\System32\OpenSSH\;D:\Git\cmd;D:\Java SDK\jdk17\bin;D:\flutter\bin;D:\Windows Kits\10\Windows Performance Toolkit\;C:\Program Files\Docker\Docker\resources\bin;D:\Program Files\nodejs\;C:\Users\USER\AppData\Local\Microsoft\WindowsApps;C:\Users\USER\AppData\Local\GitHubDesktop\bin;D:\Program Files\Microsoft VS Code\bin;D:\Program Files\JetBrains\IntelliJ IDEA Community Edition 2024.3.1.1\bin;;C:\Users\USER\AppData\Roaming\npm
USERNAME=USER
OS=Windows_NT
PROCESSOR_IDENTIFIER=AMD64 Family 25 Model 80 Stepping 0, AuthenticAMD
TMP=C:\Users\USER\AppData\Local\Temp
TEMP=C:\Users\USER\AppData\Local\Temp



Periodic native trim disabled


---------------  S Y S T E M  ---------------

OS:
 Windows 11 , 64 bit Build 26100 (10.0.26100.4202)
OS uptime: 0 days 16:48 hours
Hyper-V role detected

CPU: total 16 (initial active 16) (16 cores per cpu, 2 threads per core) family 25 model 80 stepping 0 microcode 0xa50000c, cx8, cmov, fxsr, ht, mmx, 3dnowpref, sse, sse2, sse3, ssse3, sse4a, sse4.1, sse4.2, popcnt, lzcnt, tsc, tscinvbit, avx, avx2, aes, erms, clmul, bmi1, bmi2, adx, sha, fma, vzeroupper, clflush, clflushopt, hv
Processor Information for all 16 processors :
  Max Mhz: 3801, Current Mhz: 3801, Mhz Limit: 3801

Memory: 4k page, system-wide physical 28565M (9368M free)
TotalPageFile size 32661M (AvailPageFile size 9M)
current process WorkingSet (physical memory assigned to process): 183M, peak: 183M
current process commit charge ("private bytes"): 407M, peak: 408M

vm_info: OpenJDK 64-Bit Server VM (17.0.13+11-LTS) for windows-amd64 JRE (17.0.13+11-LTS) (Zulu17.54+21-CA), built on Oct  1 2024 15:07:38 by "zulu_re" with MS VC++ 16.10 / 16.11 (VS2019)

END.
