#
# There is insufficient memory for the Java Runtime Environment to continue.
# Native memory allocation (mmap) failed to map 134217728 bytes. Error detail: G1 virtual space
# Possible reasons:
#   The system is out of physical RAM or swap space
#   This process is running with CompressedOops enabled, and the Java Heap may be blocking the growth of the native heap
# Possible solutions:
#   Reduce memory load on the system
#   Increase physical memory or swap space
#   Check if swap backing store is full
#   Decrease Java heap size (-Xmx/-Xms)
#   Decrease number of Java threads
#   Decrease Java thread stack sizes (-Xss)
#   Set larger code cache with -XX:ReservedCodeCacheSize=
#   JVM is running with Zero Based Compressed Oops mode in which the Java heap is
#     placed in the first 32GB address space. The Java Heap base address is the
#     maximum limit for the native heap growth. Please use -XX:HeapBaseMinAddress
#     to set the Java Heap base and to place the Java Heap above 32GB virtual address.
# This output file may be truncated or incomplete.
#
#  Out of Memory Error (os_windows.cpp:3614), pid=29664, tid=33200
#
# JRE version: OpenJDK Runtime Environment Zulu17.54+21-CA (17.0.13+11) (build 17.0.13+11-LTS)
# Java VM: OpenJDK 64-Bit Server VM Zulu17.54+21-CA (17.0.13+11-LTS, mixed mode, sharing, tiered, compressed oops, compressed class ptrs, g1 gc, windows-amd64)
# No core dump will be written. Minidumps are not enabled by default on client versions of Windows
#

---------------  S U M M A R Y ------------

Command Line: -Ddebugger.agent.enable.coroutines=true -Dkotlinx.coroutines.debug.enable.creation.stack.trace=false -Dkotlinx.coroutines.debug.enable.flows.stack.trace=true -Dkotlinx.coroutines.debug.enable.mutable.state.flows.stack.trace=true -agentlib:jdwp=transport=dt_socket,server=n,suspend=y,address=127.0.0.1:49874 -javaagent:C:\Users\USER\AppData\Local\JetBrains\IdeaIC2024.3\captureAgent\debugger-agent.jar -Dfile.encoding=UTF-8 -Duser.country=CO -Duser.language=es -Duser.variant com.davivienda.kata.KataApplication

Host: AMD Ryzen 7 5700G with Radeon Graphics         , 16 cores, 27G,  Windows 11 , 64 bit Build 26100 (10.0.26100.4202)
Time: Wed Jul  2 23:53:06 2025 Hora est. Pacífico, Sudamérica elapsed time: 9.649818 seconds (0d 0h 0m 9s)

---------------  T H R E A D  ---------------

Current thread (0x0000029c5fcafd40):  VMThread "VM Thread" [stack: 0x000000e82cc00000,0x000000e82cd00000] [id=33200]

Stack: [0x000000e82cc00000,0x000000e82cd00000]
Native frames: (J=compiled Java code, j=interpreted, Vv=VM code, C=native code)
V  [jvm.dll+0x685369]
V  [jvm.dll+0x83d20a]
V  [jvm.dll+0x83ecce]
V  [jvm.dll+0x83f333]
V  [jvm.dll+0x24c09f]
V  [jvm.dll+0x682099]
V  [jvm.dll+0x676b6a]
V  [jvm.dll+0x30bfdb]
V  [jvm.dll+0x3134d6]
V  [jvm.dll+0x36400e]
V  [jvm.dll+0x36424f]
V  [jvm.dll+0x2e2fec]
V  [jvm.dll+0x2e13af]
V  [jvm.dll+0x2e0adc]
V  [jvm.dll+0x32420b]
V  [jvm.dll+0x84382d]
V  [jvm.dll+0x844572]
V  [jvm.dll+0x844a9f]
V  [jvm.dll+0x844e84]
V  [jvm.dll+0x844f50]
V  [jvm.dll+0x7ec49c]
V  [jvm.dll+0x684237]
C  [ucrtbase.dll+0x37b0]
C  [KERNEL32.DLL+0x2e8d7]
C  [ntdll.dll+0x3c34c]

VM_Operation (0x000000e82fcfa5a0): G1CollectForAllocation, mode: safepoint, requested by thread 0x0000029caf781400


---------------  P R O C E S S  ---------------

Threads class SMR info:
_java_thread_list=0x0000029cb9d32a10, length=36, elements={
0x0000029c5fcb56a0, 0x0000029c5fcb6270, 0x0000029c5fccbcd0, 0x0000029c5fcce6c0,
0x0000029c62b21f90, 0x0000029c62b24880, 0x0000029c62b274a0, 0x0000029c62b43390,
0x0000029c62b43cb0, 0x0000029c62c507d0, 0x0000029c62c53120, 0x0000029c62cee3c0,
0x0000029c62d37b10, 0x0000029c62d38600, 0x0000029c62d68f40, 0x0000029cb4936ae0,
0x0000029cb4938940, 0x0000029cb4937a10, 0x0000029cb99e7860, 0x0000029cb99e6930,
0x0000029cb99e96c0, 0x0000029caf7804d0, 0x0000029caf782330, 0x0000029caf781400,
0x0000029caf7809e0, 0x0000029caf780ef0, 0x0000029caf782840, 0x0000029caf781910,
0x0000029caf781e20, 0x0000029caf782d50, 0x0000029caf77f5a0, 0x0000029caf786500,
0x0000029caf7846a0, 0x0000029caf785ae0, 0x0000029caf7850c0, 0x0000029caf783770
}

Java Threads: ( => current thread )
  0x0000029c5fcb56a0 JavaThread "Reference Handler" daemon [_thread_blocked, id=33664, stack(0x000000e82cd00000,0x000000e82ce00000)]
  0x0000029c5fcb6270 JavaThread "Finalizer" daemon [_thread_blocked, id=5720, stack(0x000000e82ce00000,0x000000e82cf00000)]
  0x0000029c5fccbcd0 JavaThread "Signal Dispatcher" daemon [_thread_blocked, id=28112, stack(0x000000e82cf00000,0x000000e82d000000)]
  0x0000029c5fcce6c0 JavaThread "Attach Listener" daemon [_thread_blocked, id=18164, stack(0x000000e82d000000,0x000000e82d100000)]
  0x0000029c62b21f90 JavaThread "Service Thread" daemon [_thread_blocked, id=30092, stack(0x000000e82d100000,0x000000e82d200000)]
  0x0000029c62b24880 JavaThread "Monitor Deflation Thread" daemon [_thread_blocked, id=29824, stack(0x000000e82d200000,0x000000e82d300000)]
  0x0000029c62b274a0 JavaThread "C2 CompilerThread0" daemon [_thread_blocked, id=29480, stack(0x000000e82d300000,0x000000e82d400000)]
  0x0000029c62b43390 JavaThread "C1 CompilerThread0" daemon [_thread_blocked, id=19996, stack(0x000000e82d400000,0x000000e82d500000)]
  0x0000029c62b43cb0 JavaThread "Sweeper thread" daemon [_thread_blocked, id=28016, stack(0x000000e82d500000,0x000000e82d600000)]
  0x0000029c62c507d0 JavaThread "Common-Cleaner" daemon [_thread_blocked, id=33212, stack(0x000000e82d600000,0x000000e82d700000)]
  0x0000029c62c53120 JavaThread "C1 CompilerThread1" daemon [_thread_blocked, id=23756, stack(0x000000e82d700000,0x000000e82d800000)]
  0x0000029c62cee3c0 JavaThread "JDWP Transport Listener: dt_socket" daemon [_thread_blocked, id=24184, stack(0x000000e82da00000,0x000000e82db00000)]
  0x0000029c62d37b10 JavaThread "JDWP Event Helper Thread" daemon [_thread_blocked, id=30024, stack(0x000000e82db00000,0x000000e82dc00000)]
  0x0000029c62d38600 JavaThread "JDWP Command Reader" daemon [_thread_in_native, id=28424, stack(0x000000e82dc00000,0x000000e82dd00000)]
  0x0000029c62d68f40 JavaThread "Notification Thread" daemon [_thread_blocked, id=32228, stack(0x000000e82dd00000,0x000000e82de00000)]
  0x0000029cb4936ae0 JavaThread "PostgreSQL-JDBC-Cleaner" daemon [_thread_blocked, id=33784, stack(0x000000e82f600000,0x000000e82f700000)]
  0x0000029cb4938940 JavaThread "HikariPool-1:housekeeper" daemon [_thread_blocked, id=8480, stack(0x000000e82f700000,0x000000e82f800000)]
  0x0000029cb4937a10 JavaThread "HikariPool-1:connection-adder" daemon [_thread_blocked, id=24340, stack(0x000000e82f800000,0x000000e82f900000)]
  0x0000029cb99e7860 JavaThread "Catalina-utility-1" [_thread_blocked, id=19004, stack(0x000000e82ed00000,0x000000e82ee00000)]
  0x0000029cb99e6930 JavaThread "Catalina-utility-2" [_thread_blocked, id=22384, stack(0x000000e82f300000,0x000000e82f400000)]
  0x0000029cb99e96c0 JavaThread "container-0" [_thread_blocked, id=28852, stack(0x000000e82f400000,0x000000e82f500000)]
  0x0000029caf7804d0 JavaThread "File Watcher" daemon [_thread_blocked, id=33280, stack(0x000000e82fb00000,0x000000e82fc00000)]
  0x0000029caf782330 JavaThread "Live Reload Server" daemon [_thread_in_native, id=14584, stack(0x000000e82fd00000,0x000000e82fe00000)]
  0x0000029caf781400 JavaThread "http-nio-8080-exec-1" daemon [_thread_blocked, id=29044, stack(0x000000e82fc00000,0x000000e82fd00000)]
  0x0000029caf7809e0 JavaThread "http-nio-8080-exec-2" daemon [_thread_blocked, id=33412, stack(0x000000e82fe00000,0x000000e82ff00000)]
  0x0000029caf780ef0 JavaThread "http-nio-8080-exec-3" daemon [_thread_blocked, id=28072, stack(0x000000e82ff00000,0x000000e830000000)]
  0x0000029caf782840 JavaThread "http-nio-8080-exec-4" daemon [_thread_blocked, id=8040, stack(0x000000e830000000,0x000000e830100000)]
  0x0000029caf781910 JavaThread "http-nio-8080-exec-5" daemon [_thread_blocked, id=27012, stack(0x000000e830100000,0x000000e830200000)]
  0x0000029caf781e20 JavaThread "http-nio-8080-exec-6" daemon [_thread_blocked, id=32008, stack(0x000000e830200000,0x000000e830300000)]
  0x0000029caf782d50 JavaThread "http-nio-8080-exec-7" daemon [_thread_blocked, id=21748, stack(0x000000e830300000,0x000000e830400000)]
  0x0000029caf77f5a0 JavaThread "http-nio-8080-exec-8" daemon [_thread_blocked, id=29608, stack(0x000000e830400000,0x000000e830500000)]
  0x0000029caf786500 JavaThread "http-nio-8080-exec-9" daemon [_thread_blocked, id=26696, stack(0x000000e830500000,0x000000e830600000)]
  0x0000029caf7846a0 JavaThread "http-nio-8080-exec-10" daemon [_thread_blocked, id=31648, stack(0x000000e830600000,0x000000e830700000)]
  0x0000029caf785ae0 JavaThread "http-nio-8080-Poller" daemon [_thread_blocked, id=30656, stack(0x000000e830700000,0x000000e830800000)]
  0x0000029caf7850c0 JavaThread "http-nio-8080-Acceptor" daemon [_thread_in_native, id=25384, stack(0x000000e830800000,0x000000e830900000)]
  0x0000029caf783770 JavaThread "DestroyJavaVM" [_thread_blocked, id=30680, stack(0x000000e82c600000,0x000000e82c700000)]

Other Threads:
=>0x0000029c5fcafd40 VMThread "VM Thread" [stack: 0x000000e82cc00000,0x000000e82cd00000] [id=33200]
  0x0000029c62d61130 WatcherThread [stack: 0x000000e82de00000,0x000000e82df00000] [id=13460]
  0x0000029c5fb08c10 GCTaskThread "GC Thread#0" [stack: 0x000000e82c700000,0x000000e82c800000] [id=27816]
  0x0000029ca8b9e5b0 GCTaskThread "GC Thread#1" [stack: 0x000000e82e000000,0x000000e82e100000] [id=27400]
  0x0000029ca8b9cf30 GCTaskThread "GC Thread#2" [stack: 0x000000e82e100000,0x000000e82e200000] [id=27176]
  0x0000029ca8b9d7a0 GCTaskThread "GC Thread#3" [stack: 0x000000e82e200000,0x000000e82e300000] [id=28028]
  0x0000029ca8b9e880 GCTaskThread "GC Thread#4" [stack: 0x000000e82e300000,0x000000e82e400000] [id=33032]
  0x0000029ca8b9eb50 GCTaskThread "GC Thread#5" [stack: 0x000000e82e400000,0x000000e82e500000] [id=30396]
  0x0000029ca8b9d200 GCTaskThread "GC Thread#6" [stack: 0x000000e82e500000,0x000000e82e600000] [id=22640]
  0x0000029ca8b9dd40 GCTaskThread "GC Thread#7" [stack: 0x000000e82e600000,0x000000e82e700000] [id=27428]
  0x0000029ca8b9e010 GCTaskThread "GC Thread#8" [stack: 0x000000e82e700000,0x000000e82e800000] [id=22664]
  0x0000029ca8b9d4d0 GCTaskThread "GC Thread#9" [stack: 0x000000e82e800000,0x000000e82e900000] [id=31880]
  0x0000029ca8f88bf0 GCTaskThread "GC Thread#10" [stack: 0x000000e82eb00000,0x000000e82ec00000] [id=24948]
  0x0000029ca8f8c160 GCTaskThread "GC Thread#11" [stack: 0x000000e82ec00000,0x000000e82ed00000] [id=28232]
  0x0000029ca8f88920 GCTaskThread "GC Thread#12" [stack: 0x000000e82ef00000,0x000000e82f000000] [id=27824]
  0x0000029c375c19e0 ConcurrentGCThread "G1 Main Marker" [stack: 0x000000e82c800000,0x000000e82c900000] [id=10552]
  0x0000029c375c32b0 ConcurrentGCThread "G1 Conc#0" [stack: 0x000000e82c900000,0x000000e82ca00000] [id=29428]
  0x0000029ca8f89730 ConcurrentGCThread "G1 Conc#1" [stack: 0x000000e82f000000,0x000000e82f100000] [id=30404]
  0x0000029ca8f8a540 ConcurrentGCThread "G1 Conc#2" [stack: 0x000000e82f100000,0x000000e82f200000] [id=32368]
  0x0000029c5fbeb770 ConcurrentGCThread "G1 Refine#0" [stack: 0x000000e82ca00000,0x000000e82cb00000] [id=29316]
  0x0000029cb94517f0 ConcurrentGCThread "G1 Refine#1" [stack: 0x000000e831500000,0x000000e831600000] [id=28376]
  0x0000029cb9452ff0 ConcurrentGCThread "G1 Refine#2" [stack: 0x000000e831600000,0x000000e831700000] [id=28924]
  0x0000029c5fbec050 ConcurrentGCThread "G1 Service" [stack: 0x000000e82cb00000,0x000000e82cc00000] [id=22872]

Threads with active compile tasks:

VM state: at safepoint (normal execution)

VM Mutex/Monitor currently owned by a thread:  ([mutex/lock_event])
[0x0000029c37548df0] Threads_lock - owner thread: 0x0000029c5fcafd40
[0x0000029c375490c0] Heap_lock - owner thread: 0x0000029caf781400

Heap address: 0x0000000641800000, size: 7144 MB, Compressed Oops mode: Zero based, Oop shift amount: 3

CDS archive(s) mapped at: [0x0000029c63000000-0x0000029c63bd0000-0x0000029c63bd0000), size 12386304, SharedBaseAddress: 0x0000029c63000000, ArchiveRelocationMode: 1.
Compressed class space mapped at: 0x0000029c64000000-0x0000029ca4000000, reserved size: 1073741824
Narrow klass base: 0x0000029c63000000, Narrow klass shift: 0, Narrow klass range: 0x100000000

GC Precious Log:
 CPUs: 16 total, 16 available
 Memory: 28565M
 Large Page Support: Disabled
 NUMA Support: Disabled
 Compressed Oops: Enabled (Zero based)
 Heap Region Size: 4M
 Heap Min Capacity: 8M
 Heap Initial Capacity: 448M
 Heap Max Capacity: 7144M
 Pre-touch: Disabled
 Parallel Workers: 13
 Concurrent Workers: 3
 Concurrent Refinement Workers: 13
 Periodic GC: Disabled

Heap:
 garbage-first heap   total 155648K, used 57250K [0x0000000641800000, 0x0000000800000000)
  region size 4096K, 1 young (4096K), 1 survivors (4096K)
 Metaspace       used 75355K, committed 75968K, reserved 1179648K
  class space    used 10024K, committed 10304K, reserved 1048576K

Heap Regions: E=young(eden), S=young(survivor), O=old, HS=humongous(starts), HC=humongous(continues), CS=collection set, F=free, OA=open archive, CA=closed archive, TAMS=top-at-mark-start (previous, next)
|   0|0x0000000641800000, 0x0000000641c00000, 0x0000000641c00000|100%| O|  |TAMS 0x0000000641c00000, 0x0000000641c00000| Untracked 
|   1|0x0000000641c00000, 0x0000000641f6ac00, 0x0000000642000000| 85%| O|  |TAMS 0x0000000641f6ac00, 0x0000000641f6ac00| Untracked 
|   2|0x0000000642000000, 0x0000000642400000, 0x0000000642400000|100%| O|  |TAMS 0x0000000642400000, 0x0000000642400000| Untracked 
|   3|0x0000000642400000, 0x000000064274be00, 0x0000000642800000| 82%| O|  |TAMS 0x000000064274be00, 0x000000064274be00| Untracked 
|   4|0x0000000642800000, 0x0000000642c00000, 0x0000000642c00000|100%| O|  |TAMS 0x0000000642800000, 0x0000000642c00000| Untracked 
|   5|0x0000000642c00000, 0x0000000643000000, 0x0000000643000000|100%| O|  |TAMS 0x0000000643000000, 0x0000000643000000| Untracked 
|   6|0x0000000643000000, 0x0000000643400000, 0x0000000643400000|100%| O|  |TAMS 0x0000000643000000, 0x0000000643400000| Untracked 
|   7|0x0000000643400000, 0x0000000643800000, 0x0000000643800000|100%| O|  |TAMS 0x0000000643400000, 0x0000000643800000| Untracked 
|   8|0x0000000643800000, 0x0000000643c00000, 0x0000000643c00000|100%| O|  |TAMS 0x0000000643800000, 0x0000000643c00000| Untracked 
|   9|0x0000000643c00000, 0x0000000644000000, 0x0000000644000000|100%| O|  |TAMS 0x0000000643c00000, 0x0000000644000000| Untracked 
|  10|0x0000000644000000, 0x0000000644400000, 0x0000000644400000|100%| O|  |TAMS 0x0000000644000000, 0x0000000644400000| Untracked 
|  11|0x0000000644400000, 0x0000000644800000, 0x0000000644800000|100%| O|  |TAMS 0x0000000644400000, 0x0000000644800000| Untracked 
|  12|0x0000000644800000, 0x0000000644c00000, 0x0000000644c00000|100%| O|  |TAMS 0x0000000644800000, 0x0000000644843c00| Untracked 
|  13|0x0000000644c00000, 0x0000000644ef0000, 0x0000000645000000| 73%| O|  |TAMS 0x0000000644c00000, 0x0000000644c00000| Untracked 
|  14|0x0000000645000000, 0x0000000645000000, 0x0000000645400000|  0%| F|  |TAMS 0x0000000645000000, 0x0000000645000000| Untracked 
|  15|0x0000000645400000, 0x0000000645400000, 0x0000000645800000|  0%| F|  |TAMS 0x0000000645400000, 0x0000000645400000| Untracked 
|  16|0x0000000645800000, 0x0000000645800000, 0x0000000645c00000|  0%| F|  |TAMS 0x0000000645800000, 0x0000000645800000| Untracked 
|  17|0x0000000645c00000, 0x0000000645c00000, 0x0000000646000000|  0%| F|  |TAMS 0x0000000645c00000, 0x0000000645c00000| Untracked 
|  18|0x0000000646000000, 0x0000000646000000, 0x0000000646400000|  0%| F|  |TAMS 0x0000000646000000, 0x0000000646000000| Untracked 
|  19|0x0000000646400000, 0x0000000646400000, 0x0000000646800000|  0%| F|  |TAMS 0x0000000646400000, 0x0000000646400000| Untracked 
|  20|0x0000000646800000, 0x0000000646800000, 0x0000000646c00000|  0%| F|  |TAMS 0x0000000646800000, 0x0000000646800000| Untracked 
|  21|0x0000000646c00000, 0x0000000646e41fa8, 0x0000000647000000| 56%| S|CS|TAMS 0x0000000646c00000, 0x0000000646c00000| Complete 
|  22|0x0000000647000000, 0x0000000647000000, 0x0000000647400000|  0%| F|  |TAMS 0x0000000647000000, 0x0000000647000000| Untracked 
|  23|0x0000000647400000, 0x0000000647400000, 0x0000000647800000|  0%| F|  |TAMS 0x0000000647400000, 0x0000000647400000| Untracked 
|  24|0x0000000647800000, 0x0000000647800000, 0x0000000647c00000|  0%| F|  |TAMS 0x0000000647800000, 0x0000000647800000| Untracked 
|  25|0x0000000647c00000, 0x0000000647c00000, 0x0000000648000000|  0%| F|  |TAMS 0x0000000647c00000, 0x0000000647c00000| Untracked 
|  26|0x0000000648000000, 0x0000000648000000, 0x0000000648400000|  0%| F|  |TAMS 0x0000000648000000, 0x0000000648000000| Untracked 
|  27|0x0000000648400000, 0x0000000648400000, 0x0000000648800000|  0%| F|  |TAMS 0x0000000648400000, 0x0000000648400000| Untracked 
|  28|0x0000000648800000, 0x0000000648800000, 0x0000000648c00000|  0%| F|  |TAMS 0x0000000648800000, 0x0000000648800000| Untracked 
|  29|0x0000000648c00000, 0x0000000648c00000, 0x0000000649000000|  0%| F|  |TAMS 0x0000000648c00000, 0x0000000648c00000| Untracked 
|  30|0x0000000649000000, 0x0000000649000000, 0x0000000649400000|  0%| F|  |TAMS 0x0000000649000000, 0x0000000649000000| Untracked 
|  31|0x0000000649400000, 0x0000000649400000, 0x0000000649800000|  0%| F|  |TAMS 0x0000000649400000, 0x0000000649400000| Untracked 
|  32|0x0000000649800000, 0x0000000649800000, 0x0000000649c00000|  0%| F|  |TAMS 0x0000000649800000, 0x0000000649800000| Untracked 
|  33|0x0000000649c00000, 0x0000000649c00000, 0x000000064a000000|  0%| F|  |TAMS 0x0000000649c00000, 0x0000000649c00000| Untracked 
|  34|0x000000064a000000, 0x000000064a000000, 0x000000064a400000|  0%| F|  |TAMS 0x000000064a000000, 0x000000064a000000| Untracked 
|  35|0x000000064a400000, 0x000000064a400000, 0x000000064a800000|  0%| F|  |TAMS 0x000000064a400000, 0x000000064a400000| Untracked 
|  36|0x000000064a800000, 0x000000064a800000, 0x000000064ac00000|  0%| F|  |TAMS 0x000000064a800000, 0x000000064a800000| Untracked 
| 111|0x000000065d400000, 0x000000065d400000, 0x000000065d800000|  0%| F|  |TAMS 0x000000065d400000, 0x000000065d400000| Untracked 

Card table byte_map: [0x0000029c4fee0000,0x0000029c50ce0000] _byte_map_base: 0x0000029c4ccd4000

Marking Bits (Prev, Next): (CMBitMap*) 0x0000029c375b24e0, (CMBitMap*) 0x0000029c375b24a0
 Prev Bits: [0x0000029c58a80000, 0x0000029c5fa20000)
 Next Bits: [0x0000029c51ae0000, 0x0000029c58a80000)

Polling page: 0x0000029c35cb0000

Metaspace:

Usage:
  Non-class:     63.80 MB used.
      Class:      9.79 MB used.
       Both:     73.59 MB used.

Virtual space:
  Non-class space:      128.00 MB reserved,      64.12 MB ( 50%) committed,  2 nodes.
      Class space:        1.00 GB reserved,      10.06 MB ( <1%) committed,  1 nodes.
             Both:        1.12 GB reserved,      74.19 MB (  6%) committed. 

Chunk freelists:
   Non-Class:  15.83 MB
       Class:  5.78 MB
        Both:  21.61 MB

MaxMetaspaceSize: unlimited
CompressedClassSpaceSize: 1.00 GB
Initial GC threshold: 21.00 MB
Current GC threshold: 98.56 MB
CDS: on
MetaspaceReclaimPolicy: balanced
 - commit_granule_bytes: 65536.
 - commit_granule_words: 8192.
 - virtual_space_node_default_size: 8388608.
 - enlarge_chunks_in_place: 1.
 - new_chunks_are_fully_committed: 0.
 - uncommit_free_chunks: 1.
 - use_allocation_guard: 0.
 - handle_deallocations: 1.


Internal statistics:

num_allocs_failed_limit: 9.
num_arena_births: 828.
num_arena_deaths: 0.
num_vsnodes_births: 3.
num_vsnodes_deaths: 0.
num_space_committed: 1187.
num_space_uncommitted: 0.
num_chunks_returned_to_freelist: 9.
num_chunks_taken_from_freelist: 3412.
num_chunk_merges: 9.
num_chunk_splits: 2479.
num_chunks_enlarged: 1962.
num_inconsistent_stats: 0.

CodeHeap 'non-profiled nmethods': size=119168Kb used=6130Kb max_used=6130Kb free=113037Kb
 bounds [0x0000029c46cd0000, 0x0000029c472d0000, 0x0000029c4e130000]
CodeHeap 'profiled nmethods': size=119104Kb used=13521Kb max_used=13521Kb free=105582Kb
 bounds [0x0000029c3f130000, 0x0000029c3fe70000, 0x0000029c46580000]
CodeHeap 'non-nmethods': size=7488Kb used=1965Kb max_used=3196Kb free=5522Kb
 bounds [0x0000029c46580000, 0x0000029c468b0000, 0x0000029c46cd0000]
 total_blobs=6822 nmethods=6158 adapters=575
 compilation: enabled
              stopped_count=0, restarted_count=0
 full_count=0

Compilation events (20 events):
Event: 7.197 Thread 0x0000029c62c53120 nmethod 6892 0x0000029c3f528c10 code [0x0000029c3f528da0, 0x0000029c3f528e98]
Event: 7.201 Thread 0x0000029ca8955d90 nmethod 6893 0x0000029c472c8c90 code [0x0000029c472c8e40, 0x0000029c472c9378]
Event: 8.201 Thread 0x0000029c62c53120 6894       3       org.springframework.boot.devtools.filewatch.FileSnapshot::hashCode (49 bytes)
Event: 8.201 Thread 0x0000029c62c53120 nmethod 6894 0x0000029c3fe61710 code [0x0000029c3fe61900, 0x0000029c3fe61cf8]
Event: 8.583 Thread 0x0000029c62c53120 6896       3       jdk.internal.module.SystemModuleFinders$SystemModuleReader::find (59 bytes)
Event: 8.583 Thread 0x0000029c62b43390 6897       3       jdk.internal.module.SystemModuleFinders$SystemModuleReader::containsImageLocation (42 bytes)
Event: 8.584 Thread 0x0000029c62b43390 nmethod 6897 0x0000029c3fe61f10 code [0x0000029c3fe62140, 0x0000029c3fe627f8]
Event: 8.584 Thread 0x0000029c62b43390 6898       3       jdk.internal.jimage.BasicImageReader::verifyLocation (39 bytes)
Event: 8.584 Thread 0x0000029c62c53120 nmethod 6896 0x0000029c3fe62b10 code [0x0000029c3fe62dc0, 0x0000029c3fe63908]
Event: 8.584 Thread 0x0000029c62b274a0 6899       4       java.lang.StringBuilder::<init> (6 bytes)
Event: 8.584 Thread 0x0000029c62b43390 nmethod 6898 0x0000029c3fe63d90 code [0x0000029c3fe63f60, 0x0000029c3fe64248]
Event: 8.588 Thread 0x0000029c62b43390 6901       1       java.lang.invoke.LambdaForm::arity (5 bytes)
Event: 8.588 Thread 0x0000029c62b43390 nmethod 6901 0x0000029c472c9a90 code [0x0000029c472c9c20, 0x0000029c472c9cf8]
Event: 8.589 Thread 0x0000029c62b43390 6902       3       java.lang.invoke.LambdaFormBuffer::clearDuplicatesAndNulls (268 bytes)
Event: 8.589 Thread 0x0000029c62b43390 nmethod 6902 0x0000029c3fe64390 code [0x0000029c3fe64620, 0x0000029c3fe654f8]
Event: 8.589 Thread 0x0000029c62c53120 6903       3       java.lang.invoke.LambdaForm$Name::<init> (52 bytes)
Event: 8.589 Thread 0x0000029c62c53120 nmethod 6903 0x0000029c3fe65990 code [0x0000029c3fe65b40, 0x0000029c3fe65d38]
Event: 8.590 Thread 0x0000029c62b274a0 nmethod 6899 0x0000029c472ca090 code [0x0000029c472ca240, 0x0000029c472cae78]
Event: 8.590 Thread 0x0000029c62b274a0 6900       4       java.lang.AbstractStringBuilder::<init> (63 bytes)
Event: 8.595 Thread 0x0000029c62b274a0 nmethod 6900 0x0000029c472cb610 code [0x0000029c472cb7c0, 0x0000029c472cc2d8]

GC Heap History (20 events):
Event: 1.714 GC heap after
{Heap after GC invocations=7 (full 0):
 garbage-first heap   total 57344K, used 16931K [0x0000000641800000, 0x0000000800000000)
  region size 4096K, 1 young (4096K), 1 survivors (4096K)
 Metaspace       used 29894K, committed 30272K, reserved 1114112K
  class space    used 3657K, committed 3840K, reserved 1048576K
}
Event: 1.962 GC heap before
{Heap before GC invocations=7 (full 0):
 garbage-first heap   total 57344K, used 29219K [0x0000000641800000, 0x0000000800000000)
  region size 4096K, 5 young (20480K), 1 survivors (4096K)
 Metaspace       used 31785K, committed 32192K, reserved 1114112K
  class space    used 3932K, committed 4096K, reserved 1048576K
}
Event: 1.964 GC heap after
{Heap after GC invocations=8 (full 0):
 garbage-first heap   total 57344K, used 17767K [0x0000000641800000, 0x0000000800000000)
  region size 4096K, 1 young (4096K), 1 survivors (4096K)
 Metaspace       used 31785K, committed 32192K, reserved 1114112K
  class space    used 3932K, committed 4096K, reserved 1048576K
}
Event: 2.275 GC heap before
{Heap before GC invocations=8 (full 0):
 garbage-first heap   total 57344K, used 38247K [0x0000000641800000, 0x0000000800000000)
  region size 4096K, 6 young (24576K), 1 survivors (4096K)
 Metaspace       used 35231K, committed 35648K, reserved 1114112K
  class space    used 4397K, committed 4608K, reserved 1048576K
}
Event: 2.277 GC heap after
{Heap after GC invocations=9 (full 0):
 garbage-first heap   total 57344K, used 19094K [0x0000000641800000, 0x0000000800000000)
  region size 4096K, 1 young (4096K), 1 survivors (4096K)
 Metaspace       used 35231K, committed 35648K, reserved 1114112K
  class space    used 4397K, committed 4608K, reserved 1048576K
}
Event: 2.354 GC heap before
{Heap before GC invocations=9 (full 0):
 garbage-first heap   total 57344K, used 19094K [0x0000000641800000, 0x0000000800000000)
  region size 4096K, 2 young (8192K), 1 survivors (4096K)
 Metaspace       used 35717K, committed 36160K, reserved 1114112K
  class space    used 4509K, committed 4736K, reserved 1048576K
}
Event: 2.356 GC heap after
{Heap after GC invocations=10 (full 0):
 garbage-first heap   total 57344K, used 19663K [0x0000000641800000, 0x0000000800000000)
  region size 4096K, 1 young (4096K), 1 survivors (4096K)
 Metaspace       used 35717K, committed 36160K, reserved 1114112K
  class space    used 4509K, committed 4736K, reserved 1048576K
}
Event: 2.648 GC heap before
{Heap before GC invocations=11 (full 0):
 garbage-first heap   total 57344K, used 36047K [0x0000000641800000, 0x0000000800000000)
  region size 4096K, 5 young (20480K), 1 survivors (4096K)
 Metaspace       used 38305K, committed 38720K, reserved 1114112K
  class space    used 4779K, committed 4992K, reserved 1048576K
}
Event: 2.650 GC heap after
{Heap after GC invocations=12 (full 0):
 garbage-first heap   total 258048K, used 20977K [0x0000000641800000, 0x0000000800000000)
  region size 4096K, 1 young (4096K), 1 survivors (4096K)
 Metaspace       used 38305K, committed 38720K, reserved 1114112K
  class space    used 4779K, committed 4992K, reserved 1048576K
}
Event: 4.259 GC heap before
{Heap before GC invocations=12 (full 0):
 garbage-first heap   total 258048K, used 123377K [0x0000000641800000, 0x0000000800000000)
  region size 4096K, 27 young (110592K), 1 survivors (4096K)
 Metaspace       used 59968K, committed 60416K, reserved 1114112K
  class space    used 7879K, committed 8128K, reserved 1048576K
}
Event: 4.263 GC heap after
{Heap after GC invocations=13 (full 0):
 garbage-first heap   total 258048K, used 25938K [0x0000000641800000, 0x0000000800000000)
  region size 4096K, 2 young (8192K), 2 survivors (8192K)
 Metaspace       used 59968K, committed 60416K, reserved 1114112K
  class space    used 7879K, committed 8128K, reserved 1048576K
}
Event: 5.043 GC heap before
{Heap before GC invocations=14 (full 0):
 garbage-first heap   total 110592K, used 83282K [0x0000000641800000, 0x0000000800000000)
  region size 4096K, 16 young (65536K), 2 survivors (8192K)
 Metaspace       used 69315K, committed 69888K, reserved 1114112K
  class space    used 9277K, committed 9536K, reserved 1048576K
}
Event: 5.047 GC heap after
{Heap after GC invocations=15 (full 0):
 garbage-first heap   total 110592K, used 29465K [0x0000000641800000, 0x0000000800000000)
  region size 4096K, 1 young (4096K), 1 survivors (4096K)
 Metaspace       used 69315K, committed 69888K, reserved 1114112K
  class space    used 9277K, committed 9536K, reserved 1048576K
}
Event: 5.403 GC heap before
{Heap before GC invocations=15 (full 0):
 garbage-first heap   total 110592K, used 78617K [0x0000000641800000, 0x0000000800000000)
  region size 4096K, 14 young (57344K), 1 survivors (4096K)
 Metaspace       used 70705K, committed 71296K, reserved 1114112K
  class space    used 9415K, committed 9664K, reserved 1048576K
}
Event: 5.408 GC heap after
{Heap after GC invocations=16 (full 0):
 garbage-first heap   total 110592K, used 39789K [0x0000000641800000, 0x0000000800000000)
  region size 4096K, 2 young (8192K), 2 survivors (8192K)
 Metaspace       used 70705K, committed 71296K, reserved 1114112K
  class space    used 9415K, committed 9664K, reserved 1048576K
}
Event: 5.563 GC heap before
{Heap before GC invocations=16 (full 0):
 garbage-first heap   total 110592K, used 72557K [0x0000000641800000, 0x0000000800000000)
  region size 4096K, 11 young (45056K), 2 survivors (8192K)
 Metaspace       used 70987K, committed 71488K, reserved 1114112K
  class space    used 9437K, committed 9664K, reserved 1048576K
}
Event: 5.568 GC heap after
{Heap after GC invocations=17 (full 0):
 garbage-first heap   total 110592K, used 49660K [0x0000000641800000, 0x0000000800000000)
  region size 4096K, 2 young (8192K), 2 survivors (8192K)
 Metaspace       used 70987K, committed 71488K, reserved 1114112K
  class space    used 9437K, committed 9664K, reserved 1048576K
}
Event: 5.864 GC heap before
{Heap before GC invocations=17 (full 0):
 garbage-first heap   total 110592K, used 78332K [0x0000000641800000, 0x0000000800000000)
  region size 4096K, 9 young (36864K), 2 survivors (8192K)
 Metaspace       used 72439K, committed 73024K, reserved 1114112K
  class space    used 9645K, committed 9920K, reserved 1048576K
}
Event: 5.867 GC heap after
{Heap after GC invocations=18 (full 0):
 garbage-first heap   total 110592K, used 54874K [0x0000000641800000, 0x0000000800000000)
  region size 4096K, 2 young (8192K), 2 survivors (8192K)
 Metaspace       used 72439K, committed 73024K, reserved 1114112K
  class space    used 9645K, committed 9920K, reserved 1048576K
}
Event: 8.602 GC heap before
{Heap before GC invocations=18 (full 0):
 garbage-first heap   total 110592K, used 71258K [0x0000000641800000, 0x0000000800000000)
  region size 4096K, 7 young (28672K), 2 survivors (8192K)
 Metaspace       used 75355K, committed 75968K, reserved 1179648K
  class space    used 10024K, committed 10304K, reserved 1048576K
}

Dll operation events (13 events):
Event: 0.029 Loaded shared library D:\Java SDK\jdk17\bin\java.dll
Event: 0.030 Loaded shared library D:\Java SDK\jdk17\bin\zip.dll
Event: 0.040 Loaded shared library D:\Java SDK\jdk17\bin\jsvml.dll
Event: 0.114 Loaded shared library D:\Java SDK\jdk17\bin\instrument.dll
Event: 0.142 Loaded shared library D:\Java SDK\jdk17\bin\net.dll
Event: 0.142 Loaded shared library D:\Java SDK\jdk17\bin\nio.dll
Event: 0.146 Loaded shared library D:\Java SDK\jdk17\bin\zip.dll
Event: 0.231 Loaded shared library D:\Java SDK\jdk17\bin\jimage.dll
Event: 0.420 Loaded shared library D:\Java SDK\jdk17\bin\management.dll
Event: 0.424 Loaded shared library D:\Java SDK\jdk17\bin\management_ext.dll
Event: 1.386 Loaded shared library D:\Java SDK\jdk17\bin\sunmscapi.dll
Event: 2.873 Loaded shared library D:\Java SDK\jdk17\bin\extnet.dll
Event: 3.441 Loaded shared library D:\Java SDK\jdk17\bin\verify.dll

Deoptimization events (20 events):
Event: 6.249 Thread 0x0000029ca911f610 DEOPT PACKING pc=0x0000029c46e161a8 sp=0x000000e82eafdaa0
Event: 6.249 Thread 0x0000029ca911f610 DEOPT UNPACKING pc=0x0000029c465d69a3 sp=0x000000e82eafda58 mode 2
Event: 6.260 Thread 0x0000029ca911f610 Uncommon trap: trap_request=0xffffff45 fr.pc=0x0000029c46f325a8 relative=0x0000000000000108
Event: 6.260 Thread 0x0000029ca911f610 Uncommon trap: reason=unstable_if action=reinterpret pc=0x0000029c46f325a8 method=java.util.ArrayList.indexOfRange(Ljava/lang/Object;II)I @ 7 c2
Event: 6.261 Thread 0x0000029ca911f610 DEOPT PACKING pc=0x0000029c46f325a8 sp=0x000000e82eafe240
Event: 6.261 Thread 0x0000029ca911f610 DEOPT UNPACKING pc=0x0000029c465d69a3 sp=0x000000e82eafe1d0 mode 2
Event: 6.275 Thread 0x0000029ca911f610 Uncommon trap: trap_request=0xffffffde fr.pc=0x0000029c471b8ff0 relative=0x0000000000000750
Event: 6.275 Thread 0x0000029ca911f610 Uncommon trap: reason=class_check action=maybe_recompile pc=0x0000029c471b8ff0 method=org.springframework.core.ResolvableType.resolveType()Lorg/springframework/core/ResolvableType; @ 44 c2
Event: 6.275 Thread 0x0000029ca911f610 DEOPT PACKING pc=0x0000029c471b8ff0 sp=0x000000e82eafdf00
Event: 6.275 Thread 0x0000029ca911f610 DEOPT UNPACKING pc=0x0000029c465d69a3 sp=0x000000e82eafdef8 mode 2
Event: 6.275 Thread 0x0000029ca911f610 Uncommon trap: trap_request=0xffffffde fr.pc=0x0000029c471b8ff0 relative=0x0000000000000750
Event: 6.275 Thread 0x0000029ca911f610 Uncommon trap: reason=class_check action=maybe_recompile pc=0x0000029c471b8ff0 method=org.springframework.core.ResolvableType.resolveType()Lorg/springframework/core/ResolvableType; @ 44 c2
Event: 6.275 Thread 0x0000029ca911f610 DEOPT PACKING pc=0x0000029c471b8ff0 sp=0x000000e82eafe010
Event: 6.275 Thread 0x0000029ca911f610 DEOPT UNPACKING pc=0x0000029c465d69a3 sp=0x000000e82eafe008 mode 2
Event: 8.583 Thread 0x0000029caf7809e0 DEOPT PACKING pc=0x0000029c46f13e48 sp=0x000000e82fefde50
Event: 8.583 Thread 0x0000029caf7809e0 DEOPT UNPACKING pc=0x0000029c465d7143 sp=0x000000e82fefd2e8 mode 1
Event: 8.584 Thread 0x0000029caf7809e0 DEOPT PACKING pc=0x0000029c46f13e48 sp=0x000000e82fefdf10
Event: 8.584 Thread 0x0000029caf7809e0 DEOPT UNPACKING pc=0x0000029c465d7143 sp=0x000000e82fefd3a8 mode 1
Event: 8.584 Thread 0x0000029caf7809e0 DEOPT PACKING pc=0x0000029c46f13e48 sp=0x000000e82fefdfe0
Event: 8.584 Thread 0x0000029caf7809e0 DEOPT UNPACKING pc=0x0000029c465d7143 sp=0x000000e82fefd478 mode 1

Classes loaded (20 events):
Event: 8.598 Loading class org/apache/catalina/connector/Request$7
Event: 8.598 Loading class org/apache/catalina/connector/Request$7 done
Event: 8.598 Loading class org/apache/catalina/connector/Request$8
Event: 8.598 Loading class org/apache/catalina/connector/Request$8 done
Event: 8.598 Loading class org/apache/catalina/connector/InputBuffer
Event: 8.598 Loading class org/apache/catalina/connector/InputBuffer done
Event: 8.598 Loading class org/apache/tomcat/util/buf/ByteChunk$ByteInputChannel
Event: 8.598 Loading class org/apache/tomcat/util/buf/ByteChunk$ByteInputChannel done
Event: 8.599 Loading class org/apache/catalina/util/ParameterMap
Event: 8.599 Loading class org/apache/catalina/util/ParameterMap done
Event: 8.600 Loading class org/apache/catalina/mapper/MappingData
Event: 8.600 Loading class org/apache/catalina/mapper/MappingData done
Event: 8.600 Loading class org/apache/catalina/core/ApplicationMapping
Event: 8.600 Loading class org/apache/catalina/core/ApplicationMapping done
Event: 8.600 Loading class org/apache/catalina/connector/Response
Event: 8.600 Loading class org/apache/catalina/connector/Response done
Event: 8.601 Loading class org/apache/catalina/connector/CoyoteOutputStream
Event: 8.601 Loading class org/apache/catalina/connector/CoyoteOutputStream done
Event: 8.601 Loading class org/apache/catalina/connector/CoyoteWriter
Event: 8.601 Loading class org/apache/catalina/connector/CoyoteWriter done

Classes unloaded (0 events):
No events

Classes redefined (1 events):
Event: 0.126 Thread 0x0000029c5fcafd40 redefined class name=java.lang.Throwable, count=1

Internal exceptions (20 events):
Event: 5.481 Thread 0x0000029caf77d230 Exception <a 'sun/nio/fs/WindowsException'{0x000000064a419478}> (0x000000064a419478) 
thrown [s\src\hotspot\share\prims\jni.cpp, line 516]
Event: 5.481 Thread 0x0000029caf77cd20 Exception <a 'sun/nio/fs/WindowsException'{0x000000064a40d158}> (0x000000064a40d158) 
thrown [s\src\hotspot\share\prims\jni.cpp, line 516]
Event: 5.481 Thread 0x0000029caf77d230 Exception <a 'sun/nio/fs/WindowsException'{0x000000064a419eb0}> (0x000000064a419eb0) 
thrown [s\src\hotspot\share\prims\jni.cpp, line 516]
Event: 5.482 Thread 0x0000029caf77cd20 Exception <a 'sun/nio/fs/WindowsException'{0x000000064a40d4a8}> (0x000000064a40d4a8) 
thrown [s\src\hotspot\share\prims\jni.cpp, line 516]
Event: 5.482 Thread 0x0000029caf77d230 Exception <a 'sun/nio/fs/WindowsException'{0x000000064a41a1f0}> (0x000000064a41a1f0) 
thrown [s\src\hotspot\share\prims\jni.cpp, line 516]
Event: 5.482 Thread 0x0000029caf77cd20 Exception <a 'sun/nio/fs/WindowsException'{0x000000064a40def8}> (0x000000064a40def8) 
thrown [s\src\hotspot\share\prims\jni.cpp, line 516]
Event: 5.483 Thread 0x0000029caf77d230 Exception <a 'sun/nio/fs/WindowsException'{0x000000064a41ac20}> (0x000000064a41ac20) 
thrown [s\src\hotspot\share\prims\jni.cpp, line 516]
Event: 5.483 Thread 0x0000029caf77cd20 Exception <a 'sun/nio/fs/WindowsException'{0x000000064a40e248}> (0x000000064a40e248) 
thrown [s\src\hotspot\share\prims\jni.cpp, line 516]
Event: 5.483 Thread 0x0000029caf77d230 Exception <a 'sun/nio/fs/WindowsException'{0x000000064a41af50}> (0x000000064a41af50) 
thrown [s\src\hotspot\share\prims\jni.cpp, line 516]
Event: 5.835 Thread 0x0000029ca911f610 Exception <a 'java/lang/NoSuchMethodError'{0x0000000646b18790}: 'java.lang.Object java.lang.invoke.DirectMethodHandle$Holder.invokeInterface(java.lang.Object, java.lang.Object, java.lang.Object, java.lang.Object)'> (0x0000000646b18790) 
thrown [s\src\hotspot\share\interpreter\linkResolver.cpp, line 759]
Event: 5.954 Thread 0x0000029ca911f610 Implicit null exception at 0x0000029c46f2d9e7 to 0x0000029c46f2df3c
Event: 6.003 Thread 0x0000029ca911f610 Exception <a 'java/lang/IncompatibleClassChangeError'{0x000000064a9b99d8}: Found class java.lang.Object, but interface was expected> (0x000000064a9b99d8) 
thrown [s\src\hotspot\share\interpreter\linkResolver.cpp, line 826]
Event: 6.023 Thread 0x0000029ca911f610 Exception <a 'sun/nio/fs/WindowsException'{0x000000064aa6cc90}> (0x000000064aa6cc90) 
thrown [s\src\hotspot\share\prims\jni.cpp, line 516]
Event: 6.058 Thread 0x0000029ca911f610 Implicit null exception at 0x0000029c46e9bc94 to 0x0000029c46e9bd00
Event: 6.114 Thread 0x0000029ca911f610 Exception <a 'java/lang/NoSuchMethodError'{0x000000064a75db40}: 'java.lang.Object java.lang.invoke.DirectMethodHandle$Holder.invokeSpecial(java.lang.Object, java.lang.Object, java.lang.Object, java.lang.Object, java.lang.Object, java.lang.Object, java.lang.Object, java.lang.Object, java.lang.Object, java.lang.Object, java.lang.Object)'> (0x000000064a75db40) 
thrown [s\src\hotspot\share\interpreter\linkResolver.cpp, line 759]
Event: 6.114 Thread 0x0000029ca911f610 Exception <a 'java/lang/NoSuchMethodError'{0x000000064a761f78}: 'java.lang.Object java.lang.invoke.Invokers$Holder.invoke_MT(java.lang.Object, java.lang.Object, java.lang.Object, java.lang.Object, java.lang.Object, java.lang.Object, java.lang.Object, java.lang.Object, java.lang.Object, java.lang.Object, java.lang.Object)'> (0x000000064a761f78) 
thrown [s\src\hotspot\share\interpreter\linkResolver.cpp, line 759]
Event: 6.212 Thread 0x0000029ca911f610 Exception <a 'java/lang/NoSuchMethodError'{0x00000006476ccce0}: 'java.lang.Object java.lang.invoke.DirectMethodHandle$Holder.newInvokeSpecial(java.lang.Object, java.lang.Object, int, java.lang.Object, java.lang.Object)'> (0x00000006476ccce0) 
thrown [s\src\hotspot\share\interpreter\linkResolver.cpp, line 759]
Event: 8.568 Thread 0x0000029caf7850c0 Exception <a 'java/lang/NoSuchMethodError'{0x000000064713ec88}: 'java.lang.Object java.lang.invoke.DirectMethodHandle$Holder.invokeStaticInit(java.lang.Object, java.lang.Object, java.lang.Object, int, int)'> (0x000000064713ec88) 
thrown [s\src\hotspot\share\interpreter\linkResolver.cpp, line 759]
Event: 8.589 Thread 0x0000029caf7809e0 Exception <a 'java/lang/NoSuchMethodError'{0x0000000647301860}: 'java.lang.Object java.lang.invoke.DirectMethodHandle$Holder.invokeSpecial(java.lang.Object, java.lang.Object, java.lang.Object, java.lang.Object, java.lang.Object, long)'> (0x0000000647301860) 
thrown [s\src\hotspot\share\interpreter\linkResolver.cpp, line 759]
Event: 8.589 Thread 0x0000029caf7809e0 Exception <a 'java/lang/NoSuchMethodError'{0x00000006473054f0}: 'java.lang.Object java.lang.invoke.Invokers$Holder.linkToTargetMethod(java.lang.Object, java.lang.Object, java.lang.Object, long, java.lang.Object)'> (0x00000006473054f0) 
thrown [s\src\hotspot\share\interpreter\linkResolver.cpp, line 759]

VM Operations (20 events):
Event: 5.659 Executing VM operation: HandshakeAllThreads done
Event: 5.864 Executing VM operation: G1CollectForAllocation
Event: 5.867 Executing VM operation: G1CollectForAllocation done
Event: 5.922 Executing VM operation: HandshakeAllThreads
Event: 5.922 Executing VM operation: HandshakeAllThreads done
Event: 6.210 Executing VM operation: HandshakeAllThreads
Event: 6.210 Executing VM operation: HandshakeAllThreads done
Event: 6.221 Executing VM operation: HandshakeAllThreads
Event: 6.221 Executing VM operation: HandshakeAllThreads done
Event: 6.252 Executing VM operation: HandshakeAllThreads
Event: 6.253 Executing VM operation: HandshakeAllThreads done
Event: 7.252 Executing VM operation: Cleanup
Event: 7.252 Executing VM operation: Cleanup done
Event: 8.595 Executing VM operation: HandshakeAllThreads
Event: 8.595 Executing VM operation: HandshakeAllThreads done
Event: 8.595 Executing VM operation: Cleanup
Event: 8.595 Executing VM operation: Cleanup done
Event: 8.599 Executing VM operation: HandshakeAllThreads
Event: 8.599 Executing VM operation: HandshakeAllThreads done
Event: 8.602 Executing VM operation: G1CollectForAllocation

Memory protections (0 events):
No events

Nmethod flushes (20 events):
Event: 3.130 Thread 0x0000029c62b43cb0 flushing  nmethod 0x0000029c3fb00c10
Event: 3.130 Thread 0x0000029c62b43cb0 flushing  nmethod 0x0000029c3fb01410
Event: 3.130 Thread 0x0000029c62b43cb0 flushing  nmethod 0x0000029c3fb18590
Event: 3.130 Thread 0x0000029c62b43cb0 flushing  nmethod 0x0000029c3fb1f610
Event: 3.130 Thread 0x0000029c62b43cb0 flushing  nmethod 0x0000029c3fb2d310
Event: 3.130 Thread 0x0000029c62b43cb0 flushing  nmethod 0x0000029c3fb32410
Event: 3.130 Thread 0x0000029c62b43cb0 flushing  nmethod 0x0000029c3fb41590
Event: 3.130 Thread 0x0000029c62b43cb0 flushing  nmethod 0x0000029c3fb70190
Event: 3.130 Thread 0x0000029c62b43cb0 flushing  nmethod 0x0000029c3fb72090
Event: 3.130 Thread 0x0000029c62b43cb0 flushing  nmethod 0x0000029c3fb91390
Event: 3.130 Thread 0x0000029c62b43cb0 flushing  nmethod 0x0000029c3fbd5910
Event: 3.130 Thread 0x0000029c62b43cb0 flushing  nmethod 0x0000029c3fbe1090
Event: 3.130 Thread 0x0000029c62b43cb0 flushing  nmethod 0x0000029c3fbe1510
Event: 3.130 Thread 0x0000029c62b43cb0 flushing  nmethod 0x0000029c3fbe2c10
Event: 3.130 Thread 0x0000029c62b43cb0 flushing  nmethod 0x0000029c3fbe3010
Event: 3.130 Thread 0x0000029c62b43cb0 flushing  nmethod 0x0000029c3fbe4410
Event: 3.130 Thread 0x0000029c62b43cb0 flushing  nmethod 0x0000029c3fbe5390
Event: 3.130 Thread 0x0000029c62b43cb0 flushing  nmethod 0x0000029c3fbe7d90
Event: 4.901 Thread 0x0000029c62b43cb0 flushing  nmethod 0x0000029c3f238290
Event: 4.905 Thread 0x0000029c62b43cb0 flushing  nmethod 0x0000029c3fa4f510

Events (20 events):
Event: 6.226 Thread 0x0000029ca911f610 Thread added: 0x0000029caf781e20
Event: 6.226 Thread 0x0000029ca911f610 Thread added: 0x0000029caf782d50
Event: 6.226 Thread 0x0000029ca911f610 Thread added: 0x0000029caf77f5a0
Event: 6.226 Thread 0x0000029ca911f610 Thread added: 0x0000029caf786500
Event: 6.226 Thread 0x0000029ca911f610 Thread added: 0x0000029caf7846a0
Event: 6.251 Thread 0x0000029ca911f610 Thread added: 0x0000029caf785ae0
Event: 6.254 Thread 0x0000029ca911f610 Thread added: 0x0000029caf7850c0
Event: 6.280 Thread 0x0000029ca911f610 Thread exited: 0x0000029ca911f610
Event: 6.284 Thread 0x0000029ca910de80 Thread exited: 0x0000029ca910de80
Event: 6.284 Thread 0x0000029c3754ec60 Thread exited: 0x0000029c3754ec60
Event: 6.284 Thread 0x0000029caf783770 Thread added: 0x0000029caf783770
Event: 6.792 Thread 0x0000029caa3a86e0 Thread exited: 0x0000029caa3a86e0
Event: 6.792 Thread 0x0000029c62c53c60 Thread exited: 0x0000029c62c53c60
Event: 6.792 Thread 0x0000029cb0b489f0 Thread exited: 0x0000029cb0b489f0
Event: 6.792 Thread 0x0000029cb0b4a9d0 Thread exited: 0x0000029cb0b4a9d0
Event: 7.197 Thread 0x0000029cb0b4c460 Thread exited: 0x0000029cb0b4c460
Event: 7.197 Thread 0x0000029cb0b4b470 Thread exited: 0x0000029cb0b4b470
Event: 7.197 Thread 0x0000029caa5919c0 Thread exited: 0x0000029caa5919c0
Event: 8.201 Thread 0x0000029ca8955d90 Thread exited: 0x0000029ca8955d90
Event: 8.583 Thread 0x0000029c62ca6730 Thread exited: 0x0000029c62ca6730


Dynamic libraries:
0x00007ff616430000 - 0x00007ff61643e000 	D:\Java SDK\jdk17\bin\java.exe
0x00007ffb792e0000 - 0x00007ffb79545000 	C:\WINDOWS\SYSTEM32\ntdll.dll
0x00007ffb77570000 - 0x00007ffb77639000 	C:\WINDOWS\System32\KERNEL32.DLL
0x00007ffb76860000 - 0x00007ffb76c48000 	C:\WINDOWS\System32\KERNELBASE.dll
0x00007ffb76d10000 - 0x00007ffb76e5b000 	C:\WINDOWS\System32\ucrtbase.dll
0x00007ffb195b0000 - 0x00007ffb195cb000 	D:\Java SDK\jdk17\bin\VCRUNTIME140.dll
0x00007ffb244d0000 - 0x00007ffb244e9000 	D:\Java SDK\jdk17\bin\jli.dll
0x00007ffb78790000 - 0x00007ffb7895a000 	C:\WINDOWS\System32\USER32.dll
0x00007ffb65a90000 - 0x00007ffb65d2a000 	C:\WINDOWS\WinSxS\amd64_microsoft.windows.common-controls_6595b64144ccf1df_6.0.26100.4202_none_3e0698d4e335f517\COMCTL32.dll
0x00007ffb76ce0000 - 0x00007ffb76d07000 	C:\WINDOWS\System32\win32u.dll
0x00007ffb771b0000 - 0x00007ffb77259000 	C:\WINDOWS\System32\msvcrt.dll
0x00007ffb77ad0000 - 0x00007ffb77afb000 	C:\WINDOWS\System32\GDI32.dll
0x00007ffb76720000 - 0x00007ffb76857000 	C:\WINDOWS\System32\gdi32full.dll
0x00007ffb76430000 - 0x00007ffb764d3000 	C:\WINDOWS\System32\msvcp_win.dll
0x00007ffb77170000 - 0x00007ffb771a0000 	C:\WINDOWS\System32\IMM32.DLL
0x00007ffb4a620000 - 0x00007ffb4a62c000 	D:\Java SDK\jdk17\bin\vcruntime140_1.dll
0x00007ffacbea0000 - 0x00007ffacbf2d000 	D:\Java SDK\jdk17\bin\msvcp140.dll
0x00007ffac56a0000 - 0x00007ffac6314000 	D:\Java SDK\jdk17\bin\server\jvm.dll
0x00007ffb77640000 - 0x00007ffb776f3000 	C:\WINDOWS\System32\ADVAPI32.dll
0x00007ffb78960000 - 0x00007ffb78a06000 	C:\WINDOWS\System32\sechost.dll
0x00007ffb78670000 - 0x00007ffb78785000 	C:\WINDOWS\System32\RPCRT4.dll
0x00007ffb78ad0000 - 0x00007ffb78b44000 	C:\WINDOWS\System32\WS2_32.dll
0x00007ffb76280000 - 0x00007ffb762de000 	C:\WINDOWS\SYSTEM32\POWRPROF.dll
0x00007ffb6fe50000 - 0x00007ffb6fe5b000 	C:\WINDOWS\SYSTEM32\VERSION.dll
0x00007ffb6ee90000 - 0x00007ffb6eec5000 	C:\WINDOWS\SYSTEM32\WINMM.dll
0x00007ffb76260000 - 0x00007ffb76274000 	C:\WINDOWS\SYSTEM32\UMPDC.dll
0x00007ffb751b0000 - 0x00007ffb751cb000 	C:\WINDOWS\SYSTEM32\kernel.appcore.dll
0x00007ffb476d0000 - 0x00007ffb476da000 	D:\Java SDK\jdk17\bin\jimage.dll
0x00007ffb6add0000 - 0x00007ffb6b011000 	C:\WINDOWS\SYSTEM32\DBGHELP.DLL
0x00007ffb77c00000 - 0x00007ffb77f85000 	C:\WINDOWS\System32\combase.dll
0x00007ffb77f90000 - 0x00007ffb78071000 	C:\WINDOWS\System32\OLEAUT32.dll
0x00007ffb59a00000 - 0x00007ffb59a39000 	C:\WINDOWS\SYSTEM32\dbgcore.DLL
0x00007ffb76fe0000 - 0x00007ffb77079000 	C:\WINDOWS\System32\bcryptPrimitives.dll
0x00007ffaf0b50000 - 0x00007ffaf0b8b000 	D:\Java SDK\jdk17\bin\jdwp.dll
0x00007ffb466b0000 - 0x00007ffb466be000 	D:\Java SDK\jdk17\bin\instrument.dll
0x00007ffacbe70000 - 0x00007ffacbe95000 	D:\Java SDK\jdk17\bin\java.dll
0x00007ffb09ce0000 - 0x00007ffb09cf8000 	D:\Java SDK\jdk17\bin\zip.dll
0x00007ffac55c0000 - 0x00007ffac5697000 	D:\Java SDK\jdk17\bin\jsvml.dll
0x00007ffb78b50000 - 0x00007ffb79292000 	C:\WINDOWS\System32\SHELL32.dll
0x00007ffb765a0000 - 0x00007ffb76714000 	C:\WINDOWS\System32\wintypes.dll
0x00007ffb74070000 - 0x00007ffb748c8000 	C:\WINDOWS\SYSTEM32\windows.storage.dll
0x00007ffb77b00000 - 0x00007ffb77bf1000 	C:\WINDOWS\System32\SHCORE.dll
0x00007ffb77500000 - 0x00007ffb7756a000 	C:\WINDOWS\System32\shlwapi.dll
0x00007ffb76340000 - 0x00007ffb7636f000 	C:\WINDOWS\SYSTEM32\profapi.dll
0x00007ffb4aaa0000 - 0x00007ffb4aaac000 	D:\Java SDK\jdk17\bin\dt_socket.dll
0x00007ffb74bc0000 - 0x00007ffb74bf3000 	C:\WINDOWS\SYSTEM32\IPHLPAPI.DLL
0x00007ffb75700000 - 0x00007ffb7576a000 	C:\WINDOWS\system32\mswsock.dll
0x00007ffb032a0000 - 0x00007ffb032b9000 	D:\Java SDK\jdk17\bin\net.dll
0x00007ffb6fbb0000 - 0x00007ffb6fcce000 	C:\WINDOWS\SYSTEM32\WINHTTP.dll
0x00007ffaf3f10000 - 0x00007ffaf3f26000 	D:\Java SDK\jdk17\bin\nio.dll
0x00007ffb248a0000 - 0x00007ffb248a9000 	D:\Java SDK\jdk17\bin\management.dll
0x00007ffb24890000 - 0x00007ffb2489b000 	D:\Java SDK\jdk17\bin\management_ext.dll
0x00007ffb78ac0000 - 0x00007ffb78ac8000 	C:\WINDOWS\System32\PSAPI.DLL
0x00007ffb23980000 - 0x00007ffb2398e000 	D:\Java SDK\jdk17\bin\sunmscapi.dll
0x00007ffb76e60000 - 0x00007ffb76fd7000 	C:\WINDOWS\System32\CRYPT32.dll
0x00007ffb75c30000 - 0x00007ffb75c60000 	C:\WINDOWS\SYSTEM32\ncrypt.dll
0x00007ffb75be0000 - 0x00007ffb75c1f000 	C:\WINDOWS\SYSTEM32\NTASN1.dll
0x00007ffb75ae0000 - 0x00007ffb75afb000 	C:\WINDOWS\SYSTEM32\CRYPTSP.dll
0x00007ffb75110000 - 0x00007ffb7514a000 	C:\WINDOWS\system32\rsaenh.dll
0x00007ffb757a0000 - 0x00007ffb757cb000 	C:\WINDOWS\SYSTEM32\USERENV.dll
0x00007ffb76310000 - 0x00007ffb76336000 	C:\WINDOWS\SYSTEM32\bcrypt.dll
0x00007ffb75940000 - 0x00007ffb7594c000 	C:\WINDOWS\SYSTEM32\CRYPTBASE.dll
0x00007ffb77090000 - 0x00007ffb7709a000 	C:\WINDOWS\System32\NSI.dll
0x00007ffb6fe60000 - 0x00007ffb6fe7f000 	C:\WINDOWS\SYSTEM32\dhcpcsvc6.DLL
0x00007ffb6fb80000 - 0x00007ffb6fba5000 	C:\WINDOWS\SYSTEM32\dhcpcsvc.DLL
0x00007ffb74c00000 - 0x00007ffb74d27000 	C:\WINDOWS\SYSTEM32\DNSAPI.dll
0x00007ffb6c830000 - 0x00007ffb6c83b000 	C:\Windows\System32\rasadhlp.dll
0x00007ffb6f330000 - 0x00007ffb6f3b6000 	C:\WINDOWS\System32\fwpuclnt.dll
0x00007ffb23d60000 - 0x00007ffb23d69000 	D:\Java SDK\jdk17\bin\extnet.dll
0x00007ffb54370000 - 0x00007ffb54380000 	D:\Java SDK\jdk17\bin\verify.dll
0x00007ffb1c8f0000 - 0x00007ffb1c8f8000 	C:\WINDOWS\system32\wshunix.dll

dbghelp: loaded successfully - version: 4.0.5 - missing functions: none
symbol engine: initialized successfully - sym options: 0x614 - pdb path: .;D:\Java SDK\jdk17\bin;C:\WINDOWS\SYSTEM32;C:\WINDOWS\WinSxS\amd64_microsoft.windows.common-controls_6595b64144ccf1df_6.0.26100.4202_none_3e0698d4e335f517;D:\Java SDK\jdk17\bin\server

VM Arguments:
jvm_args: -Ddebugger.agent.enable.coroutines=true -Dkotlinx.coroutines.debug.enable.creation.stack.trace=false -Dkotlinx.coroutines.debug.enable.flows.stack.trace=true -Dkotlinx.coroutines.debug.enable.mutable.state.flows.stack.trace=true -agentlib:jdwp=transport=dt_socket,server=n,suspend=y,address=127.0.0.1:49874 -javaagent:C:\Users\USER\AppData\Local\JetBrains\IdeaIC2024.3\captureAgent\debugger-agent.jar -Dfile.encoding=UTF-8 -Duser.country=CO -Duser.language=es -Duser.variant 
java_command: com.davivienda.kata.KataApplication
java_class_path (initial): D:\GitHub\kata-davivienda-backend\build\classes\java\main;D:\GitHub\kata-davivienda-backend\build\resources\main;C:\Users\USER\.gradle\caches\modules-2\files-2.1\org.springframework.boot\spring-boot-devtools\3.5.3\43d1c8a49d3c3e1e8dde3e067ecef048c073072f\spring-boot-devtools-3.5.3.jar;C:\Users\USER\.gradle\caches\modules-2\files-2.1\org.springframework.boot\spring-boot-starter-data-jpa\3.5.3\8494346cf0bdb148ef29d5f41647b0cd6908ad7d\spring-boot-starter-data-jpa-3.5.3.jar;C:\Users\USER\.gradle\caches\modules-2\files-2.1\org.springframework.boot\spring-boot-starter-security\3.5.3\7267fd219fc2508fff6f9991a5fee1aa28a28e85\spring-boot-starter-security-3.5.3.jar;C:\Users\USER\.gradle\caches\modules-2\files-2.1\org.springframework.boot\spring-boot-starter-web\3.5.3\4ba7817f958e9a0b0f642af98440affd0c7e2ee0\spring-boot-starter-web-3.5.3.jar;C:\Users\USER\.gradle\caches\modules-2\files-2.1\org.springframework.boot\spring-boot-starter-validation\3.5.3\aaa11ca06f6701717dd7f07666079285e1a566bb\spring-boot-starter-validation-3.5.3.jar;C:\Users\USER\.gradle\caches\modules-2\files-2.1\io.jsonwebtoken\jjwt\0.12.6\3ec582b34a9fd6a2081ea663993d2881a0c1dba2\jjwt-0.12.6.jar;C:\Users\USER\.gradle\caches\modules-2\files-2.1\org.springdoc\springdoc-openapi-ui\1.6.11\994a2f535c251aab0b8a6b6ba84a6863554192c3\springdoc-openapi-ui-1.6.11.jar;C:\Users\USER\.gradle\caches\modules-2\files-2.1\org.postgresql\postgresql\42.7.7\67f8093e8d8104c74bbf588392ac3229803f5d17\postgresql-42.7.7.jar;C:\Users\USER\.gradle\caches\modules-2\files-2.1\org.springframework.boot\spring-boot-starter-jdbc\3.5.3\427ff2d6cc12a5e503b1be8508db08f0c05098c0\spring-boot-starter-jdbc-3.5.3.jar;C:\Users\USER\.gradle\caches\modules-2\files-2.1\org.springframework.boot\spring-boot-starter-json\3.5.3\fe424c3edf444e65e3c3331a1538d31396225a3b\spring-boot-starter-json-3.5.3.jar;C:\Users\USER\.gradle\caches\modules-2\files-2.1\org.springframework.boot\spring-boot-starter\3.5.3\b978e45d89b92eedaa09d0993bed91
Launcher Type: SUN_STANDARD

[Global flags]
     intx CICompilerCount                          = 12                                        {product} {ergonomic}
     uint ConcGCThreads                            = 3                                         {product} {ergonomic}
     uint G1ConcRefinementThreads                  = 13                                        {product} {ergonomic}
   size_t G1HeapRegionSize                         = 4194304                                   {product} {ergonomic}
    uintx GCDrainStackTargetSize                   = 64                                        {product} {ergonomic}
   size_t InitialHeapSize                          = 469762048                                 {product} {ergonomic}
   size_t MarkStackSize                            = 4194304                                   {product} {ergonomic}
   size_t MaxHeapSize                              = 7491026944                                {product} {ergonomic}
   size_t MaxNewSize                               = 4492099584                                {product} {ergonomic}
   size_t MinHeapDeltaBytes                        = 4194304                                   {product} {ergonomic}
   size_t MinHeapSize                              = 8388608                                   {product} {ergonomic}
    uintx NonNMethodCodeHeapSize                   = 7602480                                {pd product} {ergonomic}
    uintx NonProfiledCodeHeapSize                  = 122027880                              {pd product} {ergonomic}
    uintx ProfiledCodeHeapSize                     = 122027880                              {pd product} {ergonomic}
    uintx ReservedCodeCacheSize                    = 251658240                              {pd product} {ergonomic}
     bool SegmentedCodeCache                       = true                                      {product} {ergonomic}
   size_t SoftMaxHeapSize                          = 7491026944                             {manageable} {ergonomic}
     bool UseCompressedClassPointers               = true                           {product lp64_product} {ergonomic}
     bool UseCompressedOops                        = true                           {product lp64_product} {ergonomic}
     bool UseG1GC                                  = true                                      {product} {ergonomic}
     bool UseLargePagesIndividualAllocation        = false                                  {pd product} {ergonomic}

Logging:
Log output configuration:
 #0: stdout all=warning uptime,level,tags
 #1: stderr all=off uptime,level,tags

Environment Variables:
JAVA_HOME=D:\Java SDK\jdk17
PATH=C:\WINDOWS\system32;C:\WINDOWS;C:\WINDOWS\System32\Wbem;C:\WINDOWS\System32\WindowsPowerShell\v1.0\;C:\WINDOWS\System32\OpenSSH\;D:\Git\cmd;D:\Java SDK\jdk17\bin;D:\flutter\bin;D:\Windows Kits\10\Windows Performance Toolkit\;C:\Program Files\Docker\Docker\resources\bin;D:\Program Files\nodejs\;C:\Users\USER\AppData\Local\Microsoft\WindowsApps;C:\Users\USER\AppData\Local\GitHubDesktop\bin;D:\Program Files\Microsoft VS Code\bin;D:\Program Files\JetBrains\IntelliJ IDEA Community Edition 2024.3.1.1\bin;;C:\Users\USER\AppData\Roaming\npm
USERNAME=USER
OS=Windows_NT
PROCESSOR_IDENTIFIER=AMD64 Family 25 Model 80 Stepping 0, AuthenticAMD
TMP=C:\Users\USER\AppData\Local\Temp
TEMP=C:\Users\USER\AppData\Local\Temp



Periodic native trim disabled


---------------  S Y S T E M  ---------------

OS:
 Windows 11 , 64 bit Build 26100 (10.0.26100.4202)
OS uptime: 0 days 16:56 hours
Hyper-V role detected

CPU: total 16 (initial active 16) (16 cores per cpu, 2 threads per core) family 25 model 80 stepping 0 microcode 0xa50000c, cx8, cmov, fxsr, ht, mmx, 3dnowpref, sse, sse2, sse3, ssse3, sse4a, sse4.1, sse4.2, popcnt, lzcnt, tsc, tscinvbit, avx, avx2, aes, erms, clmul, bmi1, bmi2, adx, sha, fma, vzeroupper, clflush, clflushopt, hv
Processor Information for all 16 processors :
  Max Mhz: 3801, Current Mhz: 3801, Mhz Limit: 3801

Memory: 4k page, system-wide physical 28565M (9247M free)
TotalPageFile size 32661M (AvailPageFile size 114M)
current process WorkingSet (physical memory assigned to process): 512M, peak: 560M
current process commit charge ("private bytes"): 609M, peak: 737M

vm_info: OpenJDK 64-Bit Server VM (17.0.13+11-LTS) for windows-amd64 JRE (17.0.13+11-LTS) (Zulu17.54+21-CA), built on Oct  1 2024 15:07:38 by "zulu_re" with MS VC++ 16.10 / 16.11 (VS2019)

END.
