#
# There is insufficient memory for the Java Runtime Environment to continue.
# Native memory allocation (mmap) failed to map 134217728 bytes. Error detail: G1 virtual space
# Possible reasons:
#   The system is out of physical RAM or swap space
#   This process is running with CompressedOops enabled, and the Java Heap may be blocking the growth of the native heap
# Possible solutions:
#   Reduce memory load on the system
#   Increase physical memory or swap space
#   Check if swap backing store is full
#   Decrease Java heap size (-Xmx/-Xms)
#   Decrease number of Java threads
#   Decrease Java thread stack sizes (-Xss)
#   Set larger code cache with -XX:ReservedCodeCacheSize=
#   JVM is running with Zero Based Compressed Oops mode in which the Java heap is
#     placed in the first 32GB address space. The Java Heap base address is the
#     maximum limit for the native heap growth. Please use -XX:HeapBaseMinAddress
#     to set the Java Heap base and to place the Java Heap above 32GB virtual address.
# This output file may be truncated or incomplete.
#
#  Out of Memory Error (os_windows.cpp:3614), pid=24640, tid=22432
#
# JRE version: OpenJDK Runtime Environment Zulu17.54+21-CA (17.0.13+11) (build 17.0.13+11-LTS)
# Java VM: OpenJDK 64-Bit Server VM Zulu17.54+21-CA (17.0.13+11-LTS, mixed mode, sharing, tiered, compressed oops, compressed class ptrs, g1 gc, windows-amd64)
# No core dump will be written. Minidumps are not enabled by default on client versions of Windows
#

---------------  S U M M A R Y ------------

Command Line: -Ddebugger.agent.enable.coroutines=true -Dkotlinx.coroutines.debug.enable.creation.stack.trace=false -Dkotlinx.coroutines.debug.enable.flows.stack.trace=true -Dkotlinx.coroutines.debug.enable.mutable.state.flows.stack.trace=true -agentlib:jdwp=transport=dt_socket,server=n,suspend=y,address=127.0.0.1:49656 -javaagent:C:\Users\USER\AppData\Local\JetBrains\IdeaIC2024.3\captureAgent\debugger-agent.jar -Dfile.encoding=UTF-8 -Duser.country=CO -Duser.language=es -Duser.variant com.davivienda.kata.KataApplication

Host: AMD Ryzen 7 5700G with Radeon Graphics         , 16 cores, 27G,  Windows 11 , 64 bit Build 26100 (10.0.26100.4202)
Time: Wed Jul  2 23:41:04 2025 Hora est. Pacífico, Sudamérica elapsed time: 6.703308 seconds (0d 0h 0m 6s)

---------------  T H R E A D  ---------------

Current thread (0x000001f57d7b12c0):  VMThread "VM Thread" [stack: 0x0000009384c00000,0x0000009384d00000] [id=22432]

Stack: [0x0000009384c00000,0x0000009384d00000]
Native frames: (J=compiled Java code, j=interpreted, Vv=VM code, C=native code)
V  [jvm.dll+0x685369]
V  [jvm.dll+0x83d20a]
V  [jvm.dll+0x83ecce]
V  [jvm.dll+0x83f333]
V  [jvm.dll+0x24c09f]
V  [jvm.dll+0x682099]
V  [jvm.dll+0x676b6a]
V  [jvm.dll+0x30bfdb]
V  [jvm.dll+0x3134d6]
V  [jvm.dll+0x36400e]
V  [jvm.dll+0x36424f]
V  [jvm.dll+0x2e2fec]
V  [jvm.dll+0x2e13af]
V  [jvm.dll+0x2e0adc]
V  [jvm.dll+0x32420b]
V  [jvm.dll+0x84382d]
V  [jvm.dll+0x844572]
V  [jvm.dll+0x844a9f]
V  [jvm.dll+0x844e84]
V  [jvm.dll+0x844f50]
V  [jvm.dll+0x7ec49c]
V  [jvm.dll+0x684237]
C  [ucrtbase.dll+0x37b0]
C  [KERNEL32.DLL+0x2e8d7]
C  [ntdll.dll+0x3c34c]

VM_Operation (0x0000009386bfcdd0): G1CollectForAllocation, mode: safepoint, requested by thread 0x000001f55cac80b0


---------------  P R O C E S S  ---------------

Threads class SMR info:
_java_thread_list=0x000001f560d01090, length=33, elements={
0x000001f5694b8850, 0x000001f57d7b6730, 0x000001f57d7b7210, 0x000001f57d7ce770,
0x000001f516682360, 0x000001f516684c50, 0x000001f516685530, 0x000001f516693660,
0x000001f516693f80, 0x000001f5166948a0, 0x000001f516769fe0, 0x000001f5167b8fb0,
0x000001f5167b98f0, 0x000001f5167bbe30, 0x000001f5168274a0, 0x000001f5168648a0,
0x000001f5168d17d0, 0x000001f5168d5a80, 0x000001f5168d5f80, 0x000001f55c006520,
0x000001f55ccb2830, 0x000001f55cac80b0, 0x000001f55e8bffc0, 0x000001f55f72c4b0,
0x000001f55fd95790, 0x000001f5802393f0, 0x000001f58023d0b0, 0x000001f580239e10,
0x000001f580960720, 0x000001f58095e8c0, 0x000001f58095d990, 0x000001f580836f20,
0x000001f580835490
}

Java Threads: ( => current thread )
  0x000001f5694b8850 JavaThread "main" [_thread_blocked, id=22728, stack(0x0000009384600000,0x0000009384700000)]
  0x000001f57d7b6730 JavaThread "Reference Handler" daemon [_thread_blocked, id=22384, stack(0x0000009384d00000,0x0000009384e00000)]
  0x000001f57d7b7210 JavaThread "Finalizer" daemon [_thread_blocked, id=23520, stack(0x0000009384e00000,0x0000009384f00000)]
  0x000001f57d7ce770 JavaThread "Signal Dispatcher" daemon [_thread_blocked, id=22624, stack(0x0000009384f00000,0x0000009385000000)]
  0x000001f516682360 JavaThread "Attach Listener" daemon [_thread_blocked, id=25092, stack(0x0000009385000000,0x0000009385100000)]
  0x000001f516684c50 JavaThread "Service Thread" daemon [_thread_blocked, id=10148, stack(0x0000009385100000,0x0000009385200000)]
  0x000001f516685530 JavaThread "Monitor Deflation Thread" daemon [_thread_blocked, id=33136, stack(0x0000009385200000,0x0000009385300000)]
  0x000001f516693660 JavaThread "C2 CompilerThread0" daemon [_thread_blocked, id=33628, stack(0x0000009385300000,0x0000009385400000)]
  0x000001f516693f80 JavaThread "C1 CompilerThread0" daemon [_thread_blocked, id=7640, stack(0x0000009385400000,0x0000009385500000)]
  0x000001f5166948a0 JavaThread "Sweeper thread" daemon [_thread_blocked, id=14840, stack(0x0000009385500000,0x0000009385600000)]
  0x000001f516769fe0 JavaThread "Common-Cleaner" daemon [_thread_blocked, id=31932, stack(0x0000009385600000,0x0000009385700000)]
  0x000001f5167b8fb0 JavaThread "C1 CompilerThread1" daemon [_thread_blocked, id=31808, stack(0x0000009385700000,0x0000009385800000)]
  0x000001f5167b98f0 JavaThread "C1 CompilerThread2" daemon [_thread_blocked, id=3088, stack(0x0000009385800000,0x0000009385900000)]
  0x000001f5167bbe30 JavaThread "C1 CompilerThread3" daemon [_thread_blocked, id=31892, stack(0x0000009385900000,0x0000009385a00000)]
  0x000001f5168274a0 JavaThread "C2 CompilerThread1" daemon [_thread_blocked, id=17128, stack(0x0000009385a00000,0x0000009385b00000)]
  0x000001f5168648a0 JavaThread "C2 CompilerThread2" daemon [_thread_blocked, id=19604, stack(0x0000009385b00000,0x0000009385c00000)]
  0x000001f5168d17d0 JavaThread "JDWP Transport Listener: dt_socket" daemon [_thread_blocked, id=20528, stack(0x0000009385c00000,0x0000009385d00000)]
  0x000001f5168d5a80 JavaThread "JDWP Event Helper Thread" daemon [_thread_blocked, id=2844, stack(0x0000009385d00000,0x0000009385e00000)]
  0x000001f5168d5f80 JavaThread "JDWP Command Reader" daemon [_thread_in_native, id=29536, stack(0x0000009385e00000,0x0000009385f00000)]
  0x000001f55c006520 JavaThread "Notification Thread" daemon [_thread_blocked, id=24988, stack(0x0000009385f00000,0x0000009386000000)]
  0x000001f55ccb2830 JavaThread "Thread-0" [_thread_blocked, id=29044, stack(0x0000009386a00000,0x0000009386b00000)]
  0x000001f55cac80b0 JavaThread "restartedMain" [_thread_blocked, id=33544, stack(0x0000009386b00000,0x0000009386c00000)]
  0x000001f55e8bffc0 JavaThread "C2 CompilerThread3" daemon [_thread_blocked, id=33604, stack(0x0000009386f00000,0x0000009387000000)]
  0x000001f55f72c4b0 JavaThread "C2 CompilerThread4" daemon [_thread_blocked, id=13764, stack(0x0000009387300000,0x0000009387400000)]
  0x000001f55fd95790 JavaThread "C2 CompilerThread5" daemon [_thread_blocked, id=33296, stack(0x0000009386e00000,0x0000009386f00000)]
  0x000001f5802393f0 JavaThread "PostgreSQL-JDBC-Cleaner" daemon [_thread_blocked, id=22220, stack(0x0000009387600000,0x0000009387700000)]
  0x000001f58023d0b0 JavaThread "HikariPool-1:housekeeper" daemon [_thread_blocked, id=28292, stack(0x0000009387700000,0x0000009387800000)]
  0x000001f580239e10 JavaThread "HikariPool-1:connection-adder" daemon [_thread_blocked, id=29732, stack(0x0000009387800000,0x0000009387900000)]
  0x000001f580960720 JavaThread "Catalina-utility-1" [_thread_blocked, id=6304, stack(0x0000009387400000,0x0000009387500000)]
  0x000001f58095e8c0 JavaThread "Catalina-utility-2" [_thread_blocked, id=28012, stack(0x0000009387900000,0x0000009387a00000)]
  0x000001f58095d990 JavaThread "container-0" [_thread_blocked, id=24712, stack(0x0000009387a00000,0x0000009387b00000)]
  0x000001f580836f20 JavaThread "C2 CompilerThread6" daemon [_thread_blocked, id=21656, stack(0x0000009387b00000,0x0000009387c00000)]
  0x000001f580835490 JavaThread "C2 CompilerThread7" daemon [_thread_blocked, id=32788, stack(0x0000009387c00000,0x0000009387d00000)]

Other Threads:
=>0x000001f57d7b12c0 VMThread "VM Thread" [stack: 0x0000009384c00000,0x0000009384d00000] [id=22432]
  0x000001f516994fa0 WatcherThread [stack: 0x0000009386000000,0x0000009386100000] [id=23540]
  0x000001f57d608c10 GCTaskThread "GC Thread#0" [stack: 0x0000009384700000,0x0000009384800000] [id=17592]
  0x000001f55c9c2fe0 GCTaskThread "GC Thread#1" [stack: 0x0000009386100000,0x0000009386200000] [id=8452]
  0x000001f55ca7ffa0 GCTaskThread "GC Thread#2" [stack: 0x0000009386200000,0x0000009386300000] [id=4144]
  0x000001f55ca7f190 GCTaskThread "GC Thread#3" [stack: 0x0000009386300000,0x0000009386400000] [id=15668]
  0x000001f55ca80270 GCTaskThread "GC Thread#4" [stack: 0x0000009386400000,0x0000009386500000] [id=32500]
  0x000001f55ca80540 GCTaskThread "GC Thread#5" [stack: 0x0000009386500000,0x0000009386600000] [id=30540]
  0x000001f55ca7e920 GCTaskThread "GC Thread#6" [stack: 0x0000009386600000,0x0000009386700000] [id=17932]
  0x000001f55ca7f460 GCTaskThread "GC Thread#7" [stack: 0x0000009386700000,0x0000009386800000] [id=33640]
  0x000001f55ca7eec0 GCTaskThread "GC Thread#8" [stack: 0x0000009386800000,0x0000009386900000] [id=14892]
  0x000001f55ca7f730 GCTaskThread "GC Thread#9" [stack: 0x0000009386900000,0x0000009386a00000] [id=20428]
  0x000001f55cd6f4d0 GCTaskThread "GC Thread#10" [stack: 0x0000009386c00000,0x0000009386d00000] [id=17412]
  0x000001f55cd6f200 GCTaskThread "GC Thread#11" [stack: 0x0000009386d00000,0x0000009386e00000] [id=28728]
  0x000001f55cd6d310 GCTaskThread "GC Thread#12" [stack: 0x0000009387000000,0x0000009387100000] [id=22104]
  0x000001f56b083c50 ConcurrentGCThread "G1 Main Marker" [stack: 0x0000009384800000,0x0000009384900000] [id=29788]
  0x000001f56b084d20 ConcurrentGCThread "G1 Conc#0" [stack: 0x0000009384900000,0x0000009384a00000] [id=9868]
  0x000001f55cd6e3f0 ConcurrentGCThread "G1 Conc#1" [stack: 0x0000009387100000,0x0000009387200000] [id=20212]
  0x000001f55cd6e990 ConcurrentGCThread "G1 Conc#2" [stack: 0x0000009387200000,0x0000009387300000] [id=25256]
  0x000001f57d6e7cc0 ConcurrentGCThread "G1 Refine#0" [stack: 0x0000009384a00000,0x0000009384b00000] [id=23428]
  0x000001f56253af10 ConcurrentGCThread "G1 Refine#1" [stack: 0x0000009389500000,0x0000009389600000] [id=23596]
  0x000001f57d6e94d0 ConcurrentGCThread "G1 Service" [stack: 0x0000009384b00000,0x0000009384c00000] [id=32216]

Threads with active compile tasks:
C2 CompilerThread0     6748 6590       4       org.springframework.core.BridgeMethodResolver::resolveBridgeMethod (180 bytes)
C2 CompilerThread1     6748 5952       4       org.springframework.boot.context.properties.source.ConfigurationPropertyName$Elements::get (49 bytes)
C2 CompilerThread2     6748 6648       4       java.lang.Class::getMethodsRecursive (99 bytes)
C2 CompilerThread3     6748 6639   !   4       org.springframework.util.ReflectionUtils::getDeclaredMethods (186 bytes)
C2 CompilerThread4     6748 6547   !   4       org.springframework.util.ReflectionUtils::doWithMethods (189 bytes)
C2 CompilerThread5     6748 6649       4       org.springframework.util.ReflectionUtils$$Lambda$575/0x000001f5183b6970::doWith (11 bytes)
C2 CompilerThread6     6748 6621       4       org.springframework.beans.factory.support.AbstractBeanFactory::isTypeMatch (745 bytes)
C2 CompilerThread7     6748 6620 % !   4       org.springframework.beans.factory.support.DefaultListableBeanFactory::doGetBeanNamesForType @ 20 (527 bytes)

VM state: at safepoint (normal execution)

VM Mutex/Monitor currently owned by a thread:  ([mutex/lock_event])
[0x000001f56b00c3e0] Threads_lock - owner thread: 0x000001f57d7b12c0
[0x000001f56b00c470] Heap_lock - owner thread: 0x000001f55cac80b0

Heap address: 0x0000000641800000, size: 7144 MB, Compressed Oops mode: Zero based, Oop shift amount: 3

CDS archive(s) mapped at: [0x000001f517000000-0x000001f517bd0000-0x000001f517bd0000), size 12386304, SharedBaseAddress: 0x000001f517000000, ArchiveRelocationMode: 1.
Compressed class space mapped at: 0x000001f518000000-0x000001f558000000, reserved size: 1073741824
Narrow klass base: 0x000001f517000000, Narrow klass shift: 0, Narrow klass range: 0x100000000

GC Precious Log:
 CPUs: 16 total, 16 available
 Memory: 28565M
 Large Page Support: Disabled
 NUMA Support: Disabled
 Compressed Oops: Enabled (Zero based)
 Heap Region Size: 4M
 Heap Min Capacity: 8M
 Heap Initial Capacity: 448M
 Heap Max Capacity: 7144M
 Pre-touch: Disabled
 Parallel Workers: 13
 Concurrent Workers: 3
 Concurrent Refinement Workers: 13
 Periodic GC: Disabled

Heap:
 garbage-first heap   total 155648K, used 47911K [0x0000000641800000, 0x0000000800000000)
  region size 4096K, 1 young (4096K), 1 survivors (4096K)
 Metaspace       used 73171K, committed 73792K, reserved 1114112K
  class space    used 9746K, committed 10048K, reserved 1048576K

Heap Regions: E=young(eden), S=young(survivor), O=old, HS=humongous(starts), HC=humongous(continues), CS=collection set, F=free, OA=open archive, CA=closed archive, TAMS=top-at-mark-start (previous, next)
|   0|0x0000000641800000, 0x0000000641c00000, 0x0000000641c00000|100%| O|  |TAMS 0x0000000641c00000, 0x0000000641800000| Untracked 
|   1|0x0000000641c00000, 0x0000000642000000, 0x0000000642000000|100%| O|  |TAMS 0x0000000641c00000, 0x0000000641c00000| Untracked 
|   2|0x0000000642000000, 0x0000000642400000, 0x0000000642400000|100%| O|  |TAMS 0x0000000642400000, 0x0000000642000000| Untracked 
|   3|0x0000000642400000, 0x0000000642800000, 0x0000000642800000|100%| O|  |TAMS 0x0000000642400000, 0x0000000642400000| Untracked 
|   4|0x0000000642800000, 0x0000000642c00000, 0x0000000642c00000|100%| O|  |TAMS 0x0000000642800000, 0x0000000642800000| Untracked 
|   5|0x0000000642c00000, 0x0000000643000000, 0x0000000643000000|100%| O|  |TAMS 0x0000000643000000, 0x0000000642c00000| Untracked 
|   6|0x0000000643000000, 0x0000000643400000, 0x0000000643400000|100%| O|  |TAMS 0x0000000643400000, 0x0000000643000000| Untracked 
|   7|0x0000000643400000, 0x0000000643800000, 0x0000000643800000|100%| O|  |TAMS 0x0000000643400000, 0x0000000643400000| Untracked 
|   8|0x0000000643800000, 0x0000000643c00000, 0x0000000643c00000|100%| O|  |TAMS 0x0000000643800000, 0x0000000643800000| Untracked 
|   9|0x0000000643c00000, 0x0000000644000000, 0x0000000644000000|100%| O|  |TAMS 0x0000000643c00000, 0x0000000643c00000| Untracked 
|  10|0x0000000644000000, 0x00000006443b6c00, 0x0000000644400000| 92%| O|  |TAMS 0x0000000644000000, 0x0000000644000000| Untracked 
|  11|0x0000000644400000, 0x0000000644400000, 0x0000000644800000|  0%| F|  |TAMS 0x0000000644400000, 0x0000000644400000| Untracked 
|  12|0x0000000644800000, 0x0000000644800000, 0x0000000644c00000|  0%| F|  |TAMS 0x0000000644800000, 0x0000000644800000| Untracked 
|  13|0x0000000644c00000, 0x0000000644c00000, 0x0000000645000000|  0%| F|  |TAMS 0x0000000644c00000, 0x0000000644c00000| Untracked 
|  14|0x0000000645000000, 0x0000000645000000, 0x0000000645400000|  0%| F|  |TAMS 0x0000000645000000, 0x0000000645000000| Untracked 
|  15|0x0000000645400000, 0x0000000645400000, 0x0000000645800000|  0%| F|  |TAMS 0x0000000645400000, 0x0000000645400000| Untracked 
|  16|0x0000000645800000, 0x0000000645800000, 0x0000000645c00000|  0%| F|  |TAMS 0x0000000645800000, 0x0000000645800000| Untracked 
|  17|0x0000000645c00000, 0x0000000645c00000, 0x0000000646000000|  0%| F|  |TAMS 0x0000000645c00000, 0x0000000645c00000| Untracked 
|  18|0x0000000646000000, 0x0000000646000000, 0x0000000646400000|  0%| F|  |TAMS 0x0000000646000000, 0x0000000646000000| Untracked 
|  19|0x0000000646400000, 0x0000000646713228, 0x0000000646800000| 76%| S|CS|TAMS 0x0000000646400000, 0x0000000646400000| Complete 
|  20|0x0000000646800000, 0x0000000646800000, 0x0000000646c00000|  0%| F|  |TAMS 0x0000000646800000, 0x0000000646800000| Untracked 
|  21|0x0000000646c00000, 0x0000000646c00000, 0x0000000647000000|  0%| F|  |TAMS 0x0000000646c00000, 0x0000000646c00000| Untracked 
|  22|0x0000000647000000, 0x0000000647000000, 0x0000000647400000|  0%| F|  |TAMS 0x0000000647000000, 0x0000000647000000| Untracked 
|  23|0x0000000647400000, 0x0000000647400000, 0x0000000647800000|  0%| F|  |TAMS 0x0000000647400000, 0x0000000647400000| Untracked 
|  24|0x0000000647800000, 0x0000000647800000, 0x0000000647c00000|  0%| F|  |TAMS 0x0000000647800000, 0x0000000647800000| Untracked 
|  25|0x0000000647c00000, 0x0000000647c00000, 0x0000000648000000|  0%| F|  |TAMS 0x0000000647c00000, 0x0000000647c00000| Untracked 
|  26|0x0000000648000000, 0x0000000648000000, 0x0000000648400000|  0%| F|  |TAMS 0x0000000648000000, 0x0000000648000000| Untracked 
|  27|0x0000000648400000, 0x0000000648400000, 0x0000000648800000|  0%| F|  |TAMS 0x0000000648400000, 0x0000000648400000| Untracked 
|  28|0x0000000648800000, 0x0000000648800000, 0x0000000648c00000|  0%| F|  |TAMS 0x0000000648800000, 0x0000000648800000| Untracked 
|  29|0x0000000648c00000, 0x0000000648c00000, 0x0000000649000000|  0%| F|  |TAMS 0x0000000648c00000, 0x0000000648c00000| Untracked 
|  30|0x0000000649000000, 0x0000000649000000, 0x0000000649400000|  0%| F|  |TAMS 0x0000000649000000, 0x0000000649000000| Untracked 
|  31|0x0000000649400000, 0x0000000649400000, 0x0000000649800000|  0%| F|  |TAMS 0x0000000649400000, 0x0000000649400000| Untracked 
|  32|0x0000000649800000, 0x0000000649800000, 0x0000000649c00000|  0%| F|  |TAMS 0x0000000649800000, 0x0000000649800000| Untracked 
|  33|0x0000000649c00000, 0x0000000649c00000, 0x000000064a000000|  0%| F|  |TAMS 0x0000000649c00000, 0x0000000649c00000| Untracked 
|  34|0x000000064a000000, 0x000000064a000000, 0x000000064a400000|  0%| F|  |TAMS 0x000000064a000000, 0x000000064a000000| Untracked 
|  35|0x000000064a400000, 0x000000064a400000, 0x000000064a800000|  0%| F|  |TAMS 0x000000064a400000, 0x000000064a400000| Untracked 
|  36|0x000000064a800000, 0x000000064a800000, 0x000000064ac00000|  0%| F|  |TAMS 0x000000064a800000, 0x000000064a800000| Untracked 
| 111|0x000000065d400000, 0x000000065d400000, 0x000000065d800000|  0%| F|  |TAMS 0x000000065d400000, 0x000000065d400000| Untracked 

Card table byte_map: [0x000001f574a30000,0x000001f575830000] _byte_map_base: 0x000001f571824000

Marking Bits (Prev, Next): (CMBitMap*) 0x000001f56b074750, (CMBitMap*) 0x000001f56b074710
 Prev Bits: [0x000001f50f000000, 0x000001f515fa0000)
 Next Bits: [0x000001f576630000, 0x000001f57d5d0000)

Polling page: 0x000001f569720000

Metaspace:

Usage:
  Non-class:     61.94 MB used.
      Class:      9.52 MB used.
       Both:     71.46 MB used.

Virtual space:
  Non-class space:       64.00 MB reserved,      62.25 MB ( 97%) committed,  1 nodes.
      Class space:        1.00 GB reserved,       9.81 MB ( <1%) committed,  1 nodes.
             Both:        1.06 GB reserved,      72.06 MB (  7%) committed. 

Chunk freelists:
   Non-Class:  1.78 MB
       Class:  6.03 MB
        Both:  7.81 MB

MaxMetaspaceSize: unlimited
CompressedClassSpaceSize: 1.00 GB
Initial GC threshold: 21.00 MB
Current GC threshold: 98.88 MB
CDS: on
MetaspaceReclaimPolicy: balanced
 - commit_granule_bytes: 65536.
 - commit_granule_words: 8192.
 - virtual_space_node_default_size: 8388608.
 - enlarge_chunks_in_place: 1.
 - new_chunks_are_fully_committed: 0.
 - uncommit_free_chunks: 1.
 - use_allocation_guard: 0.
 - handle_deallocations: 1.


Internal statistics:

num_allocs_failed_limit: 9.
num_arena_births: 760.
num_arena_deaths: 0.
num_vsnodes_births: 2.
num_vsnodes_deaths: 0.
num_space_committed: 1153.
num_space_uncommitted: 0.
num_chunks_returned_to_freelist: 9.
num_chunks_taken_from_freelist: 3240.
num_chunk_merges: 9.
num_chunk_splits: 2380.
num_chunks_enlarged: 1900.
num_inconsistent_stats: 0.

CodeHeap 'non-profiled nmethods': size=119168Kb used=5278Kb max_used=5278Kb free=113889Kb
 bounds [0x000001f507ba0000, 0x000001f5080d0000, 0x000001f50f000000]
CodeHeap 'profiled nmethods': size=119104Kb used=12853Kb max_used=12853Kb free=106250Kb
 bounds [0x000001f500000000, 0x000001f500c90000, 0x000001f507450000]
CodeHeap 'non-nmethods': size=7488Kb used=3083Kb max_used=3238Kb free=4404Kb
 bounds [0x000001f507450000, 0x000001f507790000, 0x000001f507ba0000]
 total_blobs=6555 nmethods=5899 adapters=565
 compilation: enabled
              stopped_count=0, restarted_count=0
 full_count=0

Compilation events (20 events):
Event: 5.618 Thread 0x000001f5167b98f0 6646       3       java.lang.Class::methodToString (78 bytes)
Event: 5.618 Thread 0x000001f5167bbe30 6647   !   3       jdk.proxy2.$Proxy44::annotationType (29 bytes)
Event: 5.618 Thread 0x000001f5168648a0 nmethod 5957 0x000001f5080c3110 code [0x000001f5080c3340, 0x000001f5080c4290]
Event: 5.619 Thread 0x000001f5167bbe30 nmethod 6647 0x000001f500c89510 code [0x000001f500c896e0, 0x000001f500c89b38]
Event: 5.620 Thread 0x000001f5167b98f0 nmethod 6646 0x000001f500c89d10 code [0x000001f500c8a000, 0x000001f500c8aec8]
Event: 5.620 Thread 0x000001f5168648a0 5961       4       org.springframework.boot.context.properties.source.PropertyMapper$$Lambda$113/0x000001f51811f2e8::test (12 bytes)
Event: 5.625 Thread 0x000001f5168648a0 nmethod 5961 0x000001f5080c4e90 code [0x000001f5080c5020, 0x000001f5080c5208]
Event: 5.625 Thread 0x000001f5168648a0 6648       4       java.lang.Class::getMethodsRecursive (99 bytes)
Event: 5.629 Thread 0x000001f5168274a0 nmethod 5958 0x000001f5080c5490 code [0x000001f5080c56a0, 0x000001f5080c6160]
Event: 5.631 Thread 0x000001f5168274a0 5952       4       org.springframework.boot.context.properties.source.ConfigurationPropertyName$Elements::get (49 bytes)
Event: 5.636 Thread 0x000001f55fd95790 nmethod 5959 0x000001f5080c6990 code [0x000001f5080c6b60, 0x000001f5080c7390]
Event: 5.636 Thread 0x000001f5167b98f0 6650   !   3       jdk.proxy2.$Proxy142::annotationType (29 bytes)
Event: 5.637 Thread 0x000001f5167b98f0 nmethod 6650 0x000001f500c8b410 code [0x000001f500c8b5e0, 0x000001f500c8ba38]
Event: 5.637 Thread 0x000001f55fd95790 6649       4       org.springframework.util.ReflectionUtils$$Lambda$575/0x000001f5183b6970::doWith (11 bytes)
Event: 5.639 Thread 0x000001f5167b98f0 6651       3       org.springframework.beans.factory.support.AbstractAutowireCapableBeanFactory::determineTargetType (83 bytes)
Event: 5.639 Thread 0x000001f5167bbe30 6652       3       org.springframework.beans.PropertyEditorRegistrySupport::useConfigValueEditors (6 bytes)
Event: 5.639 Thread 0x000001f5167b8fb0 6653       3       org.springframework.beans.factory.support.AbstractBeanFactory$BeanFactoryDefaultEditorRegistrar::<init> (10 bytes)
Event: 5.640 Thread 0x000001f5167bbe30 nmethod 6652 0x000001f500c8bc10 code [0x000001f500c8bda0, 0x000001f500c8beb8]
Event: 5.640 Thread 0x000001f5167b8fb0 nmethod 6653 0x000001f500c8bf90 code [0x000001f500c8c120, 0x000001f500c8c2f8]
Event: 5.641 Thread 0x000001f5167b98f0 nmethod 6651 0x000001f500c8c390 code [0x000001f500c8c5a0, 0x000001f500c8d1e8]

GC Heap History (20 events):
Event: 1.684 GC heap after
{Heap after GC invocations=8 (full 0):
 garbage-first heap   total 57344K, used 16645K [0x0000000641800000, 0x0000000800000000)
  region size 4096K, 1 young (4096K), 1 survivors (4096K)
 Metaspace       used 30285K, committed 30656K, reserved 1114112K
  class space    used 3720K, committed 3904K, reserved 1048576K
}
Event: 1.939 GC heap before
{Heap before GC invocations=8 (full 0):
 garbage-first heap   total 57344K, used 33029K [0x0000000641800000, 0x0000000800000000)
  region size 4096K, 5 young (20480K), 1 survivors (4096K)
 Metaspace       used 32213K, committed 32512K, reserved 1114112K
  class space    used 3997K, committed 4160K, reserved 1048576K
}
Event: 1.941 GC heap after
{Heap after GC invocations=9 (full 0):
 garbage-first heap   total 57344K, used 17810K [0x0000000641800000, 0x0000000800000000)
  region size 4096K, 1 young (4096K), 1 survivors (4096K)
 Metaspace       used 32213K, committed 32512K, reserved 1114112K
  class space    used 3997K, committed 4160K, reserved 1048576K
}
Event: 2.261 GC heap before
{Heap before GC invocations=9 (full 0):
 garbage-first heap   total 57344K, used 38290K [0x0000000641800000, 0x0000000800000000)
  region size 4096K, 6 young (24576K), 1 survivors (4096K)
 Metaspace       used 35645K, committed 36096K, reserved 1114112K
  class space    used 4489K, committed 4736K, reserved 1048576K
}
Event: 2.264 GC heap after
{Heap after GC invocations=10 (full 0):
 garbage-first heap   total 57344K, used 19345K [0x0000000641800000, 0x0000000800000000)
  region size 4096K, 1 young (4096K), 1 survivors (4096K)
 Metaspace       used 35645K, committed 36096K, reserved 1114112K
  class space    used 4489K, committed 4736K, reserved 1048576K
}
Event: 2.289 GC heap before
{Heap before GC invocations=10 (full 0):
 garbage-first heap   total 57344K, used 19345K [0x0000000641800000, 0x0000000800000000)
  region size 4096K, 2 young (8192K), 1 survivors (4096K)
 Metaspace       used 35780K, committed 36160K, reserved 1114112K
  class space    used 4518K, committed 4736K, reserved 1048576K
}
Event: 2.291 GC heap after
{Heap after GC invocations=11 (full 0):
 garbage-first heap   total 57344K, used 19497K [0x0000000641800000, 0x0000000800000000)
  region size 4096K, 1 young (4096K), 1 survivors (4096K)
 Metaspace       used 35780K, committed 36160K, reserved 1114112K
  class space    used 4518K, committed 4736K, reserved 1048576K
}
Event: 2.536 GC heap before
{Heap before GC invocations=12 (full 0):
 garbage-first heap   total 57344K, used 35881K [0x0000000641800000, 0x0000000800000000)
  region size 4096K, 5 young (20480K), 1 survivors (4096K)
 Metaspace       used 38337K, committed 38720K, reserved 1114112K
  class space    used 4787K, committed 4992K, reserved 1048576K
}
Event: 2.538 GC heap after
{Heap after GC invocations=13 (full 0):
 garbage-first heap   total 258048K, used 20502K [0x0000000641800000, 0x0000000800000000)
  region size 4096K, 1 young (4096K), 1 survivors (4096K)
 Metaspace       used 38337K, committed 38720K, reserved 1114112K
  class space    used 4787K, committed 4992K, reserved 1048576K
}
Event: 3.912 GC heap before
{Heap before GC invocations=13 (full 0):
 garbage-first heap   total 258048K, used 122902K [0x0000000641800000, 0x0000000800000000)
  region size 4096K, 27 young (110592K), 1 survivors (4096K)
 Metaspace       used 60112K, committed 60608K, reserved 1114112K
  class space    used 7916K, committed 8192K, reserved 1048576K
}
Event: 3.917 GC heap after
{Heap after GC invocations=14 (full 0):
 garbage-first heap   total 258048K, used 25395K [0x0000000641800000, 0x0000000800000000)
  region size 4096K, 2 young (8192K), 2 survivors (8192K)
 Metaspace       used 60112K, committed 60608K, reserved 1114112K
  class space    used 7916K, committed 8192K, reserved 1048576K
}
Event: 4.734 GC heap before
{Heap before GC invocations=15 (full 0):
 garbage-first heap   total 110592K, used 82739K [0x0000000641800000, 0x0000000800000000)
  region size 4096K, 16 young (65536K), 2 survivors (8192K)
 Metaspace       used 69411K, committed 69888K, reserved 1114112K
  class space    used 9293K, committed 9536K, reserved 1048576K
}
Event: 4.739 GC heap after
{Heap after GC invocations=16 (full 0):
 garbage-first heap   total 110592K, used 29354K [0x0000000641800000, 0x0000000800000000)
  region size 4096K, 2 young (8192K), 2 survivors (8192K)
 Metaspace       used 69411K, committed 69888K, reserved 1114112K
  class space    used 9293K, committed 9536K, reserved 1048576K
}
Event: 4.865 GC heap before
{Heap before GC invocations=16 (full 0):
 garbage-first heap   total 110592K, used 33450K [0x0000000641800000, 0x0000000800000000)
  region size 4096K, 3 young (12288K), 2 survivors (8192K)
 Metaspace       used 70095K, committed 70720K, reserved 1114112K
  class space    used 9368K, committed 9664K, reserved 1048576K
}
Event: 4.867 GC heap after
{Heap after GC invocations=17 (full 0):
 garbage-first heap   total 110592K, used 29789K [0x0000000641800000, 0x0000000800000000)
  region size 4096K, 1 young (4096K), 1 survivors (4096K)
 Metaspace       used 70095K, committed 70720K, reserved 1114112K
  class space    used 9368K, committed 9664K, reserved 1048576K
}
Event: 5.095 GC heap before
{Heap before GC invocations=17 (full 0):
 garbage-first heap   total 110592K, used 74845K [0x0000000641800000, 0x0000000800000000)
  region size 4096K, 13 young (53248K), 1 survivors (4096K)
 Metaspace       used 70735K, committed 71296K, reserved 1114112K
  class space    used 9427K, committed 9664K, reserved 1048576K
}
Event: 5.099 GC heap after
{Heap after GC invocations=18 (full 0):
 garbage-first heap   total 110592K, used 40569K [0x0000000641800000, 0x0000000800000000)
  region size 4096K, 2 young (8192K), 2 survivors (8192K)
 Metaspace       used 70735K, committed 71296K, reserved 1114112K
  class space    used 9427K, committed 9664K, reserved 1048576K
}
Event: 5.235 GC heap before
{Heap before GC invocations=18 (full 0):
 garbage-first heap   total 110592K, used 77433K [0x0000000641800000, 0x0000000800000000)
  region size 4096K, 12 young (49152K), 2 survivors (8192K)
 Metaspace       used 70989K, committed 71488K, reserved 1114112K
  class space    used 9441K, committed 9664K, reserved 1048576K
}
Event: 5.239 GC heap after
{Heap after GC invocations=19 (full 0):
 garbage-first heap   total 110592K, used 49933K [0x0000000641800000, 0x0000000800000000)
  region size 4096K, 2 young (8192K), 2 survivors (8192K)
 Metaspace       used 70989K, committed 71488K, reserved 1114112K
  class space    used 9441K, committed 9664K, reserved 1048576K
}
Event: 5.641 GC heap before
{Heap before GC invocations=19 (full 0):
 garbage-first heap   total 110592K, used 78605K [0x0000000641800000, 0x0000000800000000)
  region size 4096K, 9 young (36864K), 2 survivors (8192K)
 Metaspace       used 73171K, committed 73792K, reserved 1114112K
  class space    used 9746K, committed 10048K, reserved 1048576K
}

Dll operation events (13 events):
Event: 0.022 Loaded shared library D:\Java SDK\jdk17\bin\java.dll
Event: 0.023 Loaded shared library D:\Java SDK\jdk17\bin\zip.dll
Event: 0.033 Loaded shared library D:\Java SDK\jdk17\bin\jsvml.dll
Event: 0.102 Loaded shared library D:\Java SDK\jdk17\bin\instrument.dll
Event: 0.130 Loaded shared library D:\Java SDK\jdk17\bin\net.dll
Event: 0.130 Loaded shared library D:\Java SDK\jdk17\bin\nio.dll
Event: 0.134 Loaded shared library D:\Java SDK\jdk17\bin\zip.dll
Event: 0.211 Loaded shared library D:\Java SDK\jdk17\bin\jimage.dll
Event: 0.393 Loaded shared library D:\Java SDK\jdk17\bin\management.dll
Event: 0.397 Loaded shared library D:\Java SDK\jdk17\bin\management_ext.dll
Event: 1.399 Loaded shared library D:\Java SDK\jdk17\bin\sunmscapi.dll
Event: 2.743 Loaded shared library D:\Java SDK\jdk17\bin\extnet.dll
Event: 3.229 Loaded shared library D:\Java SDK\jdk17\bin\verify.dll

Deoptimization events (20 events):
Event: 5.625 Thread 0x000001f55cac80b0 DEOPT PACKING pc=0x000001f507d558d4 sp=0x0000009386bfcff0
Event: 5.625 Thread 0x000001f55cac80b0 DEOPT UNPACKING pc=0x000001f5074a7143 sp=0x0000009386bfc468 mode 1
Event: 5.625 Thread 0x000001f55cac80b0 DEOPT PACKING pc=0x000001f50060176c sp=0x0000009386bfd030
Event: 5.625 Thread 0x000001f55cac80b0 DEOPT UNPACKING pc=0x000001f5074a7143 sp=0x0000009386bfc5b0 mode 1
Event: 5.634 Thread 0x000001f55cac80b0 DEOPT PACKING pc=0x000001f50069ca54 sp=0x0000009386bfd960
Event: 5.634 Thread 0x000001f55cac80b0 DEOPT UNPACKING pc=0x000001f5074a7143 sp=0x0000009386bfced8 mode 1
Event: 5.634 Thread 0x000001f55cac80b0 DEOPT PACKING pc=0x000001f50069ca54 sp=0x0000009386bfd960
Event: 5.634 Thread 0x000001f55cac80b0 DEOPT UNPACKING pc=0x000001f5074a7143 sp=0x0000009386bfced8 mode 1
Event: 5.636 Thread 0x000001f55cac80b0 DEOPT PACKING pc=0x000001f50069ca54 sp=0x0000009386bfd960
Event: 5.636 Thread 0x000001f55cac80b0 DEOPT UNPACKING pc=0x000001f5074a7143 sp=0x0000009386bfced8 mode 1
Event: 5.636 Thread 0x000001f55cac80b0 DEOPT PACKING pc=0x000001f50069ca54 sp=0x0000009386bfd960
Event: 5.636 Thread 0x000001f55cac80b0 DEOPT UNPACKING pc=0x000001f5074a7143 sp=0x0000009386bfced8 mode 1
Event: 5.639 Thread 0x000001f55cac80b0 DEOPT PACKING pc=0x000001f50069ca54 sp=0x0000009386bfd960
Event: 5.639 Thread 0x000001f55cac80b0 DEOPT UNPACKING pc=0x000001f5074a7143 sp=0x0000009386bfced8 mode 1
Event: 5.639 Thread 0x000001f55cac80b0 DEOPT PACKING pc=0x000001f50069ca54 sp=0x0000009386bfd960
Event: 5.639 Thread 0x000001f55cac80b0 DEOPT UNPACKING pc=0x000001f5074a7143 sp=0x0000009386bfced8 mode 1
Event: 5.640 Thread 0x000001f55cac80b0 DEOPT PACKING pc=0x000001f50069ca54 sp=0x0000009386bfd960
Event: 5.640 Thread 0x000001f55cac80b0 DEOPT UNPACKING pc=0x000001f5074a7143 sp=0x0000009386bfced8 mode 1
Event: 5.640 Thread 0x000001f55cac80b0 DEOPT PACKING pc=0x000001f50069ca54 sp=0x0000009386bfd960
Event: 5.640 Thread 0x000001f55cac80b0 DEOPT UNPACKING pc=0x000001f5074a7143 sp=0x0000009386bfced8 mode 1

Classes loaded (20 events):
Event: 5.630 Loading class org/springframework/core/MethodParameter
Event: 5.630 Loading class org/springframework/core/MethodParameter done
Event: 5.630 Loading class org/springframework/web/method/annotation/HandlerMethodValidator
Event: 5.630 Loading class org/springframework/web/method/annotation/HandlerMethodValidator done
Event: 5.631 Loading class org/springframework/web/method/annotation/HandlerMethodValidator$WebObjectNameResolver
Event: 5.631 Loading class org/springframework/web/method/annotation/HandlerMethodValidator$WebObjectNameResolver done
Event: 5.632 Loading class jakarta/validation/Validator
Event: 5.632 Loading class jakarta/validation/Validator done
Event: 5.632 Loading class jakarta/validation/Validator
Event: 5.632 Loading class jakarta/validation/Validator done
Event: 5.632 Loading class jakarta/validation/Validator
Event: 5.632 Loading class jakarta/validation/Validator done
Event: 5.634 Loading class org/springframework/web/servlet/function/ServerResponse$Context
Event: 5.634 Loading class org/springframework/web/servlet/function/ServerResponse$Context done
Event: 5.635 Loading class org/springframework/web/servlet/function/ServerResponse
Event: 5.635 Loading class org/springframework/web/servlet/function/ServerResponse done
Event: 5.637 Loading class org/springframework/web/util/UriComponentsBuilder
Event: 5.637 Loading class org/springframework/web/util/UriComponentsBuilder done
Event: 5.638 Loading class org/springframework/web/util/UriBuilder
Event: 5.638 Loading class org/springframework/web/util/UriBuilder done

Classes unloaded (0 events):
No events

Classes redefined (1 events):
Event: 0.114 Thread 0x000001f57d7b12c0 redefined class name=java.lang.Throwable, count=1

Internal exceptions (20 events):
Event: 5.152 Thread 0x000001f581558fe0 Exception <a 'sun/nio/fs/WindowsException'{0x000000064ab4cdf8}> (0x000000064ab4cdf8) 
thrown [s\src\hotspot\share\prims\jni.cpp, line 516]
Event: 5.152 Thread 0x000001f5815585c0 Exception <a 'sun/nio/fs/WindowsException'{0x000000064ab3d6b8}> (0x000000064ab3d6b8) 
thrown [s\src\hotspot\share\prims\jni.cpp, line 516]
Event: 5.152 Thread 0x000001f581558fe0 Exception <a 'sun/nio/fs/WindowsException'{0x000000064ab4d800}> (0x000000064ab4d800) 
thrown [s\src\hotspot\share\prims\jni.cpp, line 516]
Event: 5.153 Thread 0x000001f5815585c0 Exception <a 'sun/nio/fs/WindowsException'{0x000000064ab3e0e0}> (0x000000064ab3e0e0) 
thrown [s\src\hotspot\share\prims\jni.cpp, line 516]
Event: 5.153 Thread 0x000001f581558fe0 Exception <a 'sun/nio/fs/WindowsException'{0x000000064ab4db00}> (0x000000064ab4db00) 
thrown [s\src\hotspot\share\prims\jni.cpp, line 516]
Event: 5.153 Thread 0x000001f5815585c0 Exception <a 'sun/nio/fs/WindowsException'{0x000000064ab3e400}> (0x000000064ab3e400) 
thrown [s\src\hotspot\share\prims\jni.cpp, line 516]
Event: 5.153 Thread 0x000001f581558fe0 Exception <a 'sun/nio/fs/WindowsException'{0x000000064ab4e528}> (0x000000064ab4e528) 
thrown [s\src\hotspot\share\prims\jni.cpp, line 516]
Event: 5.153 Thread 0x000001f5815585c0 Exception <a 'sun/nio/fs/WindowsException'{0x000000064ab3ee40}> (0x000000064ab3ee40) 
thrown [s\src\hotspot\share\prims\jni.cpp, line 516]
Event: 5.153 Thread 0x000001f581558fe0 Exception <a 'sun/nio/fs/WindowsException'{0x000000064ab4e850}> (0x000000064ab4e850) 
thrown [s\src\hotspot\share\prims\jni.cpp, line 516]
Event: 5.153 Thread 0x000001f5815585c0 Exception <a 'sun/nio/fs/WindowsException'{0x000000064ab3f170}> (0x000000064ab3f170) 
thrown [s\src\hotspot\share\prims\jni.cpp, line 516]
Event: 5.153 Thread 0x000001f581558fe0 Exception <a 'sun/nio/fs/WindowsException'{0x000000064ab4f288}> (0x000000064ab4f288) 
thrown [s\src\hotspot\share\prims\jni.cpp, line 516]
Event: 5.154 Thread 0x000001f5815585c0 Exception <a 'sun/nio/fs/WindowsException'{0x000000064ab3fbc8}> (0x000000064ab3fbc8) 
thrown [s\src\hotspot\share\prims\jni.cpp, line 516]
Event: 5.154 Thread 0x000001f581558fe0 Exception <a 'sun/nio/fs/WindowsException'{0x000000064ab4f5c8}> (0x000000064ab4f5c8) 
thrown [s\src\hotspot\share\prims\jni.cpp, line 516]
Event: 5.154 Thread 0x000001f581558fe0 Exception <a 'sun/nio/fs/WindowsException'{0x000000064ab4fff8}> (0x000000064ab4fff8) 
thrown [s\src\hotspot\share\prims\jni.cpp, line 516]
Event: 5.154 Thread 0x000001f5815585c0 Exception <a 'sun/nio/fs/WindowsException'{0x000000064ab3ff18}> (0x000000064ab3ff18) 
thrown [s\src\hotspot\share\prims\jni.cpp, line 516]
Event: 5.154 Thread 0x000001f581558fe0 Exception <a 'sun/nio/fs/WindowsException'{0x000000064ab50328}> (0x000000064ab50328) 
thrown [s\src\hotspot\share\prims\jni.cpp, line 516]
Event: 5.154 Thread 0x000001f5815585c0 Exception <a 'sun/nio/fs/WindowsException'{0x000000064ab40968}> (0x000000064ab40968) 
thrown [s\src\hotspot\share\prims\jni.cpp, line 516]
Event: 5.154 Thread 0x000001f5815585c0 Exception <a 'sun/nio/fs/WindowsException'{0x000000064ab40cb8}> (0x000000064ab40cb8) 
thrown [s\src\hotspot\share\prims\jni.cpp, line 516]
Event: 5.508 Thread 0x000001f55cac80b0 Exception <a 'java/lang/NoSuchMethodError'{0x0000000646e38b90}: 'java.lang.Object java.lang.invoke.DirectMethodHandle$Holder.invokeInterface(java.lang.Object, java.lang.Object, java.lang.Object, java.lang.Object)'> (0x0000000646e38b90) 
thrown [s\src\hotspot\share\interpreter\linkResolver.cpp, line 759]
Event: 5.620 Thread 0x000001f55cac80b0 Implicit null exception at 0x000001f507e00567 to 0x000001f507e00abc

VM Operations (20 events):
Event: 4.739 Executing VM operation: G1CollectForAllocation done
Event: 4.786 Executing VM operation: HandshakeAllThreads
Event: 4.786 Executing VM operation: HandshakeAllThreads done
Event: 4.865 Executing VM operation: G1CollectForAllocation
Event: 4.867 Executing VM operation: G1CollectForAllocation done
Event: 5.094 Executing VM operation: G1CollectForAllocation
Event: 5.099 Executing VM operation: G1CollectForAllocation done
Event: 5.100 Executing VM operation: HandshakeAllThreads
Event: 5.100 Executing VM operation: HandshakeAllThreads done
Event: 5.117 Executing VM operation: HandshakeAllThreads
Event: 5.118 Executing VM operation: HandshakeAllThreads done
Event: 5.235 Executing VM operation: G1CollectForAllocation
Event: 5.239 Executing VM operation: G1CollectForAllocation done
Event: 5.306 Executing VM operation: HandshakeAllThreads
Event: 5.306 Executing VM operation: HandshakeAllThreads done
Event: 5.551 Executing VM operation: ICBufferFull
Event: 5.551 Executing VM operation: ICBufferFull done
Event: 5.583 Executing VM operation: HandshakeAllThreads
Event: 5.583 Executing VM operation: HandshakeAllThreads done
Event: 5.641 Executing VM operation: G1CollectForAllocation

Memory protections (0 events):
No events

Nmethod flushes (20 events):
Event: 2.888 Thread 0x000001f5166948a0 flushing  nmethod 0x000001f5009d8e90
Event: 2.888 Thread 0x000001f5166948a0 flushing  nmethod 0x000001f5009e6c90
Event: 2.888 Thread 0x000001f5166948a0 flushing  nmethod 0x000001f5009ebc90
Event: 2.888 Thread 0x000001f5166948a0 flushing  nmethod 0x000001f5009fb610
Event: 2.888 Thread 0x000001f5166948a0 flushing  nmethod 0x000001f500a25790
Event: 2.888 Thread 0x000001f5166948a0 flushing  nmethod 0x000001f500a2c510
Event: 2.888 Thread 0x000001f5166948a0 flushing  nmethod 0x000001f500a45410
Event: 2.888 Thread 0x000001f5166948a0 flushing  nmethod 0x000001f500a46290
Event: 2.888 Thread 0x000001f5166948a0 flushing  nmethod 0x000001f500a9f310
Event: 2.888 Thread 0x000001f5166948a0 flushing  nmethod 0x000001f500aa7190
Event: 2.888 Thread 0x000001f5166948a0 flushing  nmethod 0x000001f500aa8810
Event: 2.888 Thread 0x000001f5166948a0 flushing  nmethod 0x000001f500aa9e10
Event: 2.888 Thread 0x000001f5166948a0 flushing  nmethod 0x000001f500aaa290
Event: 2.888 Thread 0x000001f5166948a0 flushing  nmethod 0x000001f500aab990
Event: 2.888 Thread 0x000001f5166948a0 flushing  nmethod 0x000001f500aabd90
Event: 2.888 Thread 0x000001f5166948a0 flushing  nmethod 0x000001f500aacd10
Event: 2.888 Thread 0x000001f5166948a0 flushing  nmethod 0x000001f500aae110
Event: 2.888 Thread 0x000001f5166948a0 flushing  nmethod 0x000001f500aaf510
Event: 4.651 Thread 0x000001f5166948a0 flushing  nmethod 0x000001f5000b9c90
Event: 4.651 Thread 0x000001f5166948a0 flushing  nmethod 0x000001f5000ba810

Events (20 events):
Event: 5.279 Thread 0x000001f58155f010 Thread exited: 0x000001f58155f010
Event: 5.279 Thread 0x000001f58155e5f0 Thread exited: 0x000001f58155e5f0
Event: 5.279 Thread 0x000001f5815585c0 Thread exited: 0x000001f5815585c0
Event: 5.279 Thread 0x000001f581559a00 Thread exited: 0x000001f581559a00
Event: 5.279 Thread 0x000001f58155a420 Thread exited: 0x000001f58155a420
Event: 5.280 Thread 0x000001f581561380 Thread exited: 0x000001f581561380
Event: 5.280 Thread 0x000001f58155f520 Thread exited: 0x000001f58155f520
Event: 5.280 Thread 0x000001f5815580b0 Thread exited: 0x000001f5815580b0
Event: 5.280 Thread 0x000001f581558fe0 Thread exited: 0x000001f581558fe0
Event: 5.280 Thread 0x000001f58155bd70 Thread exited: 0x000001f58155bd70
Event: 5.280 Thread 0x000001f58155a930 Thread exited: 0x000001f58155a930
Event: 5.280 Thread 0x000001f58155e0e0 Thread exited: 0x000001f58155e0e0
Event: 5.281 Thread 0x000001f58155ae40 Thread exited: 0x000001f58155ae40
Event: 5.281 Thread 0x000001f58155ff40 Thread exited: 0x000001f58155ff40
Event: 5.281 Thread 0x000001f58155fa30 Thread exited: 0x000001f58155fa30
Event: 5.281 Thread 0x000001f58155cca0 Thread exited: 0x000001f58155cca0
Event: 5.281 Thread 0x000001f58155c280 Thread exited: 0x000001f58155c280
Event: 5.281 Thread 0x000001f581559f10 Thread exited: 0x000001f581559f10
Event: 5.281 Thread 0x000001f58155d6c0 Thread exited: 0x000001f58155d6c0
Event: 5.281 Thread 0x000001f5815622b0 Thread exited: 0x000001f5815622b0


Dynamic libraries:
0x00007ff616430000 - 0x00007ff61643e000 	D:\Java SDK\jdk17\bin\java.exe
0x00007ffb792e0000 - 0x00007ffb79545000 	C:\WINDOWS\SYSTEM32\ntdll.dll
0x00007ffb77570000 - 0x00007ffb77639000 	C:\WINDOWS\System32\KERNEL32.DLL
0x00007ffb76860000 - 0x00007ffb76c48000 	C:\WINDOWS\System32\KERNELBASE.dll
0x00007ffb76d10000 - 0x00007ffb76e5b000 	C:\WINDOWS\System32\ucrtbase.dll
0x00007ffb195b0000 - 0x00007ffb195cb000 	D:\Java SDK\jdk17\bin\VCRUNTIME140.dll
0x00007ffb244d0000 - 0x00007ffb244e9000 	D:\Java SDK\jdk17\bin\jli.dll
0x00007ffb78790000 - 0x00007ffb7895a000 	C:\WINDOWS\System32\USER32.dll
0x00007ffb65a90000 - 0x00007ffb65d2a000 	C:\WINDOWS\WinSxS\amd64_microsoft.windows.common-controls_6595b64144ccf1df_6.0.26100.4202_none_3e0698d4e335f517\COMCTL32.dll
0x00007ffb76ce0000 - 0x00007ffb76d07000 	C:\WINDOWS\System32\win32u.dll
0x00007ffb77ad0000 - 0x00007ffb77afb000 	C:\WINDOWS\System32\GDI32.dll
0x00007ffb771b0000 - 0x00007ffb77259000 	C:\WINDOWS\System32\msvcrt.dll
0x00007ffb76720000 - 0x00007ffb76857000 	C:\WINDOWS\System32\gdi32full.dll
0x00007ffb76430000 - 0x00007ffb764d3000 	C:\WINDOWS\System32\msvcp_win.dll
0x00007ffb77170000 - 0x00007ffb771a0000 	C:\WINDOWS\System32\IMM32.DLL
0x00007ffb4a620000 - 0x00007ffb4a62c000 	D:\Java SDK\jdk17\bin\vcruntime140_1.dll
0x00007ffacbea0000 - 0x00007ffacbf2d000 	D:\Java SDK\jdk17\bin\msvcp140.dll
0x00007ffac56a0000 - 0x00007ffac6314000 	D:\Java SDK\jdk17\bin\server\jvm.dll
0x00007ffb77640000 - 0x00007ffb776f3000 	C:\WINDOWS\System32\ADVAPI32.dll
0x00007ffb78960000 - 0x00007ffb78a06000 	C:\WINDOWS\System32\sechost.dll
0x00007ffb78670000 - 0x00007ffb78785000 	C:\WINDOWS\System32\RPCRT4.dll
0x00007ffb78ad0000 - 0x00007ffb78b44000 	C:\WINDOWS\System32\WS2_32.dll
0x00007ffb76280000 - 0x00007ffb762de000 	C:\WINDOWS\SYSTEM32\POWRPROF.dll
0x00007ffb6ee90000 - 0x00007ffb6eec5000 	C:\WINDOWS\SYSTEM32\WINMM.dll
0x00007ffb6fe50000 - 0x00007ffb6fe5b000 	C:\WINDOWS\SYSTEM32\VERSION.dll
0x00007ffb76260000 - 0x00007ffb76274000 	C:\WINDOWS\SYSTEM32\UMPDC.dll
0x00007ffb751b0000 - 0x00007ffb751cb000 	C:\WINDOWS\SYSTEM32\kernel.appcore.dll
0x00007ffb476d0000 - 0x00007ffb476da000 	D:\Java SDK\jdk17\bin\jimage.dll
0x00007ffb6add0000 - 0x00007ffb6b011000 	C:\WINDOWS\SYSTEM32\DBGHELP.DLL
0x00007ffb77c00000 - 0x00007ffb77f85000 	C:\WINDOWS\System32\combase.dll
0x00007ffb77f90000 - 0x00007ffb78071000 	C:\WINDOWS\System32\OLEAUT32.dll
0x00007ffb59a00000 - 0x00007ffb59a39000 	C:\WINDOWS\SYSTEM32\dbgcore.DLL
0x00007ffb76fe0000 - 0x00007ffb77079000 	C:\WINDOWS\System32\bcryptPrimitives.dll
0x00007ffaf0b50000 - 0x00007ffaf0b8b000 	D:\Java SDK\jdk17\bin\jdwp.dll
0x00007ffb466b0000 - 0x00007ffb466be000 	D:\Java SDK\jdk17\bin\instrument.dll
0x00007ffacbe70000 - 0x00007ffacbe95000 	D:\Java SDK\jdk17\bin\java.dll
0x00007ffb09ce0000 - 0x00007ffb09cf8000 	D:\Java SDK\jdk17\bin\zip.dll
0x00007ffac55c0000 - 0x00007ffac5697000 	D:\Java SDK\jdk17\bin\jsvml.dll
0x00007ffb78b50000 - 0x00007ffb79292000 	C:\WINDOWS\System32\SHELL32.dll
0x00007ffb765a0000 - 0x00007ffb76714000 	C:\WINDOWS\System32\wintypes.dll
0x00007ffb74070000 - 0x00007ffb748c8000 	C:\WINDOWS\SYSTEM32\windows.storage.dll
0x00007ffb77b00000 - 0x00007ffb77bf1000 	C:\WINDOWS\System32\SHCORE.dll
0x00007ffb77500000 - 0x00007ffb7756a000 	C:\WINDOWS\System32\shlwapi.dll
0x00007ffb76340000 - 0x00007ffb7636f000 	C:\WINDOWS\SYSTEM32\profapi.dll
0x00007ffb4aaa0000 - 0x00007ffb4aaac000 	D:\Java SDK\jdk17\bin\dt_socket.dll
0x00007ffb74bc0000 - 0x00007ffb74bf3000 	C:\WINDOWS\SYSTEM32\IPHLPAPI.DLL
0x00007ffb75700000 - 0x00007ffb7576a000 	C:\WINDOWS\system32\mswsock.dll
0x00007ffb032a0000 - 0x00007ffb032b9000 	D:\Java SDK\jdk17\bin\net.dll
0x00007ffb6fbb0000 - 0x00007ffb6fcce000 	C:\WINDOWS\SYSTEM32\WINHTTP.dll
0x00007ffaf3f10000 - 0x00007ffaf3f26000 	D:\Java SDK\jdk17\bin\nio.dll
0x00007ffb248a0000 - 0x00007ffb248a9000 	D:\Java SDK\jdk17\bin\management.dll
0x00007ffb24890000 - 0x00007ffb2489b000 	D:\Java SDK\jdk17\bin\management_ext.dll
0x00007ffb78ac0000 - 0x00007ffb78ac8000 	C:\WINDOWS\System32\PSAPI.DLL
0x00007ffb23980000 - 0x00007ffb2398e000 	D:\Java SDK\jdk17\bin\sunmscapi.dll
0x00007ffb76e60000 - 0x00007ffb76fd7000 	C:\WINDOWS\System32\CRYPT32.dll
0x00007ffb75c30000 - 0x00007ffb75c60000 	C:\WINDOWS\SYSTEM32\ncrypt.dll
0x00007ffb75be0000 - 0x00007ffb75c1f000 	C:\WINDOWS\SYSTEM32\NTASN1.dll
0x00007ffb75ae0000 - 0x00007ffb75afb000 	C:\WINDOWS\SYSTEM32\CRYPTSP.dll
0x00007ffb75110000 - 0x00007ffb7514a000 	C:\WINDOWS\system32\rsaenh.dll
0x00007ffb757a0000 - 0x00007ffb757cb000 	C:\WINDOWS\SYSTEM32\USERENV.dll
0x00007ffb76310000 - 0x00007ffb76336000 	C:\WINDOWS\SYSTEM32\bcrypt.dll
0x00007ffb75940000 - 0x00007ffb7594c000 	C:\WINDOWS\SYSTEM32\CRYPTBASE.dll
0x00007ffb77090000 - 0x00007ffb7709a000 	C:\WINDOWS\System32\NSI.dll
0x00007ffb6fe60000 - 0x00007ffb6fe7f000 	C:\WINDOWS\SYSTEM32\dhcpcsvc6.DLL
0x00007ffb6fb80000 - 0x00007ffb6fba5000 	C:\WINDOWS\SYSTEM32\dhcpcsvc.DLL
0x00007ffb74c00000 - 0x00007ffb74d27000 	C:\WINDOWS\SYSTEM32\DNSAPI.dll
0x00007ffb6c830000 - 0x00007ffb6c83b000 	C:\Windows\System32\rasadhlp.dll
0x00007ffb6f330000 - 0x00007ffb6f3b6000 	C:\WINDOWS\System32\fwpuclnt.dll
0x00007ffb23d60000 - 0x00007ffb23d69000 	D:\Java SDK\jdk17\bin\extnet.dll
0x00007ffb54370000 - 0x00007ffb54380000 	D:\Java SDK\jdk17\bin\verify.dll

dbghelp: loaded successfully - version: 4.0.5 - missing functions: none
symbol engine: initialized successfully - sym options: 0x614 - pdb path: .;D:\Java SDK\jdk17\bin;C:\WINDOWS\SYSTEM32;C:\WINDOWS\WinSxS\amd64_microsoft.windows.common-controls_6595b64144ccf1df_6.0.26100.4202_none_3e0698d4e335f517;D:\Java SDK\jdk17\bin\server

VM Arguments:
jvm_args: -Ddebugger.agent.enable.coroutines=true -Dkotlinx.coroutines.debug.enable.creation.stack.trace=false -Dkotlinx.coroutines.debug.enable.flows.stack.trace=true -Dkotlinx.coroutines.debug.enable.mutable.state.flows.stack.trace=true -agentlib:jdwp=transport=dt_socket,server=n,suspend=y,address=127.0.0.1:49656 -javaagent:C:\Users\USER\AppData\Local\JetBrains\IdeaIC2024.3\captureAgent\debugger-agent.jar -Dfile.encoding=UTF-8 -Duser.country=CO -Duser.language=es -Duser.variant 
java_command: com.davivienda.kata.KataApplication
java_class_path (initial): D:\GitHub\kata-davivienda-backend\build\classes\java\main;D:\GitHub\kata-davivienda-backend\build\resources\main;C:\Users\USER\.gradle\caches\modules-2\files-2.1\org.springframework.boot\spring-boot-devtools\3.5.3\43d1c8a49d3c3e1e8dde3e067ecef048c073072f\spring-boot-devtools-3.5.3.jar;C:\Users\USER\.gradle\caches\modules-2\files-2.1\org.springframework.boot\spring-boot-starter-data-jpa\3.5.3\8494346cf0bdb148ef29d5f41647b0cd6908ad7d\spring-boot-starter-data-jpa-3.5.3.jar;C:\Users\USER\.gradle\caches\modules-2\files-2.1\org.springframework.boot\spring-boot-starter-security\3.5.3\7267fd219fc2508fff6f9991a5fee1aa28a28e85\spring-boot-starter-security-3.5.3.jar;C:\Users\USER\.gradle\caches\modules-2\files-2.1\org.springframework.boot\spring-boot-starter-web\3.5.3\4ba7817f958e9a0b0f642af98440affd0c7e2ee0\spring-boot-starter-web-3.5.3.jar;C:\Users\USER\.gradle\caches\modules-2\files-2.1\org.springframework.boot\spring-boot-starter-validation\3.5.3\aaa11ca06f6701717dd7f07666079285e1a566bb\spring-boot-starter-validation-3.5.3.jar;C:\Users\USER\.gradle\caches\modules-2\files-2.1\io.jsonwebtoken\jjwt\0.12.6\3ec582b34a9fd6a2081ea663993d2881a0c1dba2\jjwt-0.12.6.jar;C:\Users\USER\.gradle\caches\modules-2\files-2.1\org.springdoc\springdoc-openapi-ui\1.6.11\994a2f535c251aab0b8a6b6ba84a6863554192c3\springdoc-openapi-ui-1.6.11.jar;C:\Users\USER\.gradle\caches\modules-2\files-2.1\org.postgresql\postgresql\42.7.7\67f8093e8d8104c74bbf588392ac3229803f5d17\postgresql-42.7.7.jar;C:\Users\USER\.gradle\caches\modules-2\files-2.1\org.springframework.boot\spring-boot-starter-jdbc\3.5.3\427ff2d6cc12a5e503b1be8508db08f0c05098c0\spring-boot-starter-jdbc-3.5.3.jar;C:\Users\USER\.gradle\caches\modules-2\files-2.1\org.springframework.boot\spring-boot-starter-json\3.5.3\fe424c3edf444e65e3c3331a1538d31396225a3b\spring-boot-starter-json-3.5.3.jar;C:\Users\USER\.gradle\caches\modules-2\files-2.1\org.springframework.boot\spring-boot-starter\3.5.3\b978e45d89b92eedaa09d0993bed91
Launcher Type: SUN_STANDARD

[Global flags]
     intx CICompilerCount                          = 12                                        {product} {ergonomic}
     uint ConcGCThreads                            = 3                                         {product} {ergonomic}
     uint G1ConcRefinementThreads                  = 13                                        {product} {ergonomic}
   size_t G1HeapRegionSize                         = 4194304                                   {product} {ergonomic}
    uintx GCDrainStackTargetSize                   = 64                                        {product} {ergonomic}
   size_t InitialHeapSize                          = 469762048                                 {product} {ergonomic}
   size_t MarkStackSize                            = 4194304                                   {product} {ergonomic}
   size_t MaxHeapSize                              = 7491026944                                {product} {ergonomic}
   size_t MaxNewSize                               = 4492099584                                {product} {ergonomic}
   size_t MinHeapDeltaBytes                        = 4194304                                   {product} {ergonomic}
   size_t MinHeapSize                              = 8388608                                   {product} {ergonomic}
    uintx NonNMethodCodeHeapSize                   = 7602480                                {pd product} {ergonomic}
    uintx NonProfiledCodeHeapSize                  = 122027880                              {pd product} {ergonomic}
    uintx ProfiledCodeHeapSize                     = 122027880                              {pd product} {ergonomic}
    uintx ReservedCodeCacheSize                    = 251658240                              {pd product} {ergonomic}
     bool SegmentedCodeCache                       = true                                      {product} {ergonomic}
   size_t SoftMaxHeapSize                          = 7491026944                             {manageable} {ergonomic}
     bool UseCompressedClassPointers               = true                           {product lp64_product} {ergonomic}
     bool UseCompressedOops                        = true                           {product lp64_product} {ergonomic}
     bool UseG1GC                                  = true                                      {product} {ergonomic}
     bool UseLargePagesIndividualAllocation        = false                                  {pd product} {ergonomic}

Logging:
Log output configuration:
 #0: stdout all=warning uptime,level,tags
 #1: stderr all=off uptime,level,tags

Environment Variables:
JAVA_HOME=D:\Java SDK\jdk17
PATH=C:\WINDOWS\system32;C:\WINDOWS;C:\WINDOWS\System32\Wbem;C:\WINDOWS\System32\WindowsPowerShell\v1.0\;C:\WINDOWS\System32\OpenSSH\;D:\Git\cmd;D:\Java SDK\jdk17\bin;D:\flutter\bin;D:\Windows Kits\10\Windows Performance Toolkit\;C:\Program Files\Docker\Docker\resources\bin;D:\Program Files\nodejs\;C:\Users\USER\AppData\Local\Microsoft\WindowsApps;C:\Users\USER\AppData\Local\GitHubDesktop\bin;D:\Program Files\Microsoft VS Code\bin;D:\Program Files\JetBrains\IntelliJ IDEA Community Edition 2024.3.1.1\bin;;C:\Users\USER\AppData\Roaming\npm
USERNAME=USER
OS=Windows_NT
PROCESSOR_IDENTIFIER=AMD64 Family 25 Model 80 Stepping 0, AuthenticAMD
TMP=C:\Users\USER\AppData\Local\Temp
TEMP=C:\Users\USER\AppData\Local\Temp



Periodic native trim disabled


---------------  S Y S T E M  ---------------

OS:
 Windows 11 , 64 bit Build 26100 (10.0.26100.4202)
OS uptime: 0 days 16:44 hours
Hyper-V role detected

CPU: total 16 (initial active 16) (16 cores per cpu, 2 threads per core) family 25 model 80 stepping 0 microcode 0xa50000c, cx8, cmov, fxsr, ht, mmx, 3dnowpref, sse, sse2, sse3, ssse3, sse4a, sse4.1, sse4.2, popcnt, lzcnt, tsc, tscinvbit, avx, avx2, aes, erms, clmul, bmi1, bmi2, adx, sha, fma, vzeroupper, clflush, clflushopt, hv
Processor Information for all 16 processors :
  Max Mhz: 3801, Current Mhz: 3801, Mhz Limit: 3801

Memory: 4k page, system-wide physical 28565M (9195M free)
TotalPageFile size 32661M (AvailPageFile size 142M)
current process WorkingSet (physical memory assigned to process): 620M, peak: 664M
current process commit charge ("private bytes"): 712M, peak: 844M

vm_info: OpenJDK 64-Bit Server VM (17.0.13+11-LTS) for windows-amd64 JRE (17.0.13+11-LTS) (Zulu17.54+21-CA), built on Oct  1 2024 15:07:38 by "zulu_re" with MS VC++ 16.10 / 16.11 (VS2019)

END.
